{"C:\\Users\\renzo\\Desktop\\Proyecto Windsurf\\server.js": {"path":"C:\\Users\\renzo\\Desktop\\Proyecto Windsurf\\server.js","statementMap":{"0":{"start":{"line":1,"column":16},"end":{"line":1,"column":34}},"1":{"start":{"line":2,"column":13},"end":{"line":2,"column":28}},"2":{"start":{"line":3,"column":13},"end":{"line":3,"column":28}},"3":{"start":{"line":4,"column":15},"end":{"line":4,"column":32}},"4":{"start":{"line":5,"column":20},"end":{"line":5,"column":42}},"5":{"start":{"line":6,"column":18},"end":{"line":6,"column":47}},"6":{"start":{"line":7,"column":23},"end":{"line":7,"column":38}},"7":{"start":{"line":10,"column":16},"end":{"line":10,"column":53}},"8":{"start":{"line":11,"column":0},"end":{"line":13,"column":1}},"9":{"start":{"line":12,"column":2},"end":{"line":12,"column":29}},"10":{"start":{"line":16,"column":13},"end":{"line":16,"column":37}},"11":{"start":{"line":17,"column":25},"end":{"line":17,"column":51}},"12":{"start":{"line":18,"column":18},"end":{"line":18,"column":43}},"13":{"start":{"line":19,"column":26},"end":{"line":19,"column":58}},"14":{"start":{"line":20,"column":20},"end":{"line":20,"column":45}},"15":{"start":{"line":21,"column":21},"end":{"line":21,"column":47}},"16":{"start":{"line":22,"column":16},"end":{"line":22,"column":42}},"17":{"start":{"line":23,"column":18},"end":{"line":23,"column":55}},"18":{"start":{"line":24,"column":15},"end":{"line":24,"column":32}},"19":{"start":{"line":26,"column":12},"end":{"line":26,"column":21}},"20":{"start":{"line":27,"column":13},"end":{"line":27,"column":37}},"21":{"start":{"line":32,"column":0},"end":{"line":45,"column":2}},"22":{"start":{"line":48,"column":18},"end":{"line":51,"column":1}},"23":{"start":{"line":52,"column":20},"end":{"line":61,"column":1}},"24":{"start":{"line":54,"column":4},"end":{"line":58,"column":5}},"25":{"start":{"line":55,"column":6},"end":{"line":55,"column":27}},"26":{"start":{"line":57,"column":6},"end":{"line":57,"column":49}},"27":{"start":{"line":62,"column":0},"end":{"line":62,"column":27}},"28":{"start":{"line":65,"column":0},"end":{"line":65,"column":23}},"29":{"start":{"line":68,"column":19},"end":{"line":74,"column":2}},"30":{"start":{"line":77,"column":0},"end":{"line":91,"column":3}},"31":{"start":{"line":78,"column":20},"end":{"line":78,"column":28}},"32":{"start":{"line":79,"column":20},"end":{"line":79,"column":36}},"33":{"start":{"line":80,"column":2},"end":{"line":80,"column":43}},"34":{"start":{"line":82,"column":2},"end":{"line":82,"column":69}},"35":{"start":{"line":84,"column":2},"end":{"line":88,"column":5}},"36":{"start":{"line":85,"column":17},"end":{"line":85,"column":42}},"37":{"start":{"line":86,"column":25},"end":{"line":86,"column":68}},"38":{"start":{"line":87,"column":4},"end":{"line":87,"column":76}},"39":{"start":{"line":90,"column":2},"end":{"line":90,"column":9}},"40":{"start":{"line":96,"column":0},"end":{"line":98,"column":1}},"41":{"start":{"line":97,"column":4},"end":{"line":97,"column":30}},"42":{"start":{"line":101,"column":0},"end":{"line":101,"column":24}},"43":{"start":{"line":102,"column":0},"end":{"line":102,"column":56}},"44":{"start":{"line":105,"column":0},"end":{"line":119,"column":4}},"45":{"start":{"line":122,"column":0},"end":{"line":128,"column":3}},"46":{"start":{"line":123,"column":4},"end":{"line":127,"column":5}},"47":{"start":{"line":124,"column":8},"end":{"line":124,"column":67}},"48":{"start":{"line":126,"column":8},"end":{"line":126,"column":48}},"49":{"start":{"line":131,"column":0},"end":{"line":131,"column":60}},"50":{"start":{"line":132,"column":0},"end":{"line":132,"column":47}},"51":{"start":{"line":135,"column":0},"end":{"line":135,"column":33}},"52":{"start":{"line":136,"column":0},"end":{"line":136,"column":37}},"53":{"start":{"line":141,"column":4},"end":{"line":149,"column":5}},"54":{"start":{"line":142,"column":8},"end":{"line":142,"column":33}},"55":{"start":{"line":143,"column":8},"end":{"line":143,"column":65}},"56":{"start":{"line":144,"column":8},"end":{"line":144,"column":19}},"57":{"start":{"line":147,"column":8},"end":{"line":147,"column":68}},"58":{"start":{"line":148,"column":8},"end":{"line":148,"column":24}},"59":{"start":{"line":153,"column":19},"end":{"line":153,"column":32}},"60":{"start":{"line":156,"column":0},"end":{"line":162,"column":1}},"61":{"start":{"line":157,"column":4},"end":{"line":161,"column":7}},"62":{"start":{"line":158,"column":8},"end":{"line":160,"column":11}},"63":{"start":{"line":159,"column":12},"end":{"line":159,"column":67}},"64":{"start":{"line":164,"column":0},"end":{"line":164,"column":28}}},"fnMap":{"0":{"name":"(anonymous_0)","decl":{"start":{"line":53,"column":10},"end":{"line":53,"column":11}},"loc":{"start":{"line":53,"column":32},"end":{"line":59,"column":3}},"line":53},"1":{"name":"(anonymous_1)","decl":{"start":{"line":77,"column":8},"end":{"line":77,"column":9}},"loc":{"start":{"line":77,"column":28},"end":{"line":91,"column":1}},"line":77},"2":{"name":"(anonymous_2)","decl":{"start":{"line":84,"column":19},"end":{"line":84,"column":20}},"loc":{"start":{"line":84,"column":25},"end":{"line":88,"column":3}},"line":84},"3":{"name":"(anonymous_3)","decl":{"start":{"line":122,"column":23},"end":{"line":122,"column":24}},"loc":{"start":{"line":122,"column":37},"end":{"line":128,"column":1}},"line":122},"4":{"name":"startServer","decl":{"start":{"line":140,"column":15},"end":{"line":140,"column":26}},"loc":{"start":{"line":140,"column":29},"end":{"line":150,"column":1}},"line":140},"5":{"name":"(anonymous_5)","decl":{"start":{"line":157,"column":20},"end":{"line":157,"column":21}},"loc":{"start":{"line":157,"column":27},"end":{"line":161,"column":5}},"line":157},"6":{"name":"(anonymous_6)","decl":{"start":{"line":158,"column":25},"end":{"line":158,"column":26}},"loc":{"start":{"line":158,"column":31},"end":{"line":160,"column":9}},"line":158}},"branchMap":{"0":{"loc":{"start":{"line":11,"column":0},"end":{"line":13,"column":1}},"type":"if","locations":[{"start":{"line":11,"column":0},"end":{"line":13,"column":1}},{"start":{},"end":{}}],"line":11},"1":{"loc":{"start":{"line":27,"column":13},"end":{"line":27,"column":37}},"type":"binary-expr","locations":[{"start":{"line":27,"column":13},"end":{"line":27,"column":29}},{"start":{"line":27,"column":33},"end":{"line":27,"column":37}}],"line":27},"2":{"loc":{"start":{"line":54,"column":4},"end":{"line":58,"column":5}},"type":"if","locations":[{"start":{"line":54,"column":4},"end":{"line":58,"column":5}},{"start":{"line":56,"column":11},"end":{"line":58,"column":5}}],"line":54},"3":{"loc":{"start":{"line":54,"column":8},"end":{"line":54,"column":45}},"type":"binary-expr","locations":[{"start":{"line":54,"column":8},"end":{"line":54,"column":15}},{"start":{"line":54,"column":19},"end":{"line":54,"column":45}}],"line":54},"4":{"loc":{"start":{"line":96,"column":0},"end":{"line":98,"column":1}},"type":"if","locations":[{"start":{"line":96,"column":0},"end":{"line":98,"column":1}},{"start":{},"end":{}}],"line":96},"5":{"loc":{"start":{"line":123,"column":4},"end":{"line":127,"column":5}},"type":"if","locations":[{"start":{"line":123,"column":4},"end":{"line":127,"column":5}},{"start":{"line":125,"column":11},"end":{"line":127,"column":5}}],"line":123},"6":{"loc":{"start":{"line":156,"column":0},"end":{"line":162,"column":1}},"type":"if","locations":[{"start":{"line":156,"column":0},"end":{"line":162,"column":1}},{"start":{},"end":{}}],"line":156}},"s":{"0":1,"1":1,"2":1,"3":1,"4":1,"5":1,"6":1,"7":1,"8":1,"9":1,"10":1,"11":1,"12":1,"13":1,"14":1,"15":1,"16":1,"17":1,"18":1,"19":1,"20":1,"21":1,"22":1,"23":1,"24":8,"25":8,"26":0,"27":1,"28":1,"29":1,"30":1,"31":8,"32":8,"33":8,"34":8,"35":8,"36":8,"37":8,"38":8,"39":8,"40":1,"41":0,"42":1,"43":1,"44":1,"45":1,"46":0,"47":0,"48":0,"49":1,"50":1,"51":1,"52":1,"53":1,"54":1,"55":1,"56":1,"57":0,"58":0,"59":1,"60":1,"61":0,"62":0,"63":0,"64":1},"f":{"0":8,"1":8,"2":8,"3":0,"4":1,"5":0,"6":0},"b":{"0":[1,0],"1":[1,0],"2":[8,0],"3":[8,0],"4":[0,1],"5":[0,0],"6":[0,1]},"_coverageSchema":"1a1c01bbd47fc00a2c39e90264f33305004495a9","hash":"ab8032b2d8dd74097fe9f6b7dc702c421b47e8af"}
,"C:\\Users\\renzo\\Desktop\\Proyecto Windsurf\\routes\\admin.js": {"path":"C:\\Users\\renzo\\Desktop\\Proyecto Windsurf\\routes\\admin.js","statementMap":{"0":{"start":{"line":1,"column":16},"end":{"line":1,"column":34}},"1":{"start":{"line":2,"column":15},"end":{"line":2,"column":31}},"2":{"start":{"line":3,"column":15},"end":{"line":3,"column":32}},"3":{"start":{"line":4,"column":13},"end":{"line":4,"column":38}},"4":{"start":{"line":7,"column":19},"end":{"line":13,"column":1}},"5":{"start":{"line":8,"column":4},"end":{"line":12,"column":5}},"6":{"start":{"line":9,"column":8},"end":{"line":9,"column":15}},"7":{"start":{"line":11,"column":8},"end":{"line":11,"column":65}},"8":{"start":{"line":18,"column":0},"end":{"line":40,"column":3}},"9":{"start":{"line":19,"column":25},"end":{"line":19,"column":33}},"10":{"start":{"line":22,"column":4},"end":{"line":25,"column":5}},"11":{"start":{"line":23,"column":8},"end":{"line":23,"column":105}},"12":{"start":{"line":24,"column":8},"end":{"line":24,"column":103}},"13":{"start":{"line":27,"column":4},"end":{"line":39,"column":5}},"14":{"start":{"line":30,"column":8},"end":{"line":35,"column":9}},"15":{"start":{"line":31,"column":12},"end":{"line":31,"column":39}},"16":{"start":{"line":32,"column":12},"end":{"line":32,"column":40}},"17":{"start":{"line":34,"column":12},"end":{"line":34,"column":86}},"18":{"start":{"line":37,"column":8},"end":{"line":37,"column":68}},"19":{"start":{"line":38,"column":8},"end":{"line":38,"column":87}},"20":{"start":{"line":43,"column":0},"end":{"line":51,"column":3}},"21":{"start":{"line":44,"column":4},"end":{"line":50,"column":7}},"22":{"start":{"line":45,"column":8},"end":{"line":47,"column":9}},"23":{"start":{"line":46,"column":12},"end":{"line":46,"column":83}},"24":{"start":{"line":48,"column":8},"end":{"line":48,"column":39}},"25":{"start":{"line":49,"column":8},"end":{"line":49,"column":36}},"26":{"start":{"line":54,"column":0},"end":{"line":56,"column":3}},"27":{"start":{"line":55,"column":4},"end":{"line":55,"column":49}},"28":{"start":{"line":61,"column":0},"end":{"line":96,"column":3}},"29":{"start":{"line":62,"column":29},"end":{"line":62,"column":38}},"30":{"start":{"line":63,"column":16},"end":{"line":70,"column":5}},"31":{"start":{"line":71,"column":19},"end":{"line":71,"column":21}},"32":{"start":{"line":72,"column":25},"end":{"line":72,"column":26}},"33":{"start":{"line":74,"column":4},"end":{"line":85,"column":5}},"34":{"start":{"line":75,"column":8},"end":{"line":75,"column":26}},"35":{"start":{"line":76,"column":8},"end":{"line":79,"column":9}},"36":{"start":{"line":77,"column":12},"end":{"line":77,"column":56}},"37":{"start":{"line":78,"column":12},"end":{"line":78,"column":32}},"38":{"start":{"line":80,"column":8},"end":{"line":84,"column":9}},"39":{"start":{"line":81,"column":12},"end":{"line":81,"column":51}},"40":{"start":{"line":81,"column":35},"end":{"line":81,"column":51}},"41":{"start":{"line":82,"column":12},"end":{"line":82,"column":72}},"42":{"start":{"line":83,"column":12},"end":{"line":83,"column":30}},"43":{"start":{"line":87,"column":4},"end":{"line":87,"column":43}},"44":{"start":{"line":89,"column":4},"end":{"line":95,"column":5}},"45":{"start":{"line":90,"column":23},"end":{"line":90,"column":54}},"46":{"start":{"line":91,"column":8},"end":{"line":91,"column":30}},"47":{"start":{"line":93,"column":8},"end":{"line":93,"column":75}},"48":{"start":{"line":94,"column":8},"end":{"line":94,"column":71}},"49":{"start":{"line":99,"column":0},"end":{"line":139,"column":3}},"50":{"start":{"line":100,"column":4},"end":{"line":138,"column":5}},"51":{"start":{"line":101,"column":28},"end":{"line":101,"column":96}},"52":{"start":{"line":102,"column":29},"end":{"line":112,"column":9}},"53":{"start":{"line":113,"column":35},"end":{"line":121,"column":9}},"54":{"start":{"line":123,"column":67},"end":{"line":127,"column":10}},"55":{"start":{"line":129,"column":8},"end":{"line":133,"column":11}},"56":{"start":{"line":136,"column":8},"end":{"line":136,"column":75}},"57":{"start":{"line":137,"column":8},"end":{"line":137,"column":71}},"58":{"start":{"line":142,"column":0},"end":{"line":166,"column":3}},"59":{"start":{"line":143,"column":4},"end":{"line":165,"column":5}},"60":{"start":{"line":144,"column":23},"end":{"line":160,"column":10}},"61":{"start":{"line":161,"column":8},"end":{"line":161,"column":30}},"62":{"start":{"line":163,"column":8},"end":{"line":163,"column":57}},"63":{"start":{"line":164,"column":8},"end":{"line":164,"column":71}},"64":{"start":{"line":169,"column":0},"end":{"line":195,"column":3}},"65":{"start":{"line":170,"column":19},"end":{"line":170,"column":29}},"66":{"start":{"line":171,"column":4},"end":{"line":194,"column":5}},"67":{"start":{"line":172,"column":23},"end":{"line":184,"column":16}},"68":{"start":{"line":186,"column":8},"end":{"line":188,"column":9}},"69":{"start":{"line":187,"column":12},"end":{"line":187,"column":76}},"70":{"start":{"line":190,"column":8},"end":{"line":190,"column":33}},"71":{"start":{"line":192,"column":8},"end":{"line":192,"column":56}},"72":{"start":{"line":193,"column":8},"end":{"line":193,"column":71}},"73":{"start":{"line":198,"column":0},"end":{"line":230,"column":3}},"74":{"start":{"line":199,"column":120},"end":{"line":199,"column":128}},"75":{"start":{"line":201,"column":4},"end":{"line":203,"column":5}},"76":{"start":{"line":202,"column":8},"end":{"line":202,"column":82}},"77":{"start":{"line":205,"column":4},"end":{"line":229,"column":5}},"78":{"start":{"line":207,"column":27},"end":{"line":207,"column":94}},"79":{"start":{"line":208,"column":8},"end":{"line":210,"column":9}},"80":{"start":{"line":209,"column":12},"end":{"line":209,"column":85}},"81":{"start":{"line":213,"column":25},"end":{"line":213,"column":115}},"82":{"start":{"line":214,"column":8},"end":{"line":216,"column":9}},"83":{"start":{"line":215,"column":12},"end":{"line":215,"column":105}},"84":{"start":{"line":219,"column":23},"end":{"line":223,"column":116}},"85":{"start":{"line":225,"column":8},"end":{"line":225,"column":45}},"86":{"start":{"line":227,"column":8},"end":{"line":227,"column":54}},"87":{"start":{"line":228,"column":8},"end":{"line":228,"column":66}},"88":{"start":{"line":233,"column":0},"end":{"line":271,"column":3}},"89":{"start":{"line":234,"column":19},"end":{"line":234,"column":29}},"90":{"start":{"line":235,"column":19},"end":{"line":235,"column":39}},"91":{"start":{"line":237,"column":4},"end":{"line":270,"column":5}},"92":{"start":{"line":238,"column":8},"end":{"line":238,"column":36}},"93":{"start":{"line":240,"column":31},"end":{"line":240,"column":96}},"94":{"start":{"line":241,"column":8},"end":{"line":243,"column":9}},"95":{"start":{"line":242,"column":12},"end":{"line":242,"column":53}},"96":{"start":{"line":244,"column":33},"end":{"line":244,"column":55}},"97":{"start":{"line":246,"column":23},"end":{"line":254,"column":9}},"98":{"start":{"line":256,"column":23},"end":{"line":259,"column":9}},"99":{"start":{"line":261,"column":8},"end":{"line":261,"column":37}},"100":{"start":{"line":262,"column":8},"end":{"line":262,"column":33}},"101":{"start":{"line":265,"column":8},"end":{"line":265,"column":39}},"102":{"start":{"line":266,"column":8},"end":{"line":266,"column":67}},"103":{"start":{"line":267,"column":8},"end":{"line":267,"column":90}},"104":{"start":{"line":269,"column":8},"end":{"line":269,"column":25}},"105":{"start":{"line":274,"column":0},"end":{"line":306,"column":3}},"106":{"start":{"line":275,"column":19},"end":{"line":275,"column":29}},"107":{"start":{"line":276,"column":19},"end":{"line":276,"column":39}},"108":{"start":{"line":278,"column":4},"end":{"line":305,"column":5}},"109":{"start":{"line":279,"column":8},"end":{"line":279,"column":36}},"110":{"start":{"line":281,"column":34},"end":{"line":284,"column":9}},"111":{"start":{"line":286,"column":8},"end":{"line":288,"column":9}},"112":{"start":{"line":287,"column":12},"end":{"line":287,"column":94}},"113":{"start":{"line":290,"column":23},"end":{"line":290,"column":98}},"114":{"start":{"line":292,"column":8},"end":{"line":294,"column":9}},"115":{"start":{"line":293,"column":12},"end":{"line":293,"column":53}},"116":{"start":{"line":296,"column":8},"end":{"line":296,"column":37}},"117":{"start":{"line":297,"column":8},"end":{"line":297,"column":64}},"118":{"start":{"line":300,"column":8},"end":{"line":300,"column":39}},"119":{"start":{"line":301,"column":8},"end":{"line":301,"column":65}},"120":{"start":{"line":302,"column":8},"end":{"line":302,"column":88}},"121":{"start":{"line":304,"column":8},"end":{"line":304,"column":25}},"122":{"start":{"line":309,"column":0},"end":{"line":332,"column":3}},"123":{"start":{"line":310,"column":19},"end":{"line":310,"column":29}},"124":{"start":{"line":311,"column":23},"end":{"line":311,"column":31}},"125":{"start":{"line":313,"column":4},"end":{"line":315,"column":5}},"126":{"start":{"line":314,"column":8},"end":{"line":314,"column":66}},"127":{"start":{"line":317,"column":4},"end":{"line":331,"column":5}},"128":{"start":{"line":318,"column":23},"end":{"line":321,"column":9}},"129":{"start":{"line":323,"column":8},"end":{"line":325,"column":9}},"130":{"start":{"line":324,"column":12},"end":{"line":324,"column":80}},"131":{"start":{"line":327,"column":8},"end":{"line":327,"column":33}},"132":{"start":{"line":329,"column":8},"end":{"line":329,"column":73}},"133":{"start":{"line":330,"column":8},"end":{"line":330,"column":75}},"134":{"start":{"line":334,"column":0},"end":{"line":334,"column":24}}},"fnMap":{"0":{"name":"(anonymous_0)","decl":{"start":{"line":7,"column":19},"end":{"line":7,"column":20}},"loc":{"start":{"line":7,"column":39},"end":{"line":13,"column":1}},"line":7},"1":{"name":"(anonymous_1)","decl":{"start":{"line":18,"column":22},"end":{"line":18,"column":23}},"loc":{"start":{"line":18,"column":42},"end":{"line":40,"column":1}},"line":18},"2":{"name":"(anonymous_2)","decl":{"start":{"line":43,"column":23},"end":{"line":43,"column":24}},"loc":{"start":{"line":43,"column":37},"end":{"line":51,"column":1}},"line":43},"3":{"name":"(anonymous_3)","decl":{"start":{"line":44,"column":24},"end":{"line":44,"column":25}},"loc":{"start":{"line":44,"column":31},"end":{"line":50,"column":5}},"line":44},"4":{"name":"(anonymous_4)","decl":{"start":{"line":54,"column":22},"end":{"line":54,"column":23}},"loc":{"start":{"line":54,"column":36},"end":{"line":56,"column":1}},"line":54},"5":{"name":"(anonymous_5)","decl":{"start":{"line":61,"column":40},"end":{"line":61,"column":41}},"loc":{"start":{"line":61,"column":60},"end":{"line":96,"column":1}},"line":61},"6":{"name":"(anonymous_6)","decl":{"start":{"line":99,"column":37},"end":{"line":99,"column":38}},"loc":{"start":{"line":99,"column":57},"end":{"line":139,"column":1}},"line":99},"7":{"name":"(anonymous_7)","decl":{"start":{"line":142,"column":37},"end":{"line":142,"column":38}},"loc":{"start":{"line":142,"column":57},"end":{"line":166,"column":1}},"line":142},"8":{"name":"(anonymous_8)","decl":{"start":{"line":169,"column":41},"end":{"line":169,"column":42}},"loc":{"start":{"line":169,"column":61},"end":{"line":195,"column":1}},"line":169},"9":{"name":"(anonymous_9)","decl":{"start":{"line":198,"column":38},"end":{"line":198,"column":39}},"loc":{"start":{"line":198,"column":58},"end":{"line":230,"column":1}},"line":198},"10":{"name":"(anonymous_10)","decl":{"start":{"line":233,"column":41},"end":{"line":233,"column":42}},"loc":{"start":{"line":233,"column":61},"end":{"line":271,"column":1}},"line":233},"11":{"name":"(anonymous_11)","decl":{"start":{"line":274,"column":44},"end":{"line":274,"column":45}},"loc":{"start":{"line":274,"column":64},"end":{"line":306,"column":1}},"line":274},"12":{"name":"(anonymous_12)","decl":{"start":{"line":309,"column":51},"end":{"line":309,"column":52}},"loc":{"start":{"line":309,"column":71},"end":{"line":332,"column":1}},"line":309}},"branchMap":{"0":{"loc":{"start":{"line":8,"column":4},"end":{"line":12,"column":5}},"type":"if","locations":[{"start":{"line":8,"column":4},"end":{"line":12,"column":5}},{"start":{"line":10,"column":11},"end":{"line":12,"column":5}}],"line":8},"1":{"loc":{"start":{"line":22,"column":4},"end":{"line":25,"column":5}},"type":"if","locations":[{"start":{"line":22,"column":4},"end":{"line":25,"column":5}},{"start":{},"end":{}}],"line":22},"2":{"loc":{"start":{"line":30,"column":8},"end":{"line":35,"column":9}},"type":"if","locations":[{"start":{"line":30,"column":8},"end":{"line":35,"column":9}},{"start":{"line":33,"column":15},"end":{"line":35,"column":9}}],"line":30},"3":{"loc":{"start":{"line":45,"column":8},"end":{"line":47,"column":9}},"type":"if","locations":[{"start":{"line":45,"column":8},"end":{"line":47,"column":9}},{"start":{},"end":{}}],"line":45},"4":{"loc":{"start":{"line":74,"column":4},"end":{"line":85,"column":5}},"type":"if","locations":[{"start":{"line":74,"column":4},"end":{"line":85,"column":5}},{"start":{},"end":{}}],"line":74},"5":{"loc":{"start":{"line":74,"column":8},"end":{"line":74,"column":22}},"type":"binary-expr","locations":[{"start":{"line":74,"column":8},"end":{"line":74,"column":14}},{"start":{"line":74,"column":18},"end":{"line":74,"column":22}}],"line":74},"6":{"loc":{"start":{"line":76,"column":8},"end":{"line":79,"column":9}},"type":"if","locations":[{"start":{"line":76,"column":8},"end":{"line":79,"column":9}},{"start":{},"end":{}}],"line":76},"7":{"loc":{"start":{"line":80,"column":8},"end":{"line":84,"column":9}},"type":"if","locations":[{"start":{"line":80,"column":8},"end":{"line":84,"column":9}},{"start":{},"end":{}}],"line":80},"8":{"loc":{"start":{"line":81,"column":12},"end":{"line":81,"column":51}},"type":"if","locations":[{"start":{"line":81,"column":12},"end":{"line":81,"column":51}},{"start":{},"end":{}}],"line":81},"9":{"loc":{"start":{"line":186,"column":8},"end":{"line":188,"column":9}},"type":"if","locations":[{"start":{"line":186,"column":8},"end":{"line":188,"column":9}},{"start":{},"end":{}}],"line":186},"10":{"loc":{"start":{"line":199,"column":74},"end":{"line":199,"column":96}},"type":"default-arg","locations":[{"start":{"line":199,"column":93},"end":{"line":199,"column":96}}],"line":199},"11":{"loc":{"start":{"line":199,"column":98},"end":{"line":199,"column":115}},"type":"default-arg","locations":[{"start":{"line":199,"column":107},"end":{"line":199,"column":115}}],"line":199},"12":{"loc":{"start":{"line":201,"column":4},"end":{"line":203,"column":5}},"type":"if","locations":[{"start":{"line":201,"column":4},"end":{"line":203,"column":5}},{"start":{},"end":{}}],"line":201},"13":{"loc":{"start":{"line":201,"column":8},"end":{"line":201,"column":81}},"type":"binary-expr","locations":[{"start":{"line":201,"column":8},"end":{"line":201,"column":17}},{"start":{"line":201,"column":21},"end":{"line":201,"column":28}},{"start":{"line":201,"column":32},"end":{"line":201,"column":47}},{"start":{"line":201,"column":51},"end":{"line":201,"column":64}},{"start":{"line":201,"column":68},"end":{"line":201,"column":81}}],"line":201},"14":{"loc":{"start":{"line":208,"column":8},"end":{"line":210,"column":9}},"type":"if","locations":[{"start":{"line":208,"column":8},"end":{"line":210,"column":9}},{"start":{},"end":{}}],"line":208},"15":{"loc":{"start":{"line":214,"column":8},"end":{"line":216,"column":9}},"type":"if","locations":[{"start":{"line":214,"column":8},"end":{"line":216,"column":9}},{"start":{},"end":{}}],"line":214},"16":{"loc":{"start":{"line":241,"column":8},"end":{"line":243,"column":9}},"type":"if","locations":[{"start":{"line":241,"column":8},"end":{"line":243,"column":9}},{"start":{},"end":{}}],"line":241},"17":{"loc":{"start":{"line":247,"column":22},"end":{"line":247,"column":68}},"type":"binary-expr","locations":[{"start":{"line":247,"column":22},"end":{"line":247,"column":39}},{"start":{"line":247,"column":43},"end":{"line":247,"column":68}}],"line":247},"18":{"loc":{"start":{"line":248,"column":20},"end":{"line":248,"column":62}},"type":"binary-expr","locations":[{"start":{"line":248,"column":20},"end":{"line":248,"column":35}},{"start":{"line":248,"column":39},"end":{"line":248,"column":62}}],"line":248},"19":{"loc":{"start":{"line":249,"column":28},"end":{"line":249,"column":86}},"type":"binary-expr","locations":[{"start":{"line":249,"column":28},"end":{"line":249,"column":51}},{"start":{"line":249,"column":55},"end":{"line":249,"column":86}}],"line":249},"20":{"loc":{"start":{"line":250,"column":26},"end":{"line":250,"column":80}},"type":"binary-expr","locations":[{"start":{"line":250,"column":26},"end":{"line":250,"column":47}},{"start":{"line":250,"column":51},"end":{"line":250,"column":80}}],"line":250},"21":{"loc":{"start":{"line":251,"column":26},"end":{"line":251,"column":119}},"type":"cond-expr","locations":[{"start":{"line":251,"column":50},"end":{"line":251,"column":87}},{"start":{"line":251,"column":90},"end":{"line":251,"column":119}}],"line":251},"22":{"loc":{"start":{"line":252,"column":30},"end":{"line":252,"column":92}},"type":"binary-expr","locations":[{"start":{"line":252,"column":30},"end":{"line":252,"column":55}},{"start":{"line":252,"column":59},"end":{"line":252,"column":92}}],"line":252},"23":{"loc":{"start":{"line":253,"column":20},"end":{"line":253,"column":62}},"type":"binary-expr","locations":[{"start":{"line":253,"column":20},"end":{"line":253,"column":35}},{"start":{"line":253,"column":39},"end":{"line":253,"column":62}}],"line":253},"24":{"loc":{"start":{"line":267,"column":38},"end":{"line":267,"column":86}},"type":"binary-expr","locations":[{"start":{"line":267,"column":38},"end":{"line":267,"column":49}},{"start":{"line":267,"column":53},"end":{"line":267,"column":86}}],"line":267},"25":{"loc":{"start":{"line":286,"column":8},"end":{"line":288,"column":9}},"type":"if","locations":[{"start":{"line":286,"column":8},"end":{"line":288,"column":9}},{"start":{},"end":{}}],"line":286},"26":{"loc":{"start":{"line":292,"column":8},"end":{"line":294,"column":9}},"type":"if","locations":[{"start":{"line":292,"column":8},"end":{"line":294,"column":9}},{"start":{},"end":{}}],"line":292},"27":{"loc":{"start":{"line":302,"column":38},"end":{"line":302,"column":84}},"type":"binary-expr","locations":[{"start":{"line":302,"column":38},"end":{"line":302,"column":49}},{"start":{"line":302,"column":53},"end":{"line":302,"column":84}}],"line":302},"28":{"loc":{"start":{"line":313,"column":4},"end":{"line":315,"column":5}},"type":"if","locations":[{"start":{"line":313,"column":4},"end":{"line":315,"column":5}},{"start":{},"end":{}}],"line":313},"29":{"loc":{"start":{"line":323,"column":8},"end":{"line":325,"column":9}},"type":"if","locations":[{"start":{"line":323,"column":8},"end":{"line":325,"column":9}},{"start":{},"end":{}}],"line":323}},"s":{"0":1,"1":1,"2":1,"3":1,"4":1,"5":0,"6":0,"7":0,"8":1,"9":0,"10":0,"11":0,"12":0,"13":0,"14":0,"15":0,"16":0,"17":0,"18":0,"19":0,"20":1,"21":0,"22":0,"23":0,"24":0,"25":0,"26":1,"27":0,"28":1,"29":0,"30":0,"31":0,"32":0,"33":0,"34":0,"35":0,"36":0,"37":0,"38":0,"39":0,"40":0,"41":0,"42":0,"43":0,"44":0,"45":0,"46":0,"47":0,"48":0,"49":1,"50":0,"51":0,"52":0,"53":0,"54":0,"55":0,"56":0,"57":0,"58":1,"59":0,"60":0,"61":0,"62":0,"63":0,"64":1,"65":0,"66":0,"67":0,"68":0,"69":0,"70":0,"71":0,"72":0,"73":1,"74":0,"75":0,"76":0,"77":0,"78":0,"79":0,"80":0,"81":0,"82":0,"83":0,"84":0,"85":0,"86":0,"87":0,"88":1,"89":0,"90":0,"91":0,"92":0,"93":0,"94":0,"95":0,"96":0,"97":0,"98":0,"99":0,"100":0,"101":0,"102":0,"103":0,"104":0,"105":1,"106":0,"107":0,"108":0,"109":0,"110":0,"111":0,"112":0,"113":0,"114":0,"115":0,"116":0,"117":0,"118":0,"119":0,"120":0,"121":0,"122":1,"123":0,"124":0,"125":0,"126":0,"127":0,"128":0,"129":0,"130":0,"131":0,"132":0,"133":0,"134":1},"f":{"0":0,"1":0,"2":0,"3":0,"4":0,"5":0,"6":0,"7":0,"8":0,"9":0,"10":0,"11":0,"12":0},"b":{"0":[0,0],"1":[0,0],"2":[0,0],"3":[0,0],"4":[0,0],"5":[0,0],"6":[0,0],"7":[0,0],"8":[0,0],"9":[0,0],"10":[0],"11":[0],"12":[0,0],"13":[0,0,0,0,0],"14":[0,0],"15":[0,0],"16":[0,0],"17":[0,0],"18":[0,0],"19":[0,0],"20":[0,0],"21":[0,0],"22":[0,0],"23":[0,0],"24":[0,0],"25":[0,0],"26":[0,0],"27":[0,0],"28":[0,0],"29":[0,0]},"_coverageSchema":"1a1c01bbd47fc00a2c39e90264f33305004495a9","hash":"4adbe5a148ae63f32e82ed3cfc3da3e7c7763b89"}
,"C:\\Users\\renzo\\Desktop\\Proyecto Windsurf\\routes\\buses.js": {"path":"C:\\Users\\renzo\\Desktop\\Proyecto Windsurf\\routes\\buses.js","statementMap":{"0":{"start":{"line":1,"column":16},"end":{"line":1,"column":34}},"1":{"start":{"line":2,"column":15},"end":{"line":2,"column":31}},"2":{"start":{"line":3,"column":13},"end":{"line":3,"column":38}},"3":{"start":{"line":6,"column":19},"end":{"line":12,"column":1}},"4":{"start":{"line":7,"column":4},"end":{"line":11,"column":5}},"5":{"start":{"line":8,"column":8},"end":{"line":8,"column":15}},"6":{"start":{"line":10,"column":8},"end":{"line":10,"column":65}},"7":{"start":{"line":19,"column":0},"end":{"line":89,"column":3}},"8":{"start":{"line":20,"column":42},"end":{"line":20,"column":51}},"9":{"start":{"line":21,"column":4},"end":{"line":23,"column":5}},"10":{"start":{"line":22,"column":8},"end":{"line":22,"column":93}},"11":{"start":{"line":25,"column":4},"end":{"line":88,"column":5}},"12":{"start":{"line":27,"column":27},"end":{"line":27,"column":97}},"13":{"start":{"line":28,"column":28},"end":{"line":28,"column":79}},"14":{"start":{"line":30,"column":8},"end":{"line":32,"column":9}},"15":{"start":{"line":31,"column":12},"end":{"line":31,"column":32}},"16":{"start":{"line":33,"column":29},"end":{"line":33,"column":48}},"17":{"start":{"line":36,"column":26},"end":{"line":36,"column":103}},"18":{"start":{"line":37,"column":31},"end":{"line":47,"column":9}},"19":{"start":{"line":48,"column":28},"end":{"line":48,"column":56}},"20":{"start":{"line":49,"column":32},"end":{"line":49,"column":77}},"21":{"start":{"line":51,"column":8},"end":{"line":53,"column":9}},"22":{"start":{"line":52,"column":12},"end":{"line":52,"column":32}},"23":{"start":{"line":56,"column":42},"end":{"line":81,"column":11}},"24":{"start":{"line":57,"column":39},"end":{"line":60,"column":13}},"25":{"start":{"line":62,"column":34},"end":{"line":62,"column":36}},"26":{"start":{"line":63,"column":36},"end":{"line":63,"column":41}},"27":{"start":{"line":64,"column":12},"end":{"line":70,"column":15}},"28":{"start":{"line":65,"column":16},"end":{"line":69,"column":17}},"29":{"start":{"line":65,"column":55},"end":{"line":65,"column":80}},"30":{"start":{"line":66,"column":21},"end":{"line":69,"column":17}},"31":{"start":{"line":67,"column":36},"end":{"line":67,"column":92}},"32":{"start":{"line":67,"column":75},"end":{"line":67,"column":91}},"33":{"start":{"line":68,"column":20},"end":{"line":68,"column":53}},"34":{"start":{"line":72,"column":35},"end":{"line":72,"column":115}},"35":{"start":{"line":73,"column":39},"end":{"line":73,"column":89}},"36":{"start":{"line":75,"column":12},"end":{"line":80,"column":14}},"37":{"start":{"line":83,"column":8},"end":{"line":83,"column":44}},"38":{"start":{"line":86,"column":8},"end":{"line":86,"column":61}},"39":{"start":{"line":87,"column":8},"end":{"line":87,"column":89}},"40":{"start":{"line":92,"column":0},"end":{"line":139,"column":3}},"41":{"start":{"line":93,"column":28},"end":{"line":93,"column":38}},"42":{"start":{"line":94,"column":21},"end":{"line":94,"column":30}},"43":{"start":{"line":96,"column":4},"end":{"line":98,"column":5}},"44":{"start":{"line":97,"column":8},"end":{"line":97,"column":88}},"45":{"start":{"line":100,"column":4},"end":{"line":138,"column":5}},"46":{"start":{"line":101,"column":28},"end":{"line":101,"column":105}},"47":{"start":{"line":102,"column":8},"end":{"line":104,"column":9}},"48":{"start":{"line":103,"column":12},"end":{"line":103,"column":76}},"49":{"start":{"line":105,"column":22},"end":{"line":105,"column":48}},"50":{"start":{"line":107,"column":25},"end":{"line":107,"column":144}},"51":{"start":{"line":108,"column":25},"end":{"line":108,"column":38}},"52":{"start":{"line":110,"column":32},"end":{"line":113,"column":9}},"53":{"start":{"line":115,"column":30},"end":{"line":115,"column":39}},"54":{"start":{"line":116,"column":36},"end":{"line":116,"column":41}},"55":{"start":{"line":117,"column":8},"end":{"line":123,"column":11}},"56":{"start":{"line":118,"column":12},"end":{"line":122,"column":13}},"57":{"start":{"line":119,"column":16},"end":{"line":119,"column":45}},"58":{"start":{"line":120,"column":19},"end":{"line":122,"column":13}},"59":{"start":{"line":121,"column":16},"end":{"line":121,"column":98}},"60":{"start":{"line":121,"column":59},"end":{"line":121,"column":96}},"61":{"start":{"line":125,"column":32},"end":{"line":128,"column":11}},"62":{"start":{"line":125,"column":54},"end":{"line":128,"column":9}},"63":{"start":{"line":130,"column":8},"end":{"line":133,"column":11}},"64":{"start":{"line":136,"column":8},"end":{"line":136,"column":61}},"65":{"start":{"line":137,"column":8},"end":{"line":137,"column":94}},"66":{"start":{"line":142,"column":0},"end":{"line":150,"column":3}},"67":{"start":{"line":143,"column":4},"end":{"line":149,"column":5}},"68":{"start":{"line":144,"column":23},"end":{"line":144,"column":74}},"69":{"start":{"line":145,"column":8},"end":{"line":145,"column":30}},"70":{"start":{"line":147,"column":8},"end":{"line":147,"column":66}},"71":{"start":{"line":148,"column":8},"end":{"line":148,"column":70}},"72":{"start":{"line":153,"column":0},"end":{"line":165,"column":3}},"73":{"start":{"line":154,"column":19},"end":{"line":154,"column":29}},"74":{"start":{"line":155,"column":4},"end":{"line":164,"column":5}},"75":{"start":{"line":156,"column":23},"end":{"line":156,"column":82}},"76":{"start":{"line":157,"column":8},"end":{"line":159,"column":9}},"77":{"start":{"line":158,"column":12},"end":{"line":158,"column":76}},"78":{"start":{"line":160,"column":8},"end":{"line":160,"column":33}},"79":{"start":{"line":162,"column":8},"end":{"line":162,"column":64}},"80":{"start":{"line":163,"column":8},"end":{"line":163,"column":68}},"81":{"start":{"line":168,"column":0},"end":{"line":202,"column":3}},"82":{"start":{"line":169,"column":51},"end":{"line":169,"column":59}},"83":{"start":{"line":170,"column":4},"end":{"line":172,"column":5}},"84":{"start":{"line":171,"column":8},"end":{"line":171,"column":101}},"85":{"start":{"line":173,"column":26},"end":{"line":173,"column":63}},"86":{"start":{"line":174,"column":4},"end":{"line":176,"column":5}},"87":{"start":{"line":175,"column":8},"end":{"line":175,"column":108}},"88":{"start":{"line":177,"column":19},"end":{"line":177,"column":39}},"89":{"start":{"line":178,"column":4},"end":{"line":201,"column":5}},"90":{"start":{"line":179,"column":8},"end":{"line":179,"column":36}},"91":{"start":{"line":180,"column":28},"end":{"line":180,"column":106}},"92":{"start":{"line":181,"column":8},"end":{"line":183,"column":9}},"93":{"start":{"line":182,"column":12},"end":{"line":182,"column":67}},"94":{"start":{"line":184,"column":23},"end":{"line":187,"column":9}},"95":{"start":{"line":188,"column":20},"end":{"line":188,"column":34}},"96":{"start":{"line":189,"column":8},"end":{"line":189,"column":62}},"97":{"start":{"line":190,"column":8},"end":{"line":190,"column":37}},"98":{"start":{"line":191,"column":8},"end":{"line":191,"column":34}},"99":{"start":{"line":193,"column":8},"end":{"line":193,"column":39}},"100":{"start":{"line":194,"column":8},"end":{"line":194,"column":62}},"101":{"start":{"line":195,"column":29},"end":{"line":197,"column":62}},"102":{"start":{"line":198,"column":8},"end":{"line":198,"column":54}},"103":{"start":{"line":200,"column":8},"end":{"line":200,"column":25}},"104":{"start":{"line":205,"column":0},"end":{"line":255,"column":3}},"105":{"start":{"line":206,"column":19},"end":{"line":206,"column":29}},"106":{"start":{"line":207,"column":51},"end":{"line":207,"column":59}},"107":{"start":{"line":208,"column":19},"end":{"line":208,"column":39}},"108":{"start":{"line":210,"column":26},"end":{"line":210,"column":63}},"109":{"start":{"line":211,"column":4},"end":{"line":214,"column":5}},"110":{"start":{"line":212,"column":8},"end":{"line":212,"column":25}},"111":{"start":{"line":213,"column":8},"end":{"line":213,"column":108}},"112":{"start":{"line":216,"column":4},"end":{"line":254,"column":5}},"113":{"start":{"line":217,"column":8},"end":{"line":217,"column":36}},"114":{"start":{"line":218,"column":34},"end":{"line":218,"column":95}},"115":{"start":{"line":219,"column":8},"end":{"line":221,"column":9}},"116":{"start":{"line":220,"column":12},"end":{"line":220,"column":53}},"117":{"start":{"line":222,"column":28},"end":{"line":222,"column":53}},"118":{"start":{"line":223,"column":23},"end":{"line":228,"column":9}},"119":{"start":{"line":229,"column":8},"end":{"line":234,"column":9}},"120":{"start":{"line":230,"column":33},"end":{"line":230,"column":135}},"121":{"start":{"line":231,"column":12},"end":{"line":233,"column":13}},"122":{"start":{"line":232,"column":16},"end":{"line":232,"column":73}},"123":{"start":{"line":235,"column":8},"end":{"line":241,"column":9}},"124":{"start":{"line":236,"column":37},"end":{"line":236,"column":165}},"125":{"start":{"line":237,"column":12},"end":{"line":239,"column":13}},"126":{"start":{"line":238,"column":16},"end":{"line":238,"column":107}},"127":{"start":{"line":240,"column":12},"end":{"line":240,"column":65}},"128":{"start":{"line":242,"column":23},"end":{"line":245,"column":9}},"129":{"start":{"line":246,"column":8},"end":{"line":246,"column":37}},"130":{"start":{"line":247,"column":8},"end":{"line":247,"column":33}},"131":{"start":{"line":249,"column":8},"end":{"line":249,"column":39}},"132":{"start":{"line":250,"column":8},"end":{"line":250,"column":67}},"133":{"start":{"line":251,"column":8},"end":{"line":251,"column":90}},"134":{"start":{"line":253,"column":8},"end":{"line":253,"column":25}},"135":{"start":{"line":258,"column":0},"end":{"line":291,"column":3}},"136":{"start":{"line":259,"column":19},"end":{"line":259,"column":29}},"137":{"start":{"line":260,"column":19},"end":{"line":260,"column":39}},"138":{"start":{"line":261,"column":4},"end":{"line":290,"column":5}},"139":{"start":{"line":262,"column":8},"end":{"line":262,"column":36}},"140":{"start":{"line":263,"column":33},"end":{"line":269,"column":9}},"141":{"start":{"line":270,"column":8},"end":{"line":272,"column":9}},"142":{"start":{"line":271,"column":12},"end":{"line":271,"column":101}},"143":{"start":{"line":273,"column":30},"end":{"line":273,"column":134}},"144":{"start":{"line":274,"column":8},"end":{"line":276,"column":9}},"145":{"start":{"line":275,"column":12},"end":{"line":275,"column":98}},"146":{"start":{"line":277,"column":8},"end":{"line":277,"column":72}},"147":{"start":{"line":278,"column":23},"end":{"line":278,"column":94}},"148":{"start":{"line":279,"column":8},"end":{"line":281,"column":9}},"149":{"start":{"line":280,"column":12},"end":{"line":280,"column":53}},"150":{"start":{"line":282,"column":8},"end":{"line":282,"column":37}},"151":{"start":{"line":283,"column":8},"end":{"line":283,"column":64}},"152":{"start":{"line":285,"column":8},"end":{"line":285,"column":39}},"153":{"start":{"line":286,"column":8},"end":{"line":286,"column":65}},"154":{"start":{"line":287,"column":8},"end":{"line":287,"column":88}},"155":{"start":{"line":289,"column":8},"end":{"line":289,"column":25}},"156":{"start":{"line":297,"column":4},"end":{"line":306,"column":5}},"157":{"start":{"line":297,"column":17},"end":{"line":297,"column":18}},"158":{"start":{"line":299,"column":25},"end":{"line":299,"column":56}},"159":{"start":{"line":300,"column":30},"end":{"line":300,"column":65}},"160":{"start":{"line":302,"column":8},"end":{"line":305,"column":10}},"161":{"start":{"line":310,"column":4},"end":{"line":310,"column":71}},"162":{"start":{"line":311,"column":4},"end":{"line":311,"column":56}},"163":{"start":{"line":314,"column":0},"end":{"line":314,"column":24}}},"fnMap":{"0":{"name":"(anonymous_0)","decl":{"start":{"line":6,"column":19},"end":{"line":6,"column":20}},"loc":{"start":{"line":6,"column":39},"end":{"line":12,"column":1}},"line":6},"1":{"name":"(anonymous_1)","decl":{"start":{"line":19,"column":25},"end":{"line":19,"column":26}},"loc":{"start":{"line":19,"column":45},"end":{"line":89,"column":1}},"line":19},"2":{"name":"(anonymous_2)","decl":{"start":{"line":56,"column":85},"end":{"line":56,"column":86}},"loc":{"start":{"line":56,"column":105},"end":{"line":81,"column":9}},"line":56},"3":{"name":"(anonymous_3)","decl":{"start":{"line":64,"column":44},"end":{"line":64,"column":45}},"loc":{"start":{"line":64,"column":49},"end":{"line":70,"column":13}},"line":64},"4":{"name":"(anonymous_4)","decl":{"start":{"line":67,"column":69},"end":{"line":67,"column":70}},"loc":{"start":{"line":67,"column":75},"end":{"line":67,"column":91}},"line":67},"5":{"name":"(anonymous_5)","decl":{"start":{"line":92,"column":34},"end":{"line":92,"column":35}},"loc":{"start":{"line":92,"column":54},"end":{"line":139,"column":1}},"line":92},"6":{"name":"(anonymous_6)","decl":{"start":{"line":117,"column":37},"end":{"line":117,"column":38}},"loc":{"start":{"line":117,"column":42},"end":{"line":123,"column":9}},"line":117},"7":{"name":"(anonymous_7)","decl":{"start":{"line":121,"column":53},"end":{"line":121,"column":54}},"loc":{"start":{"line":121,"column":59},"end":{"line":121,"column":96}},"line":121},"8":{"name":"(anonymous_8)","decl":{"start":{"line":125,"column":45},"end":{"line":125,"column":46}},"loc":{"start":{"line":125,"column":54},"end":{"line":128,"column":9}},"line":125},"9":{"name":"(anonymous_9)","decl":{"start":{"line":142,"column":16},"end":{"line":142,"column":17}},"loc":{"start":{"line":142,"column":36},"end":{"line":150,"column":1}},"line":142},"10":{"name":"(anonymous_10)","decl":{"start":{"line":153,"column":19},"end":{"line":153,"column":20}},"loc":{"start":{"line":153,"column":39},"end":{"line":165,"column":1}},"line":153},"11":{"name":"(anonymous_11)","decl":{"start":{"line":168,"column":29},"end":{"line":168,"column":30}},"loc":{"start":{"line":168,"column":49},"end":{"line":202,"column":1}},"line":168},"12":{"name":"(anonymous_12)","decl":{"start":{"line":205,"column":31},"end":{"line":205,"column":32}},"loc":{"start":{"line":205,"column":51},"end":{"line":255,"column":1}},"line":205},"13":{"name":"(anonymous_13)","decl":{"start":{"line":258,"column":34},"end":{"line":258,"column":35}},"loc":{"start":{"line":258,"column":54},"end":{"line":291,"column":1}},"line":258},"14":{"name":"createSeatsForBus","decl":{"start":{"line":295,"column":15},"end":{"line":295,"column":32}},"loc":{"start":{"line":295,"column":58},"end":{"line":307,"column":1}},"line":295},"15":{"name":"updateSeatsForBus","decl":{"start":{"line":309,"column":15},"end":{"line":309,"column":32}},"loc":{"start":{"line":309,"column":61},"end":{"line":312,"column":1}},"line":309}},"branchMap":{"0":{"loc":{"start":{"line":7,"column":4},"end":{"line":11,"column":5}},"type":"if","locations":[{"start":{"line":7,"column":4},"end":{"line":11,"column":5}},{"start":{"line":9,"column":11},"end":{"line":11,"column":5}}],"line":7},"1":{"loc":{"start":{"line":21,"column":4},"end":{"line":23,"column":5}},"type":"if","locations":[{"start":{"line":21,"column":4},"end":{"line":23,"column":5}},{"start":{},"end":{}}],"line":21},"2":{"loc":{"start":{"line":21,"column":8},"end":{"line":21,"column":40}},"type":"binary-expr","locations":[{"start":{"line":21,"column":8},"end":{"line":21,"column":15}},{"start":{"line":21,"column":19},"end":{"line":21,"column":31}},{"start":{"line":21,"column":35},"end":{"line":21,"column":40}}],"line":21},"3":{"loc":{"start":{"line":30,"column":8},"end":{"line":32,"column":9}},"type":"if","locations":[{"start":{"line":30,"column":8},"end":{"line":32,"column":9}},{"start":{},"end":{}}],"line":30},"4":{"loc":{"start":{"line":51,"column":8},"end":{"line":53,"column":9}},"type":"if","locations":[{"start":{"line":51,"column":8},"end":{"line":53,"column":9}},{"start":{},"end":{}}],"line":51},"5":{"loc":{"start":{"line":65,"column":16},"end":{"line":69,"column":17}},"type":"if","locations":[{"start":{"line":65,"column":16},"end":{"line":69,"column":17}},{"start":{"line":66,"column":21},"end":{"line":69,"column":17}}],"line":65},"6":{"loc":{"start":{"line":66,"column":21},"end":{"line":69,"column":17}},"type":"if","locations":[{"start":{"line":66,"column":21},"end":{"line":69,"column":17}},{"start":{},"end":{}}],"line":66},"7":{"loc":{"start":{"line":72,"column":35},"end":{"line":72,"column":115}},"type":"cond-expr","locations":[{"start":{"line":72,"column":55},"end":{"line":72,"column":56}},{"start":{"line":72,"column":59},"end":{"line":72,"column":115}}],"line":72},"8":{"loc":{"start":{"line":73,"column":39},"end":{"line":73,"column":89}},"type":"binary-expr","locations":[{"start":{"line":73,"column":39},"end":{"line":73,"column":57}},{"start":{"line":73,"column":61},"end":{"line":73,"column":89}}],"line":73},"9":{"loc":{"start":{"line":96,"column":4},"end":{"line":98,"column":5}},"type":"if","locations":[{"start":{"line":96,"column":4},"end":{"line":98,"column":5}},{"start":{},"end":{}}],"line":96},"10":{"loc":{"start":{"line":96,"column":8},"end":{"line":96,"column":29}},"type":"binary-expr","locations":[{"start":{"line":96,"column":8},"end":{"line":96,"column":20}},{"start":{"line":96,"column":24},"end":{"line":96,"column":29}}],"line":96},"11":{"loc":{"start":{"line":102,"column":8},"end":{"line":104,"column":9}},"type":"if","locations":[{"start":{"line":102,"column":8},"end":{"line":104,"column":9}},{"start":{},"end":{}}],"line":102},"12":{"loc":{"start":{"line":118,"column":12},"end":{"line":122,"column":13}},"type":"if","locations":[{"start":{"line":118,"column":12},"end":{"line":122,"column":13}},{"start":{"line":120,"column":19},"end":{"line":122,"column":13}}],"line":118},"13":{"loc":{"start":{"line":120,"column":19},"end":{"line":122,"column":13}},"type":"if","locations":[{"start":{"line":120,"column":19},"end":{"line":122,"column":13}},{"start":{},"end":{}}],"line":120},"14":{"loc":{"start":{"line":127,"column":26},"end":{"line":127,"column":81}},"type":"binary-expr","locations":[{"start":{"line":127,"column":26},"end":{"line":127,"column":48}},{"start":{"line":127,"column":52},"end":{"line":127,"column":81}}],"line":127},"15":{"loc":{"start":{"line":157,"column":8},"end":{"line":159,"column":9}},"type":"if","locations":[{"start":{"line":157,"column":8},"end":{"line":159,"column":9}},{"start":{},"end":{}}],"line":157},"16":{"loc":{"start":{"line":170,"column":4},"end":{"line":172,"column":5}},"type":"if","locations":[{"start":{"line":170,"column":4},"end":{"line":172,"column":5}},{"start":{},"end":{}}],"line":170},"17":{"loc":{"start":{"line":170,"column":8},"end":{"line":170,"column":41}},"type":"binary-expr","locations":[{"start":{"line":170,"column":8},"end":{"line":170,"column":19}},{"start":{"line":170,"column":23},"end":{"line":170,"column":28}},{"start":{"line":170,"column":32},"end":{"line":170,"column":41}}],"line":170},"18":{"loc":{"start":{"line":174,"column":4},"end":{"line":176,"column":5}},"type":"if","locations":[{"start":{"line":174,"column":4},"end":{"line":176,"column":5}},{"start":{},"end":{}}],"line":174},"19":{"loc":{"start":{"line":174,"column":8},"end":{"line":174,"column":50}},"type":"binary-expr","locations":[{"start":{"line":174,"column":8},"end":{"line":174,"column":15}},{"start":{"line":174,"column":19},"end":{"line":174,"column":50}}],"line":174},"20":{"loc":{"start":{"line":181,"column":8},"end":{"line":183,"column":9}},"type":"if","locations":[{"start":{"line":181,"column":8},"end":{"line":183,"column":9}},{"start":{},"end":{}}],"line":181},"21":{"loc":{"start":{"line":195,"column":29},"end":{"line":197,"column":62}},"type":"cond-expr","locations":[{"start":{"line":196,"column":14},"end":{"line":196,"column":25}},{"start":{"line":197,"column":14},"end":{"line":197,"column":62}}],"line":195},"22":{"loc":{"start":{"line":211,"column":4},"end":{"line":214,"column":5}},"type":"if","locations":[{"start":{"line":211,"column":4},"end":{"line":214,"column":5}},{"start":{},"end":{}}],"line":211},"23":{"loc":{"start":{"line":211,"column":8},"end":{"line":211,"column":50}},"type":"binary-expr","locations":[{"start":{"line":211,"column":8},"end":{"line":211,"column":15}},{"start":{"line":211,"column":19},"end":{"line":211,"column":50}}],"line":211},"24":{"loc":{"start":{"line":219,"column":8},"end":{"line":221,"column":9}},"type":"if","locations":[{"start":{"line":219,"column":8},"end":{"line":221,"column":9}},{"start":{},"end":{}}],"line":219},"25":{"loc":{"start":{"line":224,"column":24},"end":{"line":224,"column":69}},"type":"binary-expr","locations":[{"start":{"line":224,"column":24},"end":{"line":224,"column":43}},{"start":{"line":224,"column":47},"end":{"line":224,"column":69}}],"line":224},"26":{"loc":{"start":{"line":225,"column":18},"end":{"line":225,"column":51}},"type":"binary-expr","locations":[{"start":{"line":225,"column":18},"end":{"line":225,"column":31}},{"start":{"line":225,"column":35},"end":{"line":225,"column":51}}],"line":225},"27":{"loc":{"start":{"line":226,"column":22},"end":{"line":226,"column":92}},"type":"cond-expr","locations":[{"start":{"line":226,"column":42},"end":{"line":226,"column":69}},{"start":{"line":226,"column":72},"end":{"line":226,"column":92}}],"line":226},"28":{"loc":{"start":{"line":227,"column":20},"end":{"line":227,"column":57}},"type":"binary-expr","locations":[{"start":{"line":227,"column":20},"end":{"line":227,"column":35}},{"start":{"line":227,"column":39},"end":{"line":227,"column":57}}],"line":227},"29":{"loc":{"start":{"line":229,"column":8},"end":{"line":234,"column":9}},"type":"if","locations":[{"start":{"line":229,"column":8},"end":{"line":234,"column":9}},{"start":{},"end":{}}],"line":229},"30":{"loc":{"start":{"line":231,"column":12},"end":{"line":233,"column":13}},"type":"if","locations":[{"start":{"line":231,"column":12},"end":{"line":233,"column":13}},{"start":{},"end":{}}],"line":231},"31":{"loc":{"start":{"line":235,"column":8},"end":{"line":241,"column":9}},"type":"if","locations":[{"start":{"line":235,"column":8},"end":{"line":241,"column":9}},{"start":{},"end":{}}],"line":235},"32":{"loc":{"start":{"line":237,"column":12},"end":{"line":239,"column":13}},"type":"if","locations":[{"start":{"line":237,"column":12},"end":{"line":239,"column":13}},{"start":{},"end":{}}],"line":237},"33":{"loc":{"start":{"line":251,"column":38},"end":{"line":251,"column":86}},"type":"binary-expr","locations":[{"start":{"line":251,"column":38},"end":{"line":251,"column":49}},{"start":{"line":251,"column":53},"end":{"line":251,"column":86}}],"line":251},"34":{"loc":{"start":{"line":270,"column":8},"end":{"line":272,"column":9}},"type":"if","locations":[{"start":{"line":270,"column":8},"end":{"line":272,"column":9}},{"start":{},"end":{}}],"line":270},"35":{"loc":{"start":{"line":274,"column":8},"end":{"line":276,"column":9}},"type":"if","locations":[{"start":{"line":274,"column":8},"end":{"line":276,"column":9}},{"start":{},"end":{}}],"line":274},"36":{"loc":{"start":{"line":279,"column":8},"end":{"line":281,"column":9}},"type":"if","locations":[{"start":{"line":279,"column":8},"end":{"line":281,"column":9}},{"start":{},"end":{}}],"line":279},"37":{"loc":{"start":{"line":287,"column":38},"end":{"line":287,"column":84}},"type":"binary-expr","locations":[{"start":{"line":287,"column":38},"end":{"line":287,"column":49}},{"start":{"line":287,"column":53},"end":{"line":287,"column":84}}],"line":287},"38":{"loc":{"start":{"line":299,"column":25},"end":{"line":299,"column":56}},"type":"cond-expr","locations":[{"start":{"line":299,"column":34},"end":{"line":299,"column":43}},{"start":{"line":299,"column":46},"end":{"line":299,"column":56}}],"line":299},"39":{"loc":{"start":{"line":300,"column":30},"end":{"line":300,"column":65}},"type":"cond-expr","locations":[{"start":{"line":300,"column":55},"end":{"line":300,"column":59}},{"start":{"line":300,"column":62},"end":{"line":300,"column":65}}],"line":300}},"s":{"0":1,"1":1,"2":1,"3":1,"4":0,"5":0,"6":0,"7":1,"8":0,"9":0,"10":0,"11":0,"12":0,"13":0,"14":0,"15":0,"16":0,"17":0,"18":0,"19":0,"20":0,"21":0,"22":0,"23":0,"24":0,"25":0,"26":0,"27":0,"28":0,"29":0,"30":0,"31":0,"32":0,"33":0,"34":0,"35":0,"36":0,"37":0,"38":0,"39":0,"40":1,"41":0,"42":0,"43":0,"44":0,"45":0,"46":0,"47":0,"48":0,"49":0,"50":0,"51":0,"52":0,"53":0,"54":0,"55":0,"56":0,"57":0,"58":0,"59":0,"60":0,"61":0,"62":0,"63":0,"64":0,"65":0,"66":1,"67":0,"68":0,"69":0,"70":0,"71":0,"72":1,"73":0,"74":0,"75":0,"76":0,"77":0,"78":0,"79":0,"80":0,"81":1,"82":0,"83":0,"84":0,"85":0,"86":0,"87":0,"88":0,"89":0,"90":0,"91":0,"92":0,"93":0,"94":0,"95":0,"96":0,"97":0,"98":0,"99":0,"100":0,"101":0,"102":0,"103":0,"104":1,"105":0,"106":0,"107":0,"108":0,"109":0,"110":0,"111":0,"112":0,"113":0,"114":0,"115":0,"116":0,"117":0,"118":0,"119":0,"120":0,"121":0,"122":0,"123":0,"124":0,"125":0,"126":0,"127":0,"128":0,"129":0,"130":0,"131":0,"132":0,"133":0,"134":0,"135":1,"136":0,"137":0,"138":0,"139":0,"140":0,"141":0,"142":0,"143":0,"144":0,"145":0,"146":0,"147":0,"148":0,"149":0,"150":0,"151":0,"152":0,"153":0,"154":0,"155":0,"156":0,"157":0,"158":0,"159":0,"160":0,"161":0,"162":0,"163":1},"f":{"0":0,"1":0,"2":0,"3":0,"4":0,"5":0,"6":0,"7":0,"8":0,"9":0,"10":0,"11":0,"12":0,"13":0,"14":0,"15":0},"b":{"0":[0,0],"1":[0,0],"2":[0,0,0],"3":[0,0],"4":[0,0],"5":[0,0],"6":[0,0],"7":[0,0],"8":[0,0],"9":[0,0],"10":[0,0],"11":[0,0],"12":[0,0],"13":[0,0],"14":[0,0],"15":[0,0],"16":[0,0],"17":[0,0,0],"18":[0,0],"19":[0,0],"20":[0,0],"21":[0,0],"22":[0,0],"23":[0,0],"24":[0,0],"25":[0,0],"26":[0,0],"27":[0,0],"28":[0,0],"29":[0,0],"30":[0,0],"31":[0,0],"32":[0,0],"33":[0,0],"34":[0,0],"35":[0,0],"36":[0,0],"37":[0,0],"38":[0,0],"39":[0,0]},"_coverageSchema":"1a1c01bbd47fc00a2c39e90264f33305004495a9","hash":"691029a96e006b370af66060acf1a4cdb6488cfa"}
,"C:\\Users\\renzo\\Desktop\\Proyecto Windsurf\\routes\\reservations.js": {"path":"C:\\Users\\renzo\\Desktop\\Proyecto Windsurf\\routes\\reservations.js","statementMap":{"0":{"start":{"line":1,"column":16},"end":{"line":1,"column":34}},"1":{"start":{"line":2,"column":15},"end":{"line":2,"column":31}},"2":{"start":{"line":3,"column":47},"end":{"line":3,"column":62}},"3":{"start":{"line":4,"column":13},"end":{"line":4,"column":38}},"4":{"start":{"line":7,"column":30},"end":{"line":13,"column":1}},"5":{"start":{"line":8,"column":30},"end":{"line":8,"column":40}},"6":{"start":{"line":9,"column":4},"end":{"line":11,"column":5}},"7":{"start":{"line":10,"column":8},"end":{"line":10,"column":96}},"8":{"start":{"line":12,"column":4},"end":{"line":12,"column":11}},"9":{"start":{"line":16,"column":0},"end":{"line":128,"column":3}},"10":{"start":{"line":25,"column":8},"end":{"line":25,"column":16}},"11":{"start":{"line":27,"column":4},"end":{"line":29,"column":5}},"12":{"start":{"line":28,"column":8},"end":{"line":28,"column":75}},"13":{"start":{"line":31,"column":4},"end":{"line":127,"column":5}},"14":{"start":{"line":33,"column":30},"end":{"line":39,"column":9}},"15":{"start":{"line":40,"column":31},"end":{"line":40,"column":77}},"16":{"start":{"line":41,"column":8},"end":{"line":43,"column":9}},"17":{"start":{"line":42,"column":12},"end":{"line":42,"column":76}},"18":{"start":{"line":44,"column":29},"end":{"line":44,"column":51}},"19":{"start":{"line":47,"column":42},"end":{"line":51,"column":9}},"20":{"start":{"line":52,"column":43},"end":{"line":52,"column":119}},"21":{"start":{"line":54,"column":30},"end":{"line":54,"column":32}},"22":{"start":{"line":55,"column":32},"end":{"line":55,"column":37}},"23":{"start":{"line":56,"column":8},"end":{"line":63,"column":11}},"24":{"start":{"line":57,"column":12},"end":{"line":62,"column":13}},"25":{"start":{"line":58,"column":16},"end":{"line":58,"column":41}},"26":{"start":{"line":60,"column":30},"end":{"line":60,"column":94}},"27":{"start":{"line":60,"column":77},"end":{"line":60,"column":93}},"28":{"start":{"line":61,"column":16},"end":{"line":61,"column":47}},"29":{"start":{"line":65,"column":8},"end":{"line":67,"column":9}},"30":{"start":{"line":66,"column":12},"end":{"line":66,"column":112}},"31":{"start":{"line":70,"column":25},"end":{"line":70,"column":26}},"32":{"start":{"line":71,"column":8},"end":{"line":95,"column":9}},"33":{"start":{"line":72,"column":12},"end":{"line":74,"column":13}},"34":{"start":{"line":73,"column":16},"end":{"line":73,"column":141}},"35":{"start":{"line":75,"column":12},"end":{"line":75,"column":112}},"36":{"start":{"line":76,"column":15},"end":{"line":95,"column":9}},"37":{"start":{"line":77,"column":12},"end":{"line":79,"column":13}},"38":{"start":{"line":78,"column":16},"end":{"line":78,"column":96}},"39":{"start":{"line":81,"column":36},"end":{"line":81,"column":91}},"40":{"start":{"line":81,"column":62},"end":{"line":81,"column":90}},"41":{"start":{"line":82,"column":12},"end":{"line":84,"column":13}},"42":{"start":{"line":83,"column":16},"end":{"line":83,"column":117}},"43":{"start":{"line":86,"column":33},"end":{"line":86,"column":84}},"44":{"start":{"line":86,"column":62},"end":{"line":86,"column":73}},"45":{"start":{"line":87,"column":31},"end":{"line":87,"column":95}},"46":{"start":{"line":88,"column":32},"end":{"line":88,"column":76}},"47":{"start":{"line":90,"column":12},"end":{"line":92,"column":18}},"48":{"start":{"line":91,"column":16},"end":{"line":91,"column":109}},"49":{"start":{"line":94,"column":12},"end":{"line":94,"column":85}},"50":{"start":{"line":98,"column":30},"end":{"line":98,"column":38}},"51":{"start":{"line":99,"column":31},"end":{"line":99,"column":76}},"52":{"start":{"line":100,"column":32},"end":{"line":100,"column":77}},"53":{"start":{"line":101,"column":34},"end":{"line":101,"column":102}},"54":{"start":{"line":103,"column":28},"end":{"line":108,"column":9}},"55":{"start":{"line":109,"column":29},"end":{"line":112,"column":9}},"56":{"start":{"line":114,"column":8},"end":{"line":114,"column":52}},"57":{"start":{"line":116,"column":8},"end":{"line":122,"column":11}},"58":{"start":{"line":125,"column":8},"end":{"line":125,"column":61}},"59":{"start":{"line":126,"column":8},"end":{"line":126,"column":98}},"60":{"start":{"line":131,"column":0},"end":{"line":190,"column":3}},"61":{"start":{"line":132,"column":30},"end":{"line":132,"column":40}},"62":{"start":{"line":134,"column":4},"end":{"line":189,"column":5}},"63":{"start":{"line":135,"column":22},"end":{"line":155,"column":9}},"64":{"start":{"line":156,"column":23},"end":{"line":156,"column":63}},"65":{"start":{"line":158,"column":8},"end":{"line":160,"column":9}},"66":{"start":{"line":159,"column":12},"end":{"line":159,"column":80}},"67":{"start":{"line":162,"column":28},"end":{"line":162,"column":42}},"68":{"start":{"line":165,"column":8},"end":{"line":179,"column":9}},"69":{"start":{"line":166,"column":12},"end":{"line":178,"column":13}},"70":{"start":{"line":167,"column":32},"end":{"line":167,"column":58}},"71":{"start":{"line":168,"column":37},"end":{"line":168,"column":81}},"72":{"start":{"line":168,"column":59},"end":{"line":168,"column":70}},"73":{"start":{"line":169,"column":35},"end":{"line":169,"column":96}},"74":{"start":{"line":170,"column":36},"end":{"line":170,"column":73}},"75":{"start":{"line":173,"column":16},"end":{"line":173,"column":77}},"76":{"start":{"line":173,"column":62},"end":{"line":173,"column":75}},"77":{"start":{"line":176,"column":16},"end":{"line":176,"column":85}},"78":{"start":{"line":177,"column":16},"end":{"line":177,"column":39}},"79":{"start":{"line":182,"column":8},"end":{"line":182,"column":42}},"80":{"start":{"line":184,"column":8},"end":{"line":184,"column":30}},"81":{"start":{"line":187,"column":8},"end":{"line":187,"column":63}},"82":{"start":{"line":188,"column":8},"end":{"line":188,"column":98}},"83":{"start":{"line":193,"column":0},"end":{"line":213,"column":3}},"84":{"start":{"line":194,"column":30},"end":{"line":194,"column":40}},"85":{"start":{"line":196,"column":4},"end":{"line":212,"column":5}},"86":{"start":{"line":197,"column":22},"end":{"line":201,"column":9}},"87":{"start":{"line":202,"column":23},"end":{"line":202,"column":63}},"88":{"start":{"line":204,"column":8},"end":{"line":206,"column":9}},"89":{"start":{"line":205,"column":12},"end":{"line":205,"column":95}},"90":{"start":{"line":208,"column":8},"end":{"line":208,"column":62}},"91":{"start":{"line":210,"column":8},"end":{"line":210,"column":58}},"92":{"start":{"line":211,"column":8},"end":{"line":211,"column":98}},"93":{"start":{"line":216,"column":0},"end":{"line":236,"column":3}},"94":{"start":{"line":217,"column":30},"end":{"line":217,"column":40}},"95":{"start":{"line":219,"column":4},"end":{"line":235,"column":5}},"96":{"start":{"line":220,"column":22},"end":{"line":224,"column":9}},"97":{"start":{"line":225,"column":23},"end":{"line":225,"column":63}},"98":{"start":{"line":227,"column":8},"end":{"line":229,"column":9}},"99":{"start":{"line":228,"column":12},"end":{"line":228,"column":105}},"100":{"start":{"line":231,"column":8},"end":{"line":231,"column":68}},"101":{"start":{"line":233,"column":8},"end":{"line":233,"column":64}},"102":{"start":{"line":234,"column":8},"end":{"line":234,"column":98}},"103":{"start":{"line":239,"column":0},"end":{"line":257,"column":3}},"104":{"start":{"line":240,"column":4},"end":{"line":256,"column":5}},"105":{"start":{"line":241,"column":22},"end":{"line":246,"column":9}},"106":{"start":{"line":247,"column":23},"end":{"line":247,"column":46}},"107":{"start":{"line":249,"column":8},"end":{"line":252,"column":11}},"108":{"start":{"line":254,"column":8},"end":{"line":254,"column":77}},"109":{"start":{"line":255,"column":8},"end":{"line":255,"column":98}},"110":{"start":{"line":259,"column":0},"end":{"line":259,"column":24}}},"fnMap":{"0":{"name":"(anonymous_0)","decl":{"start":{"line":7,"column":30},"end":{"line":7,"column":31}},"loc":{"start":{"line":7,"column":50},"end":{"line":13,"column":1}},"line":7},"1":{"name":"(anonymous_1)","decl":{"start":{"line":16,"column":17},"end":{"line":16,"column":18}},"loc":{"start":{"line":16,"column":37},"end":{"line":128,"column":1}},"line":16},"2":{"name":"(anonymous_2)","decl":{"start":{"line":56,"column":48},"end":{"line":56,"column":49}},"loc":{"start":{"line":56,"column":53},"end":{"line":63,"column":9}},"line":56},"3":{"name":"(anonymous_3)","decl":{"start":{"line":60,"column":71},"end":{"line":60,"column":72}},"loc":{"start":{"line":60,"column":77},"end":{"line":60,"column":93}},"line":60},"4":{"name":"(anonymous_4)","decl":{"start":{"line":81,"column":56},"end":{"line":81,"column":57}},"loc":{"start":{"line":81,"column":62},"end":{"line":81,"column":90}},"line":81},"5":{"name":"(anonymous_5)","decl":{"start":{"line":86,"column":52},"end":{"line":86,"column":53}},"loc":{"start":{"line":86,"column":62},"end":{"line":86,"column":73}},"line":86},"6":{"name":"(anonymous_6)","decl":{"start":{"line":90,"column":49},"end":{"line":90,"column":50}},"loc":{"start":{"line":90,"column":64},"end":{"line":92,"column":13}},"line":90},"7":{"name":"(anonymous_7)","decl":{"start":{"line":131,"column":53},"end":{"line":131,"column":54}},"loc":{"start":{"line":131,"column":73},"end":{"line":190,"column":1}},"line":131},"8":{"name":"(anonymous_8)","decl":{"start":{"line":168,"column":49},"end":{"line":168,"column":50}},"loc":{"start":{"line":168,"column":59},"end":{"line":168,"column":70}},"line":168},"9":{"name":"(anonymous_9)","decl":{"start":{"line":173,"column":57},"end":{"line":173,"column":58}},"loc":{"start":{"line":173,"column":62},"end":{"line":173,"column":75}},"line":173},"10":{"name":"(anonymous_10)","decl":{"start":{"line":193,"column":61},"end":{"line":193,"column":62}},"loc":{"start":{"line":193,"column":81},"end":{"line":213,"column":1}},"line":193},"11":{"name":"(anonymous_11)","decl":{"start":{"line":216,"column":60},"end":{"line":216,"column":61}},"loc":{"start":{"line":216,"column":80},"end":{"line":236,"column":1}},"line":216},"12":{"name":"(anonymous_12)","decl":{"start":{"line":239,"column":31},"end":{"line":239,"column":32}},"loc":{"start":{"line":239,"column":51},"end":{"line":257,"column":1}},"line":239}},"branchMap":{"0":{"loc":{"start":{"line":9,"column":4},"end":{"line":11,"column":5}},"type":"if","locations":[{"start":{"line":9,"column":4},"end":{"line":11,"column":5}},{"start":{},"end":{}}],"line":9},"1":{"loc":{"start":{"line":27,"column":4},"end":{"line":29,"column":5}},"type":"if","locations":[{"start":{"line":27,"column":4},"end":{"line":29,"column":5}},{"start":{},"end":{}}],"line":27},"2":{"loc":{"start":{"line":27,"column":8},"end":{"line":27,"column":99}},"type":"binary-expr","locations":[{"start":{"line":27,"column":8},"end":{"line":27,"column":20}},{"start":{"line":27,"column":24},"end":{"line":27,"column":41}},{"start":{"line":27,"column":45},"end":{"line":27,"column":62}},{"start":{"line":27,"column":66},"end":{"line":27,"column":80}},{"start":{"line":27,"column":84},"end":{"line":27,"column":99}}],"line":27},"3":{"loc":{"start":{"line":41,"column":8},"end":{"line":43,"column":9}},"type":"if","locations":[{"start":{"line":41,"column":8},"end":{"line":43,"column":9}},{"start":{},"end":{}}],"line":41},"4":{"loc":{"start":{"line":57,"column":12},"end":{"line":62,"column":13}},"type":"if","locations":[{"start":{"line":57,"column":12},"end":{"line":62,"column":13}},{"start":{"line":59,"column":19},"end":{"line":62,"column":13}}],"line":57},"5":{"loc":{"start":{"line":60,"column":41},"end":{"line":60,"column":65}},"type":"binary-expr","locations":[{"start":{"line":60,"column":41},"end":{"line":60,"column":57}},{"start":{"line":60,"column":61},"end":{"line":60,"column":65}}],"line":60},"6":{"loc":{"start":{"line":65,"column":8},"end":{"line":67,"column":9}},"type":"if","locations":[{"start":{"line":65,"column":8},"end":{"line":67,"column":9}},{"start":{},"end":{}}],"line":65},"7":{"loc":{"start":{"line":71,"column":8},"end":{"line":95,"column":9}},"type":"if","locations":[{"start":{"line":71,"column":8},"end":{"line":95,"column":9}},{"start":{"line":76,"column":15},"end":{"line":95,"column":9}}],"line":71},"8":{"loc":{"start":{"line":72,"column":12},"end":{"line":74,"column":13}},"type":"if","locations":[{"start":{"line":72,"column":12},"end":{"line":74,"column":13}},{"start":{},"end":{}}],"line":72},"9":{"loc":{"start":{"line":76,"column":15},"end":{"line":95,"column":9}},"type":"if","locations":[{"start":{"line":76,"column":15},"end":{"line":95,"column":9}},{"start":{"line":93,"column":15},"end":{"line":95,"column":9}}],"line":76},"10":{"loc":{"start":{"line":77,"column":12},"end":{"line":79,"column":13}},"type":"if","locations":[{"start":{"line":77,"column":12},"end":{"line":79,"column":13}},{"start":{},"end":{}}],"line":77},"11":{"loc":{"start":{"line":77,"column":16},"end":{"line":77,"column":62}},"type":"binary-expr","locations":[{"start":{"line":77,"column":16},"end":{"line":77,"column":31}},{"start":{"line":77,"column":35},"end":{"line":77,"column":62}}],"line":77},"12":{"loc":{"start":{"line":82,"column":12},"end":{"line":84,"column":13}},"type":"if","locations":[{"start":{"line":82,"column":12},"end":{"line":84,"column":13}},{"start":{},"end":{}}],"line":82},"13":{"loc":{"start":{"line":99,"column":31},"end":{"line":99,"column":76}},"type":"binary-expr","locations":[{"start":{"line":99,"column":31},"end":{"line":99,"column":70}},{"start":{"line":99,"column":74},"end":{"line":99,"column":76}}],"line":99},"14":{"loc":{"start":{"line":101,"column":34},"end":{"line":101,"column":102}},"type":"cond-expr","locations":[{"start":{"line":101,"column":65},"end":{"line":101,"column":95}},{"start":{"line":101,"column":98},"end":{"line":101,"column":102}}],"line":101},"15":{"loc":{"start":{"line":158,"column":8},"end":{"line":160,"column":9}},"type":"if","locations":[{"start":{"line":158,"column":8},"end":{"line":160,"column":9}},{"start":{},"end":{}}],"line":158},"16":{"loc":{"start":{"line":165,"column":8},"end":{"line":179,"column":9}},"type":"if","locations":[{"start":{"line":165,"column":8},"end":{"line":179,"column":9}},{"start":{},"end":{}}],"line":165},"17":{"loc":{"start":{"line":165,"column":12},"end":{"line":165,"column":82}},"type":"binary-expr","locations":[{"start":{"line":165,"column":12},"end":{"line":165,"column":52}},{"start":{"line":165,"column":56},"end":{"line":165,"column":82}}],"line":165},"18":{"loc":{"start":{"line":204,"column":8},"end":{"line":206,"column":9}},"type":"if","locations":[{"start":{"line":204,"column":8},"end":{"line":206,"column":9}},{"start":{},"end":{}}],"line":204},"19":{"loc":{"start":{"line":227,"column":8},"end":{"line":229,"column":9}},"type":"if","locations":[{"start":{"line":227,"column":8},"end":{"line":229,"column":9}},{"start":{},"end":{}}],"line":227}},"s":{"0":1,"1":1,"2":1,"3":1,"4":1,"5":4,"6":4,"7":2,"8":2,"9":1,"10":0,"11":0,"12":0,"13":0,"14":0,"15":0,"16":0,"17":0,"18":0,"19":0,"20":0,"21":0,"22":0,"23":0,"24":0,"25":0,"26":0,"27":0,"28":0,"29":0,"30":0,"31":0,"32":0,"33":0,"34":0,"35":0,"36":0,"37":0,"38":0,"39":0,"40":0,"41":0,"42":0,"43":0,"44":0,"45":0,"46":0,"47":0,"48":0,"49":0,"50":0,"51":0,"52":0,"53":0,"54":0,"55":0,"56":0,"57":0,"58":0,"59":0,"60":1,"61":2,"62":2,"63":2,"64":2,"65":2,"66":1,"67":1,"68":1,"69":0,"70":0,"71":0,"72":0,"73":0,"74":0,"75":0,"76":0,"77":0,"78":0,"79":1,"80":1,"81":0,"82":0,"83":1,"84":0,"85":0,"86":0,"87":0,"88":0,"89":0,"90":0,"91":0,"92":0,"93":1,"94":0,"95":0,"96":0,"97":0,"98":0,"99":0,"100":0,"101":0,"102":0,"103":1,"104":0,"105":0,"106":0,"107":0,"108":0,"109":0,"110":1},"f":{"0":4,"1":0,"2":0,"3":0,"4":0,"5":0,"6":0,"7":2,"8":0,"9":0,"10":0,"11":0,"12":0},"b":{"0":[2,2],"1":[0,0],"2":[0,0,0,0,0],"3":[0,0],"4":[0,0],"5":[0,0],"6":[0,0],"7":[0,0],"8":[0,0],"9":[0,0],"10":[0,0],"11":[0,0],"12":[0,0],"13":[0,0],"14":[0,0],"15":[1,1],"16":[0,1],"17":[1,0],"18":[0,0],"19":[0,0]},"_coverageSchema":"1a1c01bbd47fc00a2c39e90264f33305004495a9","hash":"39156a39706104511f1862831435b4248d24cf88"}
,"C:\\Users\\renzo\\Desktop\\Proyecto Windsurf\\routes\\routes.js": {"path":"C:\\Users\\renzo\\Desktop\\Proyecto Windsurf\\routes\\routes.js","statementMap":{"0":{"start":{"line":1,"column":16},"end":{"line":1,"column":34}},"1":{"start":{"line":2,"column":15},"end":{"line":2,"column":31}},"2":{"start":{"line":3,"column":13},"end":{"line":3,"column":38}},"3":{"start":{"line":6,"column":19},"end":{"line":12,"column":1}},"4":{"start":{"line":7,"column":4},"end":{"line":11,"column":5}},"5":{"start":{"line":8,"column":8},"end":{"line":8,"column":15}},"6":{"start":{"line":10,"column":8},"end":{"line":10,"column":65}},"7":{"start":{"line":17,"column":0},"end":{"line":25,"column":3}},"8":{"start":{"line":18,"column":4},"end":{"line":24,"column":5}},"9":{"start":{"line":19,"column":23},"end":{"line":19,"column":119}},"10":{"start":{"line":20,"column":8},"end":{"line":20,"column":30}},"11":{"start":{"line":22,"column":8},"end":{"line":22,"column":66}},"12":{"start":{"line":23,"column":8},"end":{"line":23,"column":70}},"13":{"start":{"line":30,"column":0},"end":{"line":38,"column":3}},"14":{"start":{"line":31,"column":4},"end":{"line":37,"column":5}},"15":{"start":{"line":32,"column":23},"end":{"line":32,"column":92}},"16":{"start":{"line":33,"column":8},"end":{"line":33,"column":30}},"17":{"start":{"line":35,"column":8},"end":{"line":35,"column":62}},"18":{"start":{"line":36,"column":8},"end":{"line":36,"column":71}},"19":{"start":{"line":41,"column":0},"end":{"line":68,"column":3}},"20":{"start":{"line":42,"column":61},"end":{"line":42,"column":69}},"21":{"start":{"line":44,"column":4},"end":{"line":46,"column":5}},"22":{"start":{"line":45,"column":8},"end":{"line":45,"column":82}},"23":{"start":{"line":48,"column":4},"end":{"line":67,"column":5}},"24":{"start":{"line":49,"column":30},"end":{"line":52,"column":9}},"25":{"start":{"line":54,"column":8},"end":{"line":56,"column":9}},"26":{"start":{"line":55,"column":12},"end":{"line":55,"column":103}},"27":{"start":{"line":58,"column":23},"end":{"line":61,"column":9}},"28":{"start":{"line":63,"column":8},"end":{"line":63,"column":45}},"29":{"start":{"line":65,"column":8},"end":{"line":65,"column":51}},"30":{"start":{"line":66,"column":8},"end":{"line":66,"column":63}},"31":{"start":{"line":71,"column":0},"end":{"line":103,"column":3}},"32":{"start":{"line":72,"column":19},"end":{"line":72,"column":29}},"33":{"start":{"line":73,"column":61},"end":{"line":73,"column":69}},"34":{"start":{"line":75,"column":4},"end":{"line":102,"column":5}},"35":{"start":{"line":76,"column":36},"end":{"line":76,"column":96}},"36":{"start":{"line":77,"column":8},"end":{"line":79,"column":9}},"37":{"start":{"line":78,"column":12},"end":{"line":78,"column":73}},"38":{"start":{"line":80,"column":30},"end":{"line":80,"column":57}},"39":{"start":{"line":82,"column":23},"end":{"line":87,"column":9}},"40":{"start":{"line":89,"column":23},"end":{"line":92,"column":9}},"41":{"start":{"line":94,"column":8},"end":{"line":96,"column":9}},"42":{"start":{"line":95,"column":12},"end":{"line":95,"column":73}},"43":{"start":{"line":98,"column":8},"end":{"line":98,"column":33}},"44":{"start":{"line":100,"column":8},"end":{"line":100,"column":56}},"45":{"start":{"line":101,"column":8},"end":{"line":101,"column":68}},"46":{"start":{"line":106,"column":0},"end":{"line":126,"column":3}},"47":{"start":{"line":107,"column":19},"end":{"line":107,"column":29}},"48":{"start":{"line":109,"column":4},"end":{"line":125,"column":5}},"49":{"start":{"line":110,"column":31},"end":{"line":110,"column":101}},"50":{"start":{"line":111,"column":8},"end":{"line":113,"column":9}},"51":{"start":{"line":112,"column":12},"end":{"line":112,"column":115}},"52":{"start":{"line":115,"column":23},"end":{"line":115,"column":93}},"53":{"start":{"line":117,"column":8},"end":{"line":119,"column":9}},"54":{"start":{"line":118,"column":12},"end":{"line":118,"column":73}},"55":{"start":{"line":121,"column":8},"end":{"line":121,"column":61}},"56":{"start":{"line":123,"column":8},"end":{"line":123,"column":54}},"57":{"start":{"line":124,"column":8},"end":{"line":124,"column":66}},"58":{"start":{"line":128,"column":0},"end":{"line":128,"column":24}}},"fnMap":{"0":{"name":"(anonymous_0)","decl":{"start":{"line":6,"column":19},"end":{"line":6,"column":20}},"loc":{"start":{"line":6,"column":39},"end":{"line":12,"column":1}},"line":6},"1":{"name":"(anonymous_1)","decl":{"start":{"line":17,"column":25},"end":{"line":17,"column":26}},"loc":{"start":{"line":17,"column":45},"end":{"line":25,"column":1}},"line":17},"2":{"name":"(anonymous_2)","decl":{"start":{"line":30,"column":28},"end":{"line":30,"column":29}},"loc":{"start":{"line":30,"column":48},"end":{"line":38,"column":1}},"line":30},"3":{"name":"(anonymous_3)","decl":{"start":{"line":41,"column":29},"end":{"line":41,"column":30}},"loc":{"start":{"line":41,"column":49},"end":{"line":68,"column":1}},"line":41},"4":{"name":"(anonymous_4)","decl":{"start":{"line":71,"column":31},"end":{"line":71,"column":32}},"loc":{"start":{"line":71,"column":51},"end":{"line":103,"column":1}},"line":71},"5":{"name":"(anonymous_5)","decl":{"start":{"line":106,"column":34},"end":{"line":106,"column":35}},"loc":{"start":{"line":106,"column":54},"end":{"line":126,"column":1}},"line":106}},"branchMap":{"0":{"loc":{"start":{"line":7,"column":4},"end":{"line":11,"column":5}},"type":"if","locations":[{"start":{"line":7,"column":4},"end":{"line":11,"column":5}},{"start":{"line":9,"column":11},"end":{"line":11,"column":5}}],"line":7},"1":{"loc":{"start":{"line":44,"column":4},"end":{"line":46,"column":5}},"type":"if","locations":[{"start":{"line":44,"column":4},"end":{"line":46,"column":5}},{"start":{},"end":{}}],"line":44},"2":{"loc":{"start":{"line":44,"column":8},"end":{"line":44,"column":62}},"type":"binary-expr","locations":[{"start":{"line":44,"column":8},"end":{"line":44,"column":15}},{"start":{"line":44,"column":19},"end":{"line":44,"column":31}},{"start":{"line":44,"column":35},"end":{"line":44,"column":47}},{"start":{"line":44,"column":51},"end":{"line":44,"column":62}}],"line":44},"3":{"loc":{"start":{"line":54,"column":8},"end":{"line":56,"column":9}},"type":"if","locations":[{"start":{"line":54,"column":8},"end":{"line":56,"column":9}},{"start":{},"end":{}}],"line":54},"4":{"loc":{"start":{"line":77,"column":8},"end":{"line":79,"column":9}},"type":"if","locations":[{"start":{"line":77,"column":8},"end":{"line":79,"column":9}},{"start":{},"end":{}}],"line":77},"5":{"loc":{"start":{"line":83,"column":20},"end":{"line":83,"column":59}},"type":"binary-expr","locations":[{"start":{"line":83,"column":20},"end":{"line":83,"column":35}},{"start":{"line":83,"column":39},"end":{"line":83,"column":59}}],"line":83},"6":{"loc":{"start":{"line":84,"column":25},"end":{"line":84,"column":74}},"type":"binary-expr","locations":[{"start":{"line":84,"column":25},"end":{"line":84,"column":45}},{"start":{"line":84,"column":49},"end":{"line":84,"column":74}}],"line":84},"7":{"loc":{"start":{"line":85,"column":25},"end":{"line":85,"column":74}},"type":"binary-expr","locations":[{"start":{"line":85,"column":25},"end":{"line":85,"column":45}},{"start":{"line":85,"column":49},"end":{"line":85,"column":74}}],"line":85},"8":{"loc":{"start":{"line":86,"column":24},"end":{"line":86,"column":71}},"type":"binary-expr","locations":[{"start":{"line":86,"column":24},"end":{"line":86,"column":43}},{"start":{"line":86,"column":47},"end":{"line":86,"column":71}}],"line":86},"9":{"loc":{"start":{"line":94,"column":8},"end":{"line":96,"column":9}},"type":"if","locations":[{"start":{"line":94,"column":8},"end":{"line":96,"column":9}},{"start":{},"end":{}}],"line":94},"10":{"loc":{"start":{"line":111,"column":8},"end":{"line":113,"column":9}},"type":"if","locations":[{"start":{"line":111,"column":8},"end":{"line":113,"column":9}},{"start":{},"end":{}}],"line":111},"11":{"loc":{"start":{"line":117,"column":8},"end":{"line":119,"column":9}},"type":"if","locations":[{"start":{"line":117,"column":8},"end":{"line":119,"column":9}},{"start":{},"end":{}}],"line":117}},"s":{"0":1,"1":1,"2":1,"3":1,"4":0,"5":0,"6":0,"7":1,"8":1,"9":1,"10":1,"11":0,"12":0,"13":1,"14":0,"15":0,"16":0,"17":0,"18":0,"19":1,"20":0,"21":0,"22":0,"23":0,"24":0,"25":0,"26":0,"27":0,"28":0,"29":0,"30":0,"31":1,"32":0,"33":0,"34":0,"35":0,"36":0,"37":0,"38":0,"39":0,"40":0,"41":0,"42":0,"43":0,"44":0,"45":0,"46":1,"47":0,"48":0,"49":0,"50":0,"51":0,"52":0,"53":0,"54":0,"55":0,"56":0,"57":0,"58":1},"f":{"0":0,"1":1,"2":0,"3":0,"4":0,"5":0},"b":{"0":[0,0],"1":[0,0],"2":[0,0,0,0],"3":[0,0],"4":[0,0],"5":[0,0],"6":[0,0],"7":[0,0],"8":[0,0],"9":[0,0],"10":[0,0],"11":[0,0]},"_coverageSchema":"1a1c01bbd47fc00a2c39e90264f33305004495a9","hash":"fe283c9af9c7f452863d318fada9daf5ef5e7d32"}
}
