{"C:\\Users\\renzo\\Desktop\\Proyecto Windsurf\\server.js": {"path":"C:\\Users\\renzo\\Desktop\\Proyecto Windsurf\\server.js","statementMap":{"0":{"start":{"line":1,"column":16},"end":{"line":1,"column":34}},"1":{"start":{"line":2,"column":13},"end":{"line":2,"column":28}},"2":{"start":{"line":3,"column":13},"end":{"line":3,"column":28}},"3":{"start":{"line":4,"column":15},"end":{"line":4,"column":32}},"4":{"start":{"line":5,"column":20},"end":{"line":5,"column":42}},"5":{"start":{"line":6,"column":18},"end":{"line":6,"column":47}},"6":{"start":{"line":7,"column":23},"end":{"line":7,"column":38}},"7":{"start":{"line":8,"column":14},"end":{"line":8,"column":30}},"8":{"start":{"line":11,"column":16},"end":{"line":11,"column":53}},"9":{"start":{"line":12,"column":0},"end":{"line":14,"column":1}},"10":{"start":{"line":13,"column":2},"end":{"line":13,"column":29}},"11":{"start":{"line":17,"column":13},"end":{"line":17,"column":37}},"12":{"start":{"line":18,"column":25},"end":{"line":18,"column":51}},"13":{"start":{"line":19,"column":18},"end":{"line":19,"column":43}},"14":{"start":{"line":20,"column":26},"end":{"line":20,"column":58}},"15":{"start":{"line":21,"column":20},"end":{"line":21,"column":45}},"16":{"start":{"line":22,"column":21},"end":{"line":22,"column":47}},"17":{"start":{"line":23,"column":20},"end":{"line":23,"column":45}},"18":{"start":{"line":24,"column":16},"end":{"line":24,"column":42}},"19":{"start":{"line":25,"column":18},"end":{"line":25,"column":55}},"20":{"start":{"line":26,"column":15},"end":{"line":26,"column":32}},"21":{"start":{"line":28,"column":12},"end":{"line":28,"column":21}},"22":{"start":{"line":29,"column":13},"end":{"line":29,"column":37}},"23":{"start":{"line":34,"column":0},"end":{"line":47,"column":2}},"24":{"start":{"line":50,"column":18},"end":{"line":53,"column":1}},"25":{"start":{"line":54,"column":20},"end":{"line":63,"column":1}},"26":{"start":{"line":56,"column":4},"end":{"line":60,"column":5}},"27":{"start":{"line":57,"column":6},"end":{"line":57,"column":27}},"28":{"start":{"line":59,"column":6},"end":{"line":59,"column":49}},"29":{"start":{"line":64,"column":0},"end":{"line":64,"column":27}},"30":{"start":{"line":67,"column":0},"end":{"line":67,"column":23}},"31":{"start":{"line":70,"column":19},"end":{"line":76,"column":2}},"32":{"start":{"line":79,"column":0},"end":{"line":93,"column":3}},"33":{"start":{"line":80,"column":20},"end":{"line":80,"column":28}},"34":{"start":{"line":81,"column":20},"end":{"line":81,"column":36}},"35":{"start":{"line":82,"column":2},"end":{"line":82,"column":43}},"36":{"start":{"line":84,"column":2},"end":{"line":84,"column":69}},"37":{"start":{"line":86,"column":2},"end":{"line":90,"column":5}},"38":{"start":{"line":87,"column":17},"end":{"line":87,"column":42}},"39":{"start":{"line":88,"column":25},"end":{"line":88,"column":68}},"40":{"start":{"line":89,"column":4},"end":{"line":89,"column":76}},"41":{"start":{"line":92,"column":2},"end":{"line":92,"column":9}},"42":{"start":{"line":98,"column":0},"end":{"line":100,"column":1}},"43":{"start":{"line":99,"column":4},"end":{"line":99,"column":30}},"44":{"start":{"line":103,"column":0},"end":{"line":103,"column":24}},"45":{"start":{"line":104,"column":0},"end":{"line":104,"column":56}},"46":{"start":{"line":107,"column":0},"end":{"line":121,"column":4}},"47":{"start":{"line":124,"column":23},"end":{"line":124,"column":30}},"48":{"start":{"line":127,"column":0},"end":{"line":135,"column":1}},"49":{"start":{"line":128,"column":4},"end":{"line":134,"column":7}},"50":{"start":{"line":130,"column":8},"end":{"line":132,"column":9}},"51":{"start":{"line":131,"column":12},"end":{"line":131,"column":26}},"52":{"start":{"line":133,"column":8},"end":{"line":133,"column":39}},"53":{"start":{"line":138,"column":0},"end":{"line":144,"column":3}},"54":{"start":{"line":139,"column":4},"end":{"line":143,"column":5}},"55":{"start":{"line":140,"column":8},"end":{"line":140,"column":67}},"56":{"start":{"line":142,"column":8},"end":{"line":142,"column":48}},"57":{"start":{"line":147,"column":0},"end":{"line":147,"column":60}},"58":{"start":{"line":148,"column":0},"end":{"line":148,"column":47}},"59":{"start":{"line":151,"column":0},"end":{"line":151,"column":33}},"60":{"start":{"line":152,"column":0},"end":{"line":152,"column":37}},"61":{"start":{"line":153,"column":0},"end":{"line":153,"column":35}},"62":{"start":{"line":156,"column":0},"end":{"line":163,"column":3}},"63":{"start":{"line":157,"column":2},"end":{"line":162,"column":3}},"64":{"start":{"line":158,"column":4},"end":{"line":158,"column":69}},"65":{"start":{"line":159,"column":4},"end":{"line":159,"column":90}},"66":{"start":{"line":161,"column":4},"end":{"line":161,"column":14}},"67":{"start":{"line":168,"column":4},"end":{"line":176,"column":5}},"68":{"start":{"line":169,"column":8},"end":{"line":169,"column":33}},"69":{"start":{"line":170,"column":8},"end":{"line":170,"column":65}},"70":{"start":{"line":171,"column":8},"end":{"line":171,"column":19}},"71":{"start":{"line":174,"column":8},"end":{"line":174,"column":68}},"72":{"start":{"line":175,"column":8},"end":{"line":175,"column":24}},"73":{"start":{"line":180,"column":19},"end":{"line":180,"column":32}},"74":{"start":{"line":183,"column":0},"end":{"line":189,"column":1}},"75":{"start":{"line":184,"column":4},"end":{"line":188,"column":7}},"76":{"start":{"line":185,"column":8},"end":{"line":187,"column":11}},"77":{"start":{"line":186,"column":12},"end":{"line":186,"column":67}},"78":{"start":{"line":191,"column":0},"end":{"line":191,"column":28}}},"fnMap":{"0":{"name":"(anonymous_0)","decl":{"start":{"line":55,"column":10},"end":{"line":55,"column":11}},"loc":{"start":{"line":55,"column":32},"end":{"line":61,"column":3}},"line":55},"1":{"name":"(anonymous_1)","decl":{"start":{"line":79,"column":8},"end":{"line":79,"column":9}},"loc":{"start":{"line":79,"column":28},"end":{"line":93,"column":1}},"line":79},"2":{"name":"(anonymous_2)","decl":{"start":{"line":86,"column":19},"end":{"line":86,"column":20}},"loc":{"start":{"line":86,"column":25},"end":{"line":90,"column":3}},"line":86},"3":{"name":"(anonymous_3)","decl":{"start":{"line":128,"column":12},"end":{"line":128,"column":13}},"loc":{"start":{"line":128,"column":32},"end":{"line":134,"column":5}},"line":128},"4":{"name":"(anonymous_4)","decl":{"start":{"line":138,"column":23},"end":{"line":138,"column":24}},"loc":{"start":{"line":138,"column":37},"end":{"line":144,"column":1}},"line":138},"5":{"name":"(anonymous_5)","decl":{"start":{"line":156,"column":8},"end":{"line":156,"column":9}},"loc":{"start":{"line":156,"column":33},"end":{"line":163,"column":1}},"line":156},"6":{"name":"startServer","decl":{"start":{"line":167,"column":15},"end":{"line":167,"column":26}},"loc":{"start":{"line":167,"column":29},"end":{"line":177,"column":1}},"line":167},"7":{"name":"(anonymous_7)","decl":{"start":{"line":184,"column":20},"end":{"line":184,"column":21}},"loc":{"start":{"line":184,"column":27},"end":{"line":188,"column":5}},"line":184},"8":{"name":"(anonymous_8)","decl":{"start":{"line":185,"column":25},"end":{"line":185,"column":26}},"loc":{"start":{"line":185,"column":31},"end":{"line":187,"column":9}},"line":185}},"branchMap":{"0":{"loc":{"start":{"line":12,"column":0},"end":{"line":14,"column":1}},"type":"if","locations":[{"start":{"line":12,"column":0},"end":{"line":14,"column":1}},{"start":{},"end":{}}],"line":12},"1":{"loc":{"start":{"line":29,"column":13},"end":{"line":29,"column":37}},"type":"binary-expr","locations":[{"start":{"line":29,"column":13},"end":{"line":29,"column":29}},{"start":{"line":29,"column":33},"end":{"line":29,"column":37}}],"line":29},"2":{"loc":{"start":{"line":56,"column":4},"end":{"line":60,"column":5}},"type":"if","locations":[{"start":{"line":56,"column":4},"end":{"line":60,"column":5}},{"start":{"line":58,"column":11},"end":{"line":60,"column":5}}],"line":56},"3":{"loc":{"start":{"line":56,"column":8},"end":{"line":56,"column":45}},"type":"binary-expr","locations":[{"start":{"line":56,"column":8},"end":{"line":56,"column":15}},{"start":{"line":56,"column":19},"end":{"line":56,"column":45}}],"line":56},"4":{"loc":{"start":{"line":98,"column":0},"end":{"line":100,"column":1}},"type":"if","locations":[{"start":{"line":98,"column":0},"end":{"line":100,"column":1}},{"start":{},"end":{}}],"line":98},"5":{"loc":{"start":{"line":127,"column":0},"end":{"line":135,"column":1}},"type":"if","locations":[{"start":{"line":127,"column":0},"end":{"line":135,"column":1}},{"start":{},"end":{}}],"line":127},"6":{"loc":{"start":{"line":130,"column":8},"end":{"line":132,"column":9}},"type":"if","locations":[{"start":{"line":130,"column":8},"end":{"line":132,"column":9}},{"start":{},"end":{}}],"line":130},"7":{"loc":{"start":{"line":130,"column":12},"end":{"line":130,"column":95}},"type":"binary-expr","locations":[{"start":{"line":130,"column":12},"end":{"line":130,"column":59}},{"start":{"line":130,"column":63},"end":{"line":130,"column":95}}],"line":130},"8":{"loc":{"start":{"line":139,"column":4},"end":{"line":143,"column":5}},"type":"if","locations":[{"start":{"line":139,"column":4},"end":{"line":143,"column":5}},{"start":{"line":141,"column":11},"end":{"line":143,"column":5}}],"line":139},"9":{"loc":{"start":{"line":157,"column":2},"end":{"line":162,"column":3}},"type":"if","locations":[{"start":{"line":157,"column":2},"end":{"line":162,"column":3}},{"start":{"line":160,"column":9},"end":{"line":162,"column":3}}],"line":157},"10":{"loc":{"start":{"line":183,"column":0},"end":{"line":189,"column":1}},"type":"if","locations":[{"start":{"line":183,"column":0},"end":{"line":189,"column":1}},{"start":{},"end":{}}],"line":183}},"s":{"0":1,"1":1,"2":1,"3":1,"4":1,"5":1,"6":1,"7":1,"8":1,"9":1,"10":1,"11":1,"12":1,"13":1,"14":1,"15":1,"16":1,"17":1,"18":1,"19":1,"20":1,"21":1,"22":1,"23":1,"24":1,"25":1,"26":13,"27":13,"28":0,"29":1,"30":1,"31":1,"32":1,"33":13,"34":13,"35":13,"36":13,"37":13,"38":13,"39":13,"40":13,"41":13,"42":1,"43":0,"44":1,"45":1,"46":1,"47":1,"48":1,"49":0,"50":0,"51":0,"52":0,"53":1,"54":0,"55":0,"56":0,"57":1,"58":1,"59":1,"60":1,"61":1,"62":1,"63":0,"64":0,"65":0,"66":0,"67":1,"68":1,"69":1,"70":1,"71":0,"72":0,"73":1,"74":1,"75":0,"76":0,"77":0,"78":1},"f":{"0":13,"1":13,"2":13,"3":0,"4":0,"5":0,"6":1,"7":0,"8":0},"b":{"0":[1,0],"1":[1,0],"2":[13,0],"3":[13,0],"4":[0,1],"5":[0,1],"6":[0,0],"7":[0,0],"8":[0,0],"9":[0,0],"10":[0,1]},"_coverageSchema":"1a1c01bbd47fc00a2c39e90264f33305004495a9","hash":"65f58387e687b1bfdbe8b220ba3af778e9a279ec"}
,"C:\\Users\\renzo\\Desktop\\Proyecto Windsurf\\routes\\admin.js": {"path":"C:\\Users\\renzo\\Desktop\\Proyecto Windsurf\\routes\\admin.js","statementMap":{"0":{"start":{"line":1,"column":16},"end":{"line":1,"column":34}},"1":{"start":{"line":2,"column":15},"end":{"line":2,"column":31}},"2":{"start":{"line":3,"column":15},"end":{"line":3,"column":32}},"3":{"start":{"line":4,"column":13},"end":{"line":4,"column":38}},"4":{"start":{"line":7,"column":21},"end":{"line":13,"column":1}},"5":{"start":{"line":8,"column":4},"end":{"line":12,"column":5}},"6":{"start":{"line":9,"column":8},"end":{"line":9,"column":15}},"7":{"start":{"line":11,"column":8},"end":{"line":11,"column":112}},"8":{"start":{"line":18,"column":0},"end":{"line":20,"column":3}},"9":{"start":{"line":19,"column":4},"end":{"line":19,"column":45}},"10":{"start":{"line":23,"column":0},"end":{"line":61,"column":3}},"11":{"start":{"line":24,"column":37},"end":{"line":24,"column":45}},"12":{"start":{"line":27,"column":4},"end":{"line":30,"column":5}},"13":{"start":{"line":28,"column":8},"end":{"line":28,"column":88}},"14":{"start":{"line":29,"column":8},"end":{"line":29,"column":103}},"15":{"start":{"line":32,"column":4},"end":{"line":60,"column":5}},"16":{"start":{"line":34,"column":30},"end":{"line":34,"column":93}},"17":{"start":{"line":36,"column":8},"end":{"line":38,"column":9}},"18":{"start":{"line":37,"column":12},"end":{"line":37,"column":96}},"19":{"start":{"line":41,"column":8},"end":{"line":51,"column":9}},"20":{"start":{"line":50,"column":12},"end":{"line":50,"column":105}},"21":{"start":{"line":54,"column":8},"end":{"line":54,"column":35}},"22":{"start":{"line":55,"column":8},"end":{"line":55,"column":36}},"23":{"start":{"line":58,"column":8},"end":{"line":58,"column":68}},"24":{"start":{"line":59,"column":8},"end":{"line":59,"column":87}},"25":{"start":{"line":64,"column":0},"end":{"line":72,"column":3}},"26":{"start":{"line":65,"column":4},"end":{"line":71,"column":7}},"27":{"start":{"line":66,"column":8},"end":{"line":68,"column":9}},"28":{"start":{"line":67,"column":12},"end":{"line":67,"column":83}},"29":{"start":{"line":69,"column":8},"end":{"line":69,"column":39}},"30":{"start":{"line":70,"column":8},"end":{"line":70,"column":36}},"31":{"start":{"line":75,"column":0},"end":{"line":77,"column":3}},"32":{"start":{"line":76,"column":4},"end":{"line":76,"column":49}},"33":{"start":{"line":82,"column":0},"end":{"line":117,"column":3}},"34":{"start":{"line":83,"column":29},"end":{"line":83,"column":38}},"35":{"start":{"line":84,"column":16},"end":{"line":91,"column":5}},"36":{"start":{"line":92,"column":19},"end":{"line":92,"column":21}},"37":{"start":{"line":93,"column":25},"end":{"line":93,"column":26}},"38":{"start":{"line":95,"column":4},"end":{"line":106,"column":5}},"39":{"start":{"line":96,"column":8},"end":{"line":96,"column":26}},"40":{"start":{"line":97,"column":8},"end":{"line":100,"column":9}},"41":{"start":{"line":98,"column":12},"end":{"line":98,"column":56}},"42":{"start":{"line":99,"column":12},"end":{"line":99,"column":32}},"43":{"start":{"line":101,"column":8},"end":{"line":105,"column":9}},"44":{"start":{"line":102,"column":12},"end":{"line":102,"column":51}},"45":{"start":{"line":102,"column":35},"end":{"line":102,"column":51}},"46":{"start":{"line":103,"column":12},"end":{"line":103,"column":72}},"47":{"start":{"line":104,"column":12},"end":{"line":104,"column":30}},"48":{"start":{"line":108,"column":4},"end":{"line":108,"column":43}},"49":{"start":{"line":110,"column":4},"end":{"line":116,"column":5}},"50":{"start":{"line":111,"column":23},"end":{"line":111,"column":54}},"51":{"start":{"line":112,"column":8},"end":{"line":112,"column":30}},"52":{"start":{"line":114,"column":8},"end":{"line":114,"column":75}},"53":{"start":{"line":115,"column":8},"end":{"line":115,"column":71}},"54":{"start":{"line":120,"column":0},"end":{"line":160,"column":3}},"55":{"start":{"line":121,"column":4},"end":{"line":159,"column":5}},"56":{"start":{"line":122,"column":28},"end":{"line":122,"column":96}},"57":{"start":{"line":123,"column":29},"end":{"line":133,"column":9}},"58":{"start":{"line":134,"column":35},"end":{"line":142,"column":9}},"59":{"start":{"line":144,"column":67},"end":{"line":148,"column":10}},"60":{"start":{"line":150,"column":8},"end":{"line":154,"column":11}},"61":{"start":{"line":157,"column":8},"end":{"line":157,"column":75}},"62":{"start":{"line":158,"column":8},"end":{"line":158,"column":71}},"63":{"start":{"line":163,"column":0},"end":{"line":187,"column":3}},"64":{"start":{"line":164,"column":4},"end":{"line":186,"column":5}},"65":{"start":{"line":165,"column":23},"end":{"line":181,"column":10}},"66":{"start":{"line":182,"column":8},"end":{"line":182,"column":30}},"67":{"start":{"line":184,"column":8},"end":{"line":184,"column":57}},"68":{"start":{"line":185,"column":8},"end":{"line":185,"column":71}},"69":{"start":{"line":190,"column":0},"end":{"line":216,"column":3}},"70":{"start":{"line":191,"column":19},"end":{"line":191,"column":29}},"71":{"start":{"line":192,"column":4},"end":{"line":215,"column":5}},"72":{"start":{"line":193,"column":23},"end":{"line":205,"column":16}},"73":{"start":{"line":207,"column":8},"end":{"line":209,"column":9}},"74":{"start":{"line":208,"column":12},"end":{"line":208,"column":76}},"75":{"start":{"line":211,"column":8},"end":{"line":211,"column":33}},"76":{"start":{"line":213,"column":8},"end":{"line":213,"column":56}},"77":{"start":{"line":214,"column":8},"end":{"line":214,"column":71}},"78":{"start":{"line":219,"column":0},"end":{"line":251,"column":3}},"79":{"start":{"line":220,"column":120},"end":{"line":220,"column":128}},"80":{"start":{"line":222,"column":4},"end":{"line":224,"column":5}},"81":{"start":{"line":223,"column":8},"end":{"line":223,"column":82}},"82":{"start":{"line":226,"column":4},"end":{"line":250,"column":5}},"83":{"start":{"line":228,"column":27},"end":{"line":228,"column":94}},"84":{"start":{"line":229,"column":8},"end":{"line":231,"column":9}},"85":{"start":{"line":230,"column":12},"end":{"line":230,"column":85}},"86":{"start":{"line":234,"column":25},"end":{"line":234,"column":115}},"87":{"start":{"line":235,"column":8},"end":{"line":237,"column":9}},"88":{"start":{"line":236,"column":12},"end":{"line":236,"column":105}},"89":{"start":{"line":240,"column":23},"end":{"line":244,"column":116}},"90":{"start":{"line":246,"column":8},"end":{"line":246,"column":45}},"91":{"start":{"line":248,"column":8},"end":{"line":248,"column":54}},"92":{"start":{"line":249,"column":8},"end":{"line":249,"column":66}},"93":{"start":{"line":254,"column":0},"end":{"line":292,"column":3}},"94":{"start":{"line":255,"column":19},"end":{"line":255,"column":29}},"95":{"start":{"line":256,"column":19},"end":{"line":256,"column":39}},"96":{"start":{"line":258,"column":4},"end":{"line":291,"column":5}},"97":{"start":{"line":259,"column":8},"end":{"line":259,"column":36}},"98":{"start":{"line":261,"column":31},"end":{"line":261,"column":96}},"99":{"start":{"line":262,"column":8},"end":{"line":264,"column":9}},"100":{"start":{"line":263,"column":12},"end":{"line":263,"column":53}},"101":{"start":{"line":265,"column":33},"end":{"line":265,"column":55}},"102":{"start":{"line":267,"column":23},"end":{"line":275,"column":9}},"103":{"start":{"line":277,"column":23},"end":{"line":280,"column":9}},"104":{"start":{"line":282,"column":8},"end":{"line":282,"column":37}},"105":{"start":{"line":283,"column":8},"end":{"line":283,"column":33}},"106":{"start":{"line":286,"column":8},"end":{"line":286,"column":39}},"107":{"start":{"line":287,"column":8},"end":{"line":287,"column":67}},"108":{"start":{"line":288,"column":8},"end":{"line":288,"column":90}},"109":{"start":{"line":290,"column":8},"end":{"line":290,"column":25}},"110":{"start":{"line":295,"column":0},"end":{"line":327,"column":3}},"111":{"start":{"line":296,"column":19},"end":{"line":296,"column":29}},"112":{"start":{"line":297,"column":19},"end":{"line":297,"column":39}},"113":{"start":{"line":299,"column":4},"end":{"line":326,"column":5}},"114":{"start":{"line":300,"column":8},"end":{"line":300,"column":36}},"115":{"start":{"line":302,"column":34},"end":{"line":305,"column":9}},"116":{"start":{"line":307,"column":8},"end":{"line":309,"column":9}},"117":{"start":{"line":308,"column":12},"end":{"line":308,"column":94}},"118":{"start":{"line":311,"column":23},"end":{"line":311,"column":98}},"119":{"start":{"line":313,"column":8},"end":{"line":315,"column":9}},"120":{"start":{"line":314,"column":12},"end":{"line":314,"column":53}},"121":{"start":{"line":317,"column":8},"end":{"line":317,"column":37}},"122":{"start":{"line":318,"column":8},"end":{"line":318,"column":64}},"123":{"start":{"line":321,"column":8},"end":{"line":321,"column":39}},"124":{"start":{"line":322,"column":8},"end":{"line":322,"column":65}},"125":{"start":{"line":323,"column":8},"end":{"line":323,"column":88}},"126":{"start":{"line":325,"column":8},"end":{"line":325,"column":25}},"127":{"start":{"line":330,"column":0},"end":{"line":353,"column":3}},"128":{"start":{"line":331,"column":19},"end":{"line":331,"column":29}},"129":{"start":{"line":332,"column":23},"end":{"line":332,"column":31}},"130":{"start":{"line":334,"column":4},"end":{"line":336,"column":5}},"131":{"start":{"line":335,"column":8},"end":{"line":335,"column":66}},"132":{"start":{"line":338,"column":4},"end":{"line":352,"column":5}},"133":{"start":{"line":339,"column":23},"end":{"line":342,"column":9}},"134":{"start":{"line":344,"column":8},"end":{"line":346,"column":9}},"135":{"start":{"line":345,"column":12},"end":{"line":345,"column":80}},"136":{"start":{"line":348,"column":8},"end":{"line":348,"column":33}},"137":{"start":{"line":350,"column":8},"end":{"line":350,"column":73}},"138":{"start":{"line":351,"column":8},"end":{"line":351,"column":75}},"139":{"start":{"line":355,"column":0},"end":{"line":355,"column":24}}},"fnMap":{"0":{"name":"(anonymous_0)","decl":{"start":{"line":7,"column":21},"end":{"line":7,"column":22}},"loc":{"start":{"line":7,"column":41},"end":{"line":13,"column":1}},"line":7},"1":{"name":"(anonymous_1)","decl":{"start":{"line":18,"column":26},"end":{"line":18,"column":27}},"loc":{"start":{"line":18,"column":40},"end":{"line":20,"column":1}},"line":18},"2":{"name":"(anonymous_2)","decl":{"start":{"line":23,"column":22},"end":{"line":23,"column":23}},"loc":{"start":{"line":23,"column":42},"end":{"line":61,"column":1}},"line":23},"3":{"name":"(anonymous_3)","decl":{"start":{"line":64,"column":23},"end":{"line":64,"column":24}},"loc":{"start":{"line":64,"column":37},"end":{"line":72,"column":1}},"line":64},"4":{"name":"(anonymous_4)","decl":{"start":{"line":65,"column":24},"end":{"line":65,"column":25}},"loc":{"start":{"line":65,"column":31},"end":{"line":71,"column":5}},"line":65},"5":{"name":"(anonymous_5)","decl":{"start":{"line":75,"column":22},"end":{"line":75,"column":23}},"loc":{"start":{"line":75,"column":36},"end":{"line":77,"column":1}},"line":75},"6":{"name":"(anonymous_6)","decl":{"start":{"line":82,"column":42},"end":{"line":82,"column":43}},"loc":{"start":{"line":82,"column":62},"end":{"line":117,"column":1}},"line":82},"7":{"name":"(anonymous_7)","decl":{"start":{"line":120,"column":39},"end":{"line":120,"column":40}},"loc":{"start":{"line":120,"column":59},"end":{"line":160,"column":1}},"line":120},"8":{"name":"(anonymous_8)","decl":{"start":{"line":163,"column":39},"end":{"line":163,"column":40}},"loc":{"start":{"line":163,"column":59},"end":{"line":187,"column":1}},"line":163},"9":{"name":"(anonymous_9)","decl":{"start":{"line":190,"column":43},"end":{"line":190,"column":44}},"loc":{"start":{"line":190,"column":63},"end":{"line":216,"column":1}},"line":190},"10":{"name":"(anonymous_10)","decl":{"start":{"line":219,"column":40},"end":{"line":219,"column":41}},"loc":{"start":{"line":219,"column":60},"end":{"line":251,"column":1}},"line":219},"11":{"name":"(anonymous_11)","decl":{"start":{"line":254,"column":43},"end":{"line":254,"column":44}},"loc":{"start":{"line":254,"column":63},"end":{"line":292,"column":1}},"line":254},"12":{"name":"(anonymous_12)","decl":{"start":{"line":295,"column":46},"end":{"line":295,"column":47}},"loc":{"start":{"line":295,"column":66},"end":{"line":327,"column":1}},"line":295},"13":{"name":"(anonymous_13)","decl":{"start":{"line":330,"column":53},"end":{"line":330,"column":54}},"loc":{"start":{"line":330,"column":73},"end":{"line":353,"column":1}},"line":330}},"branchMap":{"0":{"loc":{"start":{"line":8,"column":4},"end":{"line":12,"column":5}},"type":"if","locations":[{"start":{"line":8,"column":4},"end":{"line":12,"column":5}},{"start":{"line":10,"column":11},"end":{"line":12,"column":5}}],"line":8},"1":{"loc":{"start":{"line":27,"column":4},"end":{"line":30,"column":5}},"type":"if","locations":[{"start":{"line":27,"column":4},"end":{"line":30,"column":5}},{"start":{},"end":{}}],"line":27},"2":{"loc":{"start":{"line":36,"column":8},"end":{"line":38,"column":9}},"type":"if","locations":[{"start":{"line":36,"column":8},"end":{"line":38,"column":9}},{"start":{},"end":{}}],"line":36},"3":{"loc":{"start":{"line":41,"column":8},"end":{"line":51,"column":9}},"type":"if","locations":[{"start":{"line":41,"column":8},"end":{"line":51,"column":9}},{"start":{},"end":{}}],"line":41},"4":{"loc":{"start":{"line":66,"column":8},"end":{"line":68,"column":9}},"type":"if","locations":[{"start":{"line":66,"column":8},"end":{"line":68,"column":9}},{"start":{},"end":{}}],"line":66},"5":{"loc":{"start":{"line":95,"column":4},"end":{"line":106,"column":5}},"type":"if","locations":[{"start":{"line":95,"column":4},"end":{"line":106,"column":5}},{"start":{},"end":{}}],"line":95},"6":{"loc":{"start":{"line":95,"column":8},"end":{"line":95,"column":22}},"type":"binary-expr","locations":[{"start":{"line":95,"column":8},"end":{"line":95,"column":14}},{"start":{"line":95,"column":18},"end":{"line":95,"column":22}}],"line":95},"7":{"loc":{"start":{"line":97,"column":8},"end":{"line":100,"column":9}},"type":"if","locations":[{"start":{"line":97,"column":8},"end":{"line":100,"column":9}},{"start":{},"end":{}}],"line":97},"8":{"loc":{"start":{"line":101,"column":8},"end":{"line":105,"column":9}},"type":"if","locations":[{"start":{"line":101,"column":8},"end":{"line":105,"column":9}},{"start":{},"end":{}}],"line":101},"9":{"loc":{"start":{"line":102,"column":12},"end":{"line":102,"column":51}},"type":"if","locations":[{"start":{"line":102,"column":12},"end":{"line":102,"column":51}},{"start":{},"end":{}}],"line":102},"10":{"loc":{"start":{"line":207,"column":8},"end":{"line":209,"column":9}},"type":"if","locations":[{"start":{"line":207,"column":8},"end":{"line":209,"column":9}},{"start":{},"end":{}}],"line":207},"11":{"loc":{"start":{"line":220,"column":74},"end":{"line":220,"column":96}},"type":"default-arg","locations":[{"start":{"line":220,"column":93},"end":{"line":220,"column":96}}],"line":220},"12":{"loc":{"start":{"line":220,"column":98},"end":{"line":220,"column":115}},"type":"default-arg","locations":[{"start":{"line":220,"column":107},"end":{"line":220,"column":115}}],"line":220},"13":{"loc":{"start":{"line":222,"column":4},"end":{"line":224,"column":5}},"type":"if","locations":[{"start":{"line":222,"column":4},"end":{"line":224,"column":5}},{"start":{},"end":{}}],"line":222},"14":{"loc":{"start":{"line":222,"column":8},"end":{"line":222,"column":81}},"type":"binary-expr","locations":[{"start":{"line":222,"column":8},"end":{"line":222,"column":17}},{"start":{"line":222,"column":21},"end":{"line":222,"column":28}},{"start":{"line":222,"column":32},"end":{"line":222,"column":47}},{"start":{"line":222,"column":51},"end":{"line":222,"column":64}},{"start":{"line":222,"column":68},"end":{"line":222,"column":81}}],"line":222},"15":{"loc":{"start":{"line":229,"column":8},"end":{"line":231,"column":9}},"type":"if","locations":[{"start":{"line":229,"column":8},"end":{"line":231,"column":9}},{"start":{},"end":{}}],"line":229},"16":{"loc":{"start":{"line":235,"column":8},"end":{"line":237,"column":9}},"type":"if","locations":[{"start":{"line":235,"column":8},"end":{"line":237,"column":9}},{"start":{},"end":{}}],"line":235},"17":{"loc":{"start":{"line":262,"column":8},"end":{"line":264,"column":9}},"type":"if","locations":[{"start":{"line":262,"column":8},"end":{"line":264,"column":9}},{"start":{},"end":{}}],"line":262},"18":{"loc":{"start":{"line":268,"column":22},"end":{"line":268,"column":68}},"type":"binary-expr","locations":[{"start":{"line":268,"column":22},"end":{"line":268,"column":39}},{"start":{"line":268,"column":43},"end":{"line":268,"column":68}}],"line":268},"19":{"loc":{"start":{"line":269,"column":20},"end":{"line":269,"column":62}},"type":"binary-expr","locations":[{"start":{"line":269,"column":20},"end":{"line":269,"column":35}},{"start":{"line":269,"column":39},"end":{"line":269,"column":62}}],"line":269},"20":{"loc":{"start":{"line":270,"column":28},"end":{"line":270,"column":86}},"type":"binary-expr","locations":[{"start":{"line":270,"column":28},"end":{"line":270,"column":51}},{"start":{"line":270,"column":55},"end":{"line":270,"column":86}}],"line":270},"21":{"loc":{"start":{"line":271,"column":26},"end":{"line":271,"column":80}},"type":"binary-expr","locations":[{"start":{"line":271,"column":26},"end":{"line":271,"column":47}},{"start":{"line":271,"column":51},"end":{"line":271,"column":80}}],"line":271},"22":{"loc":{"start":{"line":272,"column":26},"end":{"line":272,"column":119}},"type":"cond-expr","locations":[{"start":{"line":272,"column":50},"end":{"line":272,"column":87}},{"start":{"line":272,"column":90},"end":{"line":272,"column":119}}],"line":272},"23":{"loc":{"start":{"line":273,"column":30},"end":{"line":273,"column":92}},"type":"binary-expr","locations":[{"start":{"line":273,"column":30},"end":{"line":273,"column":55}},{"start":{"line":273,"column":59},"end":{"line":273,"column":92}}],"line":273},"24":{"loc":{"start":{"line":274,"column":20},"end":{"line":274,"column":62}},"type":"binary-expr","locations":[{"start":{"line":274,"column":20},"end":{"line":274,"column":35}},{"start":{"line":274,"column":39},"end":{"line":274,"column":62}}],"line":274},"25":{"loc":{"start":{"line":288,"column":38},"end":{"line":288,"column":86}},"type":"binary-expr","locations":[{"start":{"line":288,"column":38},"end":{"line":288,"column":49}},{"start":{"line":288,"column":53},"end":{"line":288,"column":86}}],"line":288},"26":{"loc":{"start":{"line":307,"column":8},"end":{"line":309,"column":9}},"type":"if","locations":[{"start":{"line":307,"column":8},"end":{"line":309,"column":9}},{"start":{},"end":{}}],"line":307},"27":{"loc":{"start":{"line":313,"column":8},"end":{"line":315,"column":9}},"type":"if","locations":[{"start":{"line":313,"column":8},"end":{"line":315,"column":9}},{"start":{},"end":{}}],"line":313},"28":{"loc":{"start":{"line":323,"column":38},"end":{"line":323,"column":84}},"type":"binary-expr","locations":[{"start":{"line":323,"column":38},"end":{"line":323,"column":49}},{"start":{"line":323,"column":53},"end":{"line":323,"column":84}}],"line":323},"29":{"loc":{"start":{"line":334,"column":4},"end":{"line":336,"column":5}},"type":"if","locations":[{"start":{"line":334,"column":4},"end":{"line":336,"column":5}},{"start":{},"end":{}}],"line":334},"30":{"loc":{"start":{"line":344,"column":8},"end":{"line":346,"column":9}},"type":"if","locations":[{"start":{"line":344,"column":8},"end":{"line":346,"column":9}},{"start":{},"end":{}}],"line":344}},"s":{"0":1,"1":1,"2":1,"3":1,"4":1,"5":1,"6":0,"7":1,"8":1,"9":0,"10":1,"11":1,"12":1,"13":0,"14":0,"15":1,"16":1,"17":1,"18":1,"19":0,"20":0,"21":0,"22":0,"23":0,"24":0,"25":1,"26":0,"27":0,"28":0,"29":0,"30":0,"31":1,"32":0,"33":1,"34":0,"35":0,"36":0,"37":0,"38":0,"39":0,"40":0,"41":0,"42":0,"43":0,"44":0,"45":0,"46":0,"47":0,"48":0,"49":0,"50":0,"51":0,"52":0,"53":0,"54":1,"55":0,"56":0,"57":0,"58":0,"59":0,"60":0,"61":0,"62":0,"63":1,"64":0,"65":0,"66":0,"67":0,"68":0,"69":1,"70":0,"71":0,"72":0,"73":0,"74":0,"75":0,"76":0,"77":0,"78":1,"79":0,"80":0,"81":0,"82":0,"83":0,"84":0,"85":0,"86":0,"87":0,"88":0,"89":0,"90":0,"91":0,"92":0,"93":1,"94":0,"95":0,"96":0,"97":0,"98":0,"99":0,"100":0,"101":0,"102":0,"103":0,"104":0,"105":0,"106":0,"107":0,"108":0,"109":0,"110":1,"111":0,"112":0,"113":0,"114":0,"115":0,"116":0,"117":0,"118":0,"119":0,"120":0,"121":0,"122":0,"123":0,"124":0,"125":0,"126":0,"127":1,"128":0,"129":0,"130":0,"131":0,"132":0,"133":0,"134":0,"135":0,"136":0,"137":0,"138":0,"139":1},"f":{"0":1,"1":0,"2":1,"3":0,"4":0,"5":0,"6":0,"7":0,"8":0,"9":0,"10":0,"11":0,"12":0,"13":0},"b":{"0":[0,1],"1":[0,1],"2":[1,0],"3":[0,0],"4":[0,0],"5":[0,0],"6":[0,0],"7":[0,0],"8":[0,0],"9":[0,0],"10":[0,0],"11":[0],"12":[0],"13":[0,0],"14":[0,0,0,0,0],"15":[0,0],"16":[0,0],"17":[0,0],"18":[0,0],"19":[0,0],"20":[0,0],"21":[0,0],"22":[0,0],"23":[0,0],"24":[0,0],"25":[0,0],"26":[0,0],"27":[0,0],"28":[0,0],"29":[0,0],"30":[0,0]},"_coverageSchema":"1a1c01bbd47fc00a2c39e90264f33305004495a9","hash":"9ca4938d18652dd0e07643b4a7ed6c87c573f279"}
,"C:\\Users\\renzo\\Desktop\\Proyecto Windsurf\\routes\\buses.js": {"path":"C:\\Users\\renzo\\Desktop\\Proyecto Windsurf\\routes\\buses.js","statementMap":{"0":{"start":{"line":1,"column":16},"end":{"line":1,"column":34}},"1":{"start":{"line":2,"column":15},"end":{"line":2,"column":31}},"2":{"start":{"line":3,"column":13},"end":{"line":3,"column":38}},"3":{"start":{"line":6,"column":19},"end":{"line":12,"column":1}},"4":{"start":{"line":7,"column":4},"end":{"line":11,"column":5}},"5":{"start":{"line":8,"column":8},"end":{"line":8,"column":15}},"6":{"start":{"line":10,"column":8},"end":{"line":10,"column":65}},"7":{"start":{"line":19,"column":0},"end":{"line":89,"column":3}},"8":{"start":{"line":20,"column":42},"end":{"line":20,"column":51}},"9":{"start":{"line":21,"column":4},"end":{"line":23,"column":5}},"10":{"start":{"line":22,"column":8},"end":{"line":22,"column":93}},"11":{"start":{"line":25,"column":4},"end":{"line":88,"column":5}},"12":{"start":{"line":27,"column":27},"end":{"line":27,"column":97}},"13":{"start":{"line":28,"column":28},"end":{"line":28,"column":79}},"14":{"start":{"line":30,"column":8},"end":{"line":32,"column":9}},"15":{"start":{"line":31,"column":12},"end":{"line":31,"column":32}},"16":{"start":{"line":33,"column":29},"end":{"line":33,"column":48}},"17":{"start":{"line":36,"column":26},"end":{"line":36,"column":103}},"18":{"start":{"line":37,"column":31},"end":{"line":47,"column":9}},"19":{"start":{"line":48,"column":28},"end":{"line":48,"column":56}},"20":{"start":{"line":49,"column":32},"end":{"line":49,"column":77}},"21":{"start":{"line":51,"column":8},"end":{"line":53,"column":9}},"22":{"start":{"line":52,"column":12},"end":{"line":52,"column":32}},"23":{"start":{"line":56,"column":42},"end":{"line":81,"column":11}},"24":{"start":{"line":57,"column":39},"end":{"line":60,"column":13}},"25":{"start":{"line":62,"column":34},"end":{"line":62,"column":36}},"26":{"start":{"line":63,"column":36},"end":{"line":63,"column":41}},"27":{"start":{"line":64,"column":12},"end":{"line":70,"column":15}},"28":{"start":{"line":65,"column":16},"end":{"line":69,"column":17}},"29":{"start":{"line":65,"column":55},"end":{"line":65,"column":80}},"30":{"start":{"line":66,"column":21},"end":{"line":69,"column":17}},"31":{"start":{"line":67,"column":36},"end":{"line":67,"column":92}},"32":{"start":{"line":67,"column":75},"end":{"line":67,"column":91}},"33":{"start":{"line":68,"column":20},"end":{"line":68,"column":53}},"34":{"start":{"line":72,"column":35},"end":{"line":72,"column":115}},"35":{"start":{"line":73,"column":39},"end":{"line":73,"column":89}},"36":{"start":{"line":75,"column":12},"end":{"line":80,"column":14}},"37":{"start":{"line":83,"column":8},"end":{"line":83,"column":44}},"38":{"start":{"line":86,"column":8},"end":{"line":86,"column":61}},"39":{"start":{"line":87,"column":8},"end":{"line":87,"column":89}},"40":{"start":{"line":92,"column":0},"end":{"line":139,"column":3}},"41":{"start":{"line":93,"column":28},"end":{"line":93,"column":38}},"42":{"start":{"line":94,"column":21},"end":{"line":94,"column":30}},"43":{"start":{"line":96,"column":4},"end":{"line":98,"column":5}},"44":{"start":{"line":97,"column":8},"end":{"line":97,"column":88}},"45":{"start":{"line":100,"column":4},"end":{"line":138,"column":5}},"46":{"start":{"line":101,"column":28},"end":{"line":101,"column":105}},"47":{"start":{"line":102,"column":8},"end":{"line":104,"column":9}},"48":{"start":{"line":103,"column":12},"end":{"line":103,"column":76}},"49":{"start":{"line":105,"column":22},"end":{"line":105,"column":48}},"50":{"start":{"line":107,"column":25},"end":{"line":107,"column":144}},"51":{"start":{"line":108,"column":25},"end":{"line":108,"column":38}},"52":{"start":{"line":110,"column":32},"end":{"line":113,"column":9}},"53":{"start":{"line":115,"column":30},"end":{"line":115,"column":39}},"54":{"start":{"line":116,"column":36},"end":{"line":116,"column":41}},"55":{"start":{"line":117,"column":8},"end":{"line":123,"column":11}},"56":{"start":{"line":118,"column":12},"end":{"line":122,"column":13}},"57":{"start":{"line":119,"column":16},"end":{"line":119,"column":45}},"58":{"start":{"line":120,"column":19},"end":{"line":122,"column":13}},"59":{"start":{"line":121,"column":16},"end":{"line":121,"column":98}},"60":{"start":{"line":121,"column":59},"end":{"line":121,"column":96}},"61":{"start":{"line":125,"column":32},"end":{"line":128,"column":11}},"62":{"start":{"line":125,"column":54},"end":{"line":128,"column":9}},"63":{"start":{"line":130,"column":8},"end":{"line":133,"column":11}},"64":{"start":{"line":136,"column":8},"end":{"line":136,"column":61}},"65":{"start":{"line":137,"column":8},"end":{"line":137,"column":94}},"66":{"start":{"line":142,"column":0},"end":{"line":150,"column":3}},"67":{"start":{"line":143,"column":4},"end":{"line":149,"column":5}},"68":{"start":{"line":144,"column":23},"end":{"line":144,"column":74}},"69":{"start":{"line":145,"column":8},"end":{"line":145,"column":30}},"70":{"start":{"line":147,"column":8},"end":{"line":147,"column":66}},"71":{"start":{"line":148,"column":8},"end":{"line":148,"column":70}},"72":{"start":{"line":153,"column":0},"end":{"line":165,"column":3}},"73":{"start":{"line":154,"column":19},"end":{"line":154,"column":29}},"74":{"start":{"line":155,"column":4},"end":{"line":164,"column":5}},"75":{"start":{"line":156,"column":23},"end":{"line":156,"column":82}},"76":{"start":{"line":157,"column":8},"end":{"line":159,"column":9}},"77":{"start":{"line":158,"column":12},"end":{"line":158,"column":76}},"78":{"start":{"line":160,"column":8},"end":{"line":160,"column":33}},"79":{"start":{"line":162,"column":8},"end":{"line":162,"column":64}},"80":{"start":{"line":163,"column":8},"end":{"line":163,"column":68}},"81":{"start":{"line":168,"column":0},"end":{"line":202,"column":3}},"82":{"start":{"line":169,"column":51},"end":{"line":169,"column":59}},"83":{"start":{"line":170,"column":4},"end":{"line":172,"column":5}},"84":{"start":{"line":171,"column":8},"end":{"line":171,"column":101}},"85":{"start":{"line":173,"column":26},"end":{"line":173,"column":63}},"86":{"start":{"line":174,"column":4},"end":{"line":176,"column":5}},"87":{"start":{"line":175,"column":8},"end":{"line":175,"column":108}},"88":{"start":{"line":177,"column":19},"end":{"line":177,"column":39}},"89":{"start":{"line":178,"column":4},"end":{"line":201,"column":5}},"90":{"start":{"line":179,"column":8},"end":{"line":179,"column":36}},"91":{"start":{"line":180,"column":28},"end":{"line":180,"column":106}},"92":{"start":{"line":181,"column":8},"end":{"line":183,"column":9}},"93":{"start":{"line":182,"column":12},"end":{"line":182,"column":67}},"94":{"start":{"line":184,"column":23},"end":{"line":187,"column":9}},"95":{"start":{"line":188,"column":20},"end":{"line":188,"column":34}},"96":{"start":{"line":189,"column":8},"end":{"line":189,"column":62}},"97":{"start":{"line":190,"column":8},"end":{"line":190,"column":37}},"98":{"start":{"line":191,"column":8},"end":{"line":191,"column":34}},"99":{"start":{"line":193,"column":8},"end":{"line":193,"column":39}},"100":{"start":{"line":194,"column":8},"end":{"line":194,"column":62}},"101":{"start":{"line":195,"column":29},"end":{"line":197,"column":62}},"102":{"start":{"line":198,"column":8},"end":{"line":198,"column":54}},"103":{"start":{"line":200,"column":8},"end":{"line":200,"column":25}},"104":{"start":{"line":205,"column":0},"end":{"line":255,"column":3}},"105":{"start":{"line":206,"column":19},"end":{"line":206,"column":29}},"106":{"start":{"line":207,"column":51},"end":{"line":207,"column":59}},"107":{"start":{"line":208,"column":19},"end":{"line":208,"column":39}},"108":{"start":{"line":210,"column":26},"end":{"line":210,"column":63}},"109":{"start":{"line":211,"column":4},"end":{"line":214,"column":5}},"110":{"start":{"line":212,"column":8},"end":{"line":212,"column":25}},"111":{"start":{"line":213,"column":8},"end":{"line":213,"column":108}},"112":{"start":{"line":216,"column":4},"end":{"line":254,"column":5}},"113":{"start":{"line":217,"column":8},"end":{"line":217,"column":36}},"114":{"start":{"line":218,"column":34},"end":{"line":218,"column":95}},"115":{"start":{"line":219,"column":8},"end":{"line":221,"column":9}},"116":{"start":{"line":220,"column":12},"end":{"line":220,"column":53}},"117":{"start":{"line":222,"column":28},"end":{"line":222,"column":53}},"118":{"start":{"line":223,"column":23},"end":{"line":228,"column":9}},"119":{"start":{"line":229,"column":8},"end":{"line":234,"column":9}},"120":{"start":{"line":230,"column":33},"end":{"line":230,"column":135}},"121":{"start":{"line":231,"column":12},"end":{"line":233,"column":13}},"122":{"start":{"line":232,"column":16},"end":{"line":232,"column":73}},"123":{"start":{"line":235,"column":8},"end":{"line":241,"column":9}},"124":{"start":{"line":236,"column":37},"end":{"line":236,"column":165}},"125":{"start":{"line":237,"column":12},"end":{"line":239,"column":13}},"126":{"start":{"line":238,"column":16},"end":{"line":238,"column":107}},"127":{"start":{"line":240,"column":12},"end":{"line":240,"column":65}},"128":{"start":{"line":242,"column":23},"end":{"line":245,"column":9}},"129":{"start":{"line":246,"column":8},"end":{"line":246,"column":37}},"130":{"start":{"line":247,"column":8},"end":{"line":247,"column":33}},"131":{"start":{"line":249,"column":8},"end":{"line":249,"column":39}},"132":{"start":{"line":250,"column":8},"end":{"line":250,"column":67}},"133":{"start":{"line":251,"column":8},"end":{"line":251,"column":90}},"134":{"start":{"line":253,"column":8},"end":{"line":253,"column":25}},"135":{"start":{"line":258,"column":0},"end":{"line":291,"column":3}},"136":{"start":{"line":259,"column":19},"end":{"line":259,"column":29}},"137":{"start":{"line":260,"column":19},"end":{"line":260,"column":39}},"138":{"start":{"line":261,"column":4},"end":{"line":290,"column":5}},"139":{"start":{"line":262,"column":8},"end":{"line":262,"column":36}},"140":{"start":{"line":263,"column":33},"end":{"line":269,"column":9}},"141":{"start":{"line":270,"column":8},"end":{"line":272,"column":9}},"142":{"start":{"line":271,"column":12},"end":{"line":271,"column":101}},"143":{"start":{"line":273,"column":30},"end":{"line":273,"column":134}},"144":{"start":{"line":274,"column":8},"end":{"line":276,"column":9}},"145":{"start":{"line":275,"column":12},"end":{"line":275,"column":98}},"146":{"start":{"line":277,"column":8},"end":{"line":277,"column":72}},"147":{"start":{"line":278,"column":23},"end":{"line":278,"column":94}},"148":{"start":{"line":279,"column":8},"end":{"line":281,"column":9}},"149":{"start":{"line":280,"column":12},"end":{"line":280,"column":53}},"150":{"start":{"line":282,"column":8},"end":{"line":282,"column":37}},"151":{"start":{"line":283,"column":8},"end":{"line":283,"column":64}},"152":{"start":{"line":285,"column":8},"end":{"line":285,"column":39}},"153":{"start":{"line":286,"column":8},"end":{"line":286,"column":65}},"154":{"start":{"line":287,"column":8},"end":{"line":287,"column":88}},"155":{"start":{"line":289,"column":8},"end":{"line":289,"column":25}},"156":{"start":{"line":297,"column":4},"end":{"line":306,"column":5}},"157":{"start":{"line":297,"column":17},"end":{"line":297,"column":18}},"158":{"start":{"line":299,"column":25},"end":{"line":299,"column":56}},"159":{"start":{"line":300,"column":30},"end":{"line":300,"column":65}},"160":{"start":{"line":302,"column":8},"end":{"line":305,"column":10}},"161":{"start":{"line":310,"column":4},"end":{"line":310,"column":71}},"162":{"start":{"line":311,"column":4},"end":{"line":311,"column":56}},"163":{"start":{"line":314,"column":0},"end":{"line":314,"column":24}}},"fnMap":{"0":{"name":"(anonymous_0)","decl":{"start":{"line":6,"column":19},"end":{"line":6,"column":20}},"loc":{"start":{"line":6,"column":39},"end":{"line":12,"column":1}},"line":6},"1":{"name":"(anonymous_1)","decl":{"start":{"line":19,"column":25},"end":{"line":19,"column":26}},"loc":{"start":{"line":19,"column":45},"end":{"line":89,"column":1}},"line":19},"2":{"name":"(anonymous_2)","decl":{"start":{"line":56,"column":85},"end":{"line":56,"column":86}},"loc":{"start":{"line":56,"column":105},"end":{"line":81,"column":9}},"line":56},"3":{"name":"(anonymous_3)","decl":{"start":{"line":64,"column":44},"end":{"line":64,"column":45}},"loc":{"start":{"line":64,"column":49},"end":{"line":70,"column":13}},"line":64},"4":{"name":"(anonymous_4)","decl":{"start":{"line":67,"column":69},"end":{"line":67,"column":70}},"loc":{"start":{"line":67,"column":75},"end":{"line":67,"column":91}},"line":67},"5":{"name":"(anonymous_5)","decl":{"start":{"line":92,"column":34},"end":{"line":92,"column":35}},"loc":{"start":{"line":92,"column":54},"end":{"line":139,"column":1}},"line":92},"6":{"name":"(anonymous_6)","decl":{"start":{"line":117,"column":37},"end":{"line":117,"column":38}},"loc":{"start":{"line":117,"column":42},"end":{"line":123,"column":9}},"line":117},"7":{"name":"(anonymous_7)","decl":{"start":{"line":121,"column":53},"end":{"line":121,"column":54}},"loc":{"start":{"line":121,"column":59},"end":{"line":121,"column":96}},"line":121},"8":{"name":"(anonymous_8)","decl":{"start":{"line":125,"column":45},"end":{"line":125,"column":46}},"loc":{"start":{"line":125,"column":54},"end":{"line":128,"column":9}},"line":125},"9":{"name":"(anonymous_9)","decl":{"start":{"line":142,"column":16},"end":{"line":142,"column":17}},"loc":{"start":{"line":142,"column":36},"end":{"line":150,"column":1}},"line":142},"10":{"name":"(anonymous_10)","decl":{"start":{"line":153,"column":19},"end":{"line":153,"column":20}},"loc":{"start":{"line":153,"column":39},"end":{"line":165,"column":1}},"line":153},"11":{"name":"(anonymous_11)","decl":{"start":{"line":168,"column":29},"end":{"line":168,"column":30}},"loc":{"start":{"line":168,"column":49},"end":{"line":202,"column":1}},"line":168},"12":{"name":"(anonymous_12)","decl":{"start":{"line":205,"column":31},"end":{"line":205,"column":32}},"loc":{"start":{"line":205,"column":51},"end":{"line":255,"column":1}},"line":205},"13":{"name":"(anonymous_13)","decl":{"start":{"line":258,"column":34},"end":{"line":258,"column":35}},"loc":{"start":{"line":258,"column":54},"end":{"line":291,"column":1}},"line":258},"14":{"name":"createSeatsForBus","decl":{"start":{"line":295,"column":15},"end":{"line":295,"column":32}},"loc":{"start":{"line":295,"column":58},"end":{"line":307,"column":1}},"line":295},"15":{"name":"updateSeatsForBus","decl":{"start":{"line":309,"column":15},"end":{"line":309,"column":32}},"loc":{"start":{"line":309,"column":61},"end":{"line":312,"column":1}},"line":309}},"branchMap":{"0":{"loc":{"start":{"line":7,"column":4},"end":{"line":11,"column":5}},"type":"if","locations":[{"start":{"line":7,"column":4},"end":{"line":11,"column":5}},{"start":{"line":9,"column":11},"end":{"line":11,"column":5}}],"line":7},"1":{"loc":{"start":{"line":21,"column":4},"end":{"line":23,"column":5}},"type":"if","locations":[{"start":{"line":21,"column":4},"end":{"line":23,"column":5}},{"start":{},"end":{}}],"line":21},"2":{"loc":{"start":{"line":21,"column":8},"end":{"line":21,"column":40}},"type":"binary-expr","locations":[{"start":{"line":21,"column":8},"end":{"line":21,"column":15}},{"start":{"line":21,"column":19},"end":{"line":21,"column":31}},{"start":{"line":21,"column":35},"end":{"line":21,"column":40}}],"line":21},"3":{"loc":{"start":{"line":30,"column":8},"end":{"line":32,"column":9}},"type":"if","locations":[{"start":{"line":30,"column":8},"end":{"line":32,"column":9}},{"start":{},"end":{}}],"line":30},"4":{"loc":{"start":{"line":51,"column":8},"end":{"line":53,"column":9}},"type":"if","locations":[{"start":{"line":51,"column":8},"end":{"line":53,"column":9}},{"start":{},"end":{}}],"line":51},"5":{"loc":{"start":{"line":65,"column":16},"end":{"line":69,"column":17}},"type":"if","locations":[{"start":{"line":65,"column":16},"end":{"line":69,"column":17}},{"start":{"line":66,"column":21},"end":{"line":69,"column":17}}],"line":65},"6":{"loc":{"start":{"line":66,"column":21},"end":{"line":69,"column":17}},"type":"if","locations":[{"start":{"line":66,"column":21},"end":{"line":69,"column":17}},{"start":{},"end":{}}],"line":66},"7":{"loc":{"start":{"line":72,"column":35},"end":{"line":72,"column":115}},"type":"cond-expr","locations":[{"start":{"line":72,"column":55},"end":{"line":72,"column":56}},{"start":{"line":72,"column":59},"end":{"line":72,"column":115}}],"line":72},"8":{"loc":{"start":{"line":73,"column":39},"end":{"line":73,"column":89}},"type":"binary-expr","locations":[{"start":{"line":73,"column":39},"end":{"line":73,"column":57}},{"start":{"line":73,"column":61},"end":{"line":73,"column":89}}],"line":73},"9":{"loc":{"start":{"line":96,"column":4},"end":{"line":98,"column":5}},"type":"if","locations":[{"start":{"line":96,"column":4},"end":{"line":98,"column":5}},{"start":{},"end":{}}],"line":96},"10":{"loc":{"start":{"line":96,"column":8},"end":{"line":96,"column":29}},"type":"binary-expr","locations":[{"start":{"line":96,"column":8},"end":{"line":96,"column":20}},{"start":{"line":96,"column":24},"end":{"line":96,"column":29}}],"line":96},"11":{"loc":{"start":{"line":102,"column":8},"end":{"line":104,"column":9}},"type":"if","locations":[{"start":{"line":102,"column":8},"end":{"line":104,"column":9}},{"start":{},"end":{}}],"line":102},"12":{"loc":{"start":{"line":118,"column":12},"end":{"line":122,"column":13}},"type":"if","locations":[{"start":{"line":118,"column":12},"end":{"line":122,"column":13}},{"start":{"line":120,"column":19},"end":{"line":122,"column":13}}],"line":118},"13":{"loc":{"start":{"line":120,"column":19},"end":{"line":122,"column":13}},"type":"if","locations":[{"start":{"line":120,"column":19},"end":{"line":122,"column":13}},{"start":{},"end":{}}],"line":120},"14":{"loc":{"start":{"line":127,"column":26},"end":{"line":127,"column":81}},"type":"binary-expr","locations":[{"start":{"line":127,"column":26},"end":{"line":127,"column":48}},{"start":{"line":127,"column":52},"end":{"line":127,"column":81}}],"line":127},"15":{"loc":{"start":{"line":157,"column":8},"end":{"line":159,"column":9}},"type":"if","locations":[{"start":{"line":157,"column":8},"end":{"line":159,"column":9}},{"start":{},"end":{}}],"line":157},"16":{"loc":{"start":{"line":170,"column":4},"end":{"line":172,"column":5}},"type":"if","locations":[{"start":{"line":170,"column":4},"end":{"line":172,"column":5}},{"start":{},"end":{}}],"line":170},"17":{"loc":{"start":{"line":170,"column":8},"end":{"line":170,"column":41}},"type":"binary-expr","locations":[{"start":{"line":170,"column":8},"end":{"line":170,"column":19}},{"start":{"line":170,"column":23},"end":{"line":170,"column":28}},{"start":{"line":170,"column":32},"end":{"line":170,"column":41}}],"line":170},"18":{"loc":{"start":{"line":174,"column":4},"end":{"line":176,"column":5}},"type":"if","locations":[{"start":{"line":174,"column":4},"end":{"line":176,"column":5}},{"start":{},"end":{}}],"line":174},"19":{"loc":{"start":{"line":174,"column":8},"end":{"line":174,"column":50}},"type":"binary-expr","locations":[{"start":{"line":174,"column":8},"end":{"line":174,"column":15}},{"start":{"line":174,"column":19},"end":{"line":174,"column":50}}],"line":174},"20":{"loc":{"start":{"line":181,"column":8},"end":{"line":183,"column":9}},"type":"if","locations":[{"start":{"line":181,"column":8},"end":{"line":183,"column":9}},{"start":{},"end":{}}],"line":181},"21":{"loc":{"start":{"line":195,"column":29},"end":{"line":197,"column":62}},"type":"cond-expr","locations":[{"start":{"line":196,"column":14},"end":{"line":196,"column":25}},{"start":{"line":197,"column":14},"end":{"line":197,"column":62}}],"line":195},"22":{"loc":{"start":{"line":211,"column":4},"end":{"line":214,"column":5}},"type":"if","locations":[{"start":{"line":211,"column":4},"end":{"line":214,"column":5}},{"start":{},"end":{}}],"line":211},"23":{"loc":{"start":{"line":211,"column":8},"end":{"line":211,"column":50}},"type":"binary-expr","locations":[{"start":{"line":211,"column":8},"end":{"line":211,"column":15}},{"start":{"line":211,"column":19},"end":{"line":211,"column":50}}],"line":211},"24":{"loc":{"start":{"line":219,"column":8},"end":{"line":221,"column":9}},"type":"if","locations":[{"start":{"line":219,"column":8},"end":{"line":221,"column":9}},{"start":{},"end":{}}],"line":219},"25":{"loc":{"start":{"line":224,"column":24},"end":{"line":224,"column":69}},"type":"binary-expr","locations":[{"start":{"line":224,"column":24},"end":{"line":224,"column":43}},{"start":{"line":224,"column":47},"end":{"line":224,"column":69}}],"line":224},"26":{"loc":{"start":{"line":225,"column":18},"end":{"line":225,"column":51}},"type":"binary-expr","locations":[{"start":{"line":225,"column":18},"end":{"line":225,"column":31}},{"start":{"line":225,"column":35},"end":{"line":225,"column":51}}],"line":225},"27":{"loc":{"start":{"line":226,"column":22},"end":{"line":226,"column":92}},"type":"cond-expr","locations":[{"start":{"line":226,"column":42},"end":{"line":226,"column":69}},{"start":{"line":226,"column":72},"end":{"line":226,"column":92}}],"line":226},"28":{"loc":{"start":{"line":227,"column":20},"end":{"line":227,"column":57}},"type":"binary-expr","locations":[{"start":{"line":227,"column":20},"end":{"line":227,"column":35}},{"start":{"line":227,"column":39},"end":{"line":227,"column":57}}],"line":227},"29":{"loc":{"start":{"line":229,"column":8},"end":{"line":234,"column":9}},"type":"if","locations":[{"start":{"line":229,"column":8},"end":{"line":234,"column":9}},{"start":{},"end":{}}],"line":229},"30":{"loc":{"start":{"line":231,"column":12},"end":{"line":233,"column":13}},"type":"if","locations":[{"start":{"line":231,"column":12},"end":{"line":233,"column":13}},{"start":{},"end":{}}],"line":231},"31":{"loc":{"start":{"line":235,"column":8},"end":{"line":241,"column":9}},"type":"if","locations":[{"start":{"line":235,"column":8},"end":{"line":241,"column":9}},{"start":{},"end":{}}],"line":235},"32":{"loc":{"start":{"line":237,"column":12},"end":{"line":239,"column":13}},"type":"if","locations":[{"start":{"line":237,"column":12},"end":{"line":239,"column":13}},{"start":{},"end":{}}],"line":237},"33":{"loc":{"start":{"line":251,"column":38},"end":{"line":251,"column":86}},"type":"binary-expr","locations":[{"start":{"line":251,"column":38},"end":{"line":251,"column":49}},{"start":{"line":251,"column":53},"end":{"line":251,"column":86}}],"line":251},"34":{"loc":{"start":{"line":270,"column":8},"end":{"line":272,"column":9}},"type":"if","locations":[{"start":{"line":270,"column":8},"end":{"line":272,"column":9}},{"start":{},"end":{}}],"line":270},"35":{"loc":{"start":{"line":274,"column":8},"end":{"line":276,"column":9}},"type":"if","locations":[{"start":{"line":274,"column":8},"end":{"line":276,"column":9}},{"start":{},"end":{}}],"line":274},"36":{"loc":{"start":{"line":279,"column":8},"end":{"line":281,"column":9}},"type":"if","locations":[{"start":{"line":279,"column":8},"end":{"line":281,"column":9}},{"start":{},"end":{}}],"line":279},"37":{"loc":{"start":{"line":287,"column":38},"end":{"line":287,"column":84}},"type":"binary-expr","locations":[{"start":{"line":287,"column":38},"end":{"line":287,"column":49}},{"start":{"line":287,"column":53},"end":{"line":287,"column":84}}],"line":287},"38":{"loc":{"start":{"line":299,"column":25},"end":{"line":299,"column":56}},"type":"cond-expr","locations":[{"start":{"line":299,"column":34},"end":{"line":299,"column":43}},{"start":{"line":299,"column":46},"end":{"line":299,"column":56}}],"line":299},"39":{"loc":{"start":{"line":300,"column":30},"end":{"line":300,"column":65}},"type":"cond-expr","locations":[{"start":{"line":300,"column":55},"end":{"line":300,"column":59}},{"start":{"line":300,"column":62},"end":{"line":300,"column":65}}],"line":300}},"s":{"0":1,"1":1,"2":1,"3":1,"4":0,"5":0,"6":0,"7":1,"8":0,"9":0,"10":0,"11":0,"12":0,"13":0,"14":0,"15":0,"16":0,"17":0,"18":0,"19":0,"20":0,"21":0,"22":0,"23":0,"24":0,"25":0,"26":0,"27":0,"28":0,"29":0,"30":0,"31":0,"32":0,"33":0,"34":0,"35":0,"36":0,"37":0,"38":0,"39":0,"40":1,"41":0,"42":0,"43":0,"44":0,"45":0,"46":0,"47":0,"48":0,"49":0,"50":0,"51":0,"52":0,"53":0,"54":0,"55":0,"56":0,"57":0,"58":0,"59":0,"60":0,"61":0,"62":0,"63":0,"64":0,"65":0,"66":1,"67":0,"68":0,"69":0,"70":0,"71":0,"72":1,"73":0,"74":0,"75":0,"76":0,"77":0,"78":0,"79":0,"80":0,"81":1,"82":0,"83":0,"84":0,"85":0,"86":0,"87":0,"88":0,"89":0,"90":0,"91":0,"92":0,"93":0,"94":0,"95":0,"96":0,"97":0,"98":0,"99":0,"100":0,"101":0,"102":0,"103":0,"104":1,"105":0,"106":0,"107":0,"108":0,"109":0,"110":0,"111":0,"112":0,"113":0,"114":0,"115":0,"116":0,"117":0,"118":0,"119":0,"120":0,"121":0,"122":0,"123":0,"124":0,"125":0,"126":0,"127":0,"128":0,"129":0,"130":0,"131":0,"132":0,"133":0,"134":0,"135":1,"136":0,"137":0,"138":0,"139":0,"140":0,"141":0,"142":0,"143":0,"144":0,"145":0,"146":0,"147":0,"148":0,"149":0,"150":0,"151":0,"152":0,"153":0,"154":0,"155":0,"156":0,"157":0,"158":0,"159":0,"160":0,"161":0,"162":0,"163":1},"f":{"0":0,"1":0,"2":0,"3":0,"4":0,"5":0,"6":0,"7":0,"8":0,"9":0,"10":0,"11":0,"12":0,"13":0,"14":0,"15":0},"b":{"0":[0,0],"1":[0,0],"2":[0,0,0],"3":[0,0],"4":[0,0],"5":[0,0],"6":[0,0],"7":[0,0],"8":[0,0],"9":[0,0],"10":[0,0],"11":[0,0],"12":[0,0],"13":[0,0],"14":[0,0],"15":[0,0],"16":[0,0],"17":[0,0,0],"18":[0,0],"19":[0,0],"20":[0,0],"21":[0,0],"22":[0,0],"23":[0,0],"24":[0,0],"25":[0,0],"26":[0,0],"27":[0,0],"28":[0,0],"29":[0,0],"30":[0,0],"31":[0,0],"32":[0,0],"33":[0,0],"34":[0,0],"35":[0,0],"36":[0,0],"37":[0,0],"38":[0,0],"39":[0,0]},"_coverageSchema":"1a1c01bbd47fc00a2c39e90264f33305004495a9","hash":"691029a96e006b370af66060acf1a4cdb6488cfa"}
,"C:\\Users\\renzo\\Desktop\\Proyecto Windsurf\\routes\\holds.js": {"path":"C:\\Users\\renzo\\Desktop\\Proyecto Windsurf\\routes\\holds.js","statementMap":{"0":{"start":{"line":1,"column":16},"end":{"line":1,"column":34}},"1":{"start":{"line":2,"column":15},"end":{"line":2,"column":31}},"2":{"start":{"line":3,"column":13},"end":{"line":3,"column":38}},"3":{"start":{"line":5,"column":30},"end":{"line":5,"column":32}},"4":{"start":{"line":8,"column":0},"end":{"line":67,"column":3}},"5":{"start":{"line":9,"column":62},"end":{"line":9,"column":70}},"6":{"start":{"line":11,"column":4},"end":{"line":13,"column":5}},"7":{"start":{"line":12,"column":8},"end":{"line":12,"column":91}},"8":{"start":{"line":15,"column":19},"end":{"line":15,"column":39}},"9":{"start":{"line":16,"column":4},"end":{"line":66,"column":5}},"10":{"start":{"line":17,"column":8},"end":{"line":17,"column":36}},"11":{"start":{"line":20,"column":35},"end":{"line":23,"column":9}},"12":{"start":{"line":24,"column":36},"end":{"line":24,"column":107}},"13":{"start":{"line":25,"column":32},"end":{"line":25,"column":93}},"14":{"start":{"line":25,"column":70},"end":{"line":25,"column":92}},"15":{"start":{"line":28,"column":31},"end":{"line":31,"column":9}},"16":{"start":{"line":32,"column":32},"end":{"line":32,"column":99}},"17":{"start":{"line":33,"column":28},"end":{"line":33,"column":81}},"18":{"start":{"line":33,"column":62},"end":{"line":33,"column":80}},"19":{"start":{"line":36,"column":30},"end":{"line":36,"column":75}},"20":{"start":{"line":37,"column":26},"end":{"line":37,"column":82}},"21":{"start":{"line":37,"column":56},"end":{"line":37,"column":81}},"22":{"start":{"line":39,"column":8},"end":{"line":42,"column":9}},"23":{"start":{"line":40,"column":12},"end":{"line":40,"column":43}},"24":{"start":{"line":41,"column":12},"end":{"line":41,"column":119}},"25":{"start":{"line":45,"column":27},"end":{"line":45,"column":79}},"26":{"start":{"line":46,"column":32},"end":{"line":50,"column":9}},"27":{"start":{"line":51,"column":23},"end":{"line":51,"column":135}},"28":{"start":{"line":53,"column":8},"end":{"line":53,"column":37}},"29":{"start":{"line":55,"column":8},"end":{"line":58,"column":11}},"30":{"start":{"line":61,"column":8},"end":{"line":61,"column":39}},"31":{"start":{"line":62,"column":8},"end":{"line":62,"column":57}},"32":{"start":{"line":63,"column":8},"end":{"line":63,"column":71}},"33":{"start":{"line":65,"column":8},"end":{"line":65,"column":25}},"34":{"start":{"line":70,"column":0},"end":{"line":79,"column":3}},"35":{"start":{"line":71,"column":19},"end":{"line":71,"column":29}},"36":{"start":{"line":72,"column":4},"end":{"line":78,"column":5}},"37":{"start":{"line":73,"column":8},"end":{"line":73,"column":66}},"38":{"start":{"line":74,"column":8},"end":{"line":74,"column":31}},"39":{"start":{"line":76,"column":8},"end":{"line":76,"column":60}},"40":{"start":{"line":77,"column":8},"end":{"line":77,"column":71}},"41":{"start":{"line":82,"column":0},"end":{"line":91,"column":3}},"42":{"start":{"line":83,"column":4},"end":{"line":90,"column":5}},"43":{"start":{"line":84,"column":23},"end":{"line":84,"column":86}},"44":{"start":{"line":85,"column":8},"end":{"line":85,"column":91}},"45":{"start":{"line":86,"column":8},"end":{"line":86,"column":65}},"46":{"start":{"line":88,"column":8},"end":{"line":88,"column":70}},"47":{"start":{"line":89,"column":8},"end":{"line":89,"column":71}},"48":{"start":{"line":93,"column":0},"end":{"line":93,"column":24}}},"fnMap":{"0":{"name":"(anonymous_0)","decl":{"start":{"line":8,"column":17},"end":{"line":8,"column":18}},"loc":{"start":{"line":8,"column":37},"end":{"line":67,"column":1}},"line":8},"1":{"name":"(anonymous_1)","decl":{"start":{"line":25,"column":65},"end":{"line":25,"column":66}},"loc":{"start":{"line":25,"column":70},"end":{"line":25,"column":92}},"line":25},"2":{"name":"(anonymous_2)","decl":{"start":{"line":33,"column":57},"end":{"line":33,"column":58}},"loc":{"start":{"line":33,"column":62},"end":{"line":33,"column":80}},"line":33},"3":{"name":"(anonymous_3)","decl":{"start":{"line":37,"column":46},"end":{"line":37,"column":47}},"loc":{"start":{"line":37,"column":56},"end":{"line":37,"column":81}},"line":37},"4":{"name":"(anonymous_4)","decl":{"start":{"line":70,"column":22},"end":{"line":70,"column":23}},"loc":{"start":{"line":70,"column":42},"end":{"line":79,"column":1}},"line":70},"5":{"name":"(anonymous_5)","decl":{"start":{"line":82,"column":23},"end":{"line":82,"column":24}},"loc":{"start":{"line":82,"column":43},"end":{"line":91,"column":1}},"line":82}},"branchMap":{"0":{"loc":{"start":{"line":11,"column":4},"end":{"line":13,"column":5}},"type":"if","locations":[{"start":{"line":11,"column":4},"end":{"line":13,"column":5}},{"start":{},"end":{}}],"line":11},"1":{"loc":{"start":{"line":11,"column":8},"end":{"line":11,"column":106}},"type":"binary-expr","locations":[{"start":{"line":11,"column":8},"end":{"line":11,"column":20}},{"start":{"line":11,"column":24},"end":{"line":11,"column":41}},{"start":{"line":11,"column":45},"end":{"line":11,"column":75}},{"start":{"line":11,"column":79},"end":{"line":11,"column":106}}],"line":11},"2":{"loc":{"start":{"line":25,"column":70},"end":{"line":25,"column":92}},"type":"binary-expr","locations":[{"start":{"line":25,"column":70},"end":{"line":25,"column":86}},{"start":{"line":25,"column":90},"end":{"line":25,"column":92}}],"line":25},"3":{"loc":{"start":{"line":33,"column":62},"end":{"line":33,"column":80}},"type":"binary-expr","locations":[{"start":{"line":33,"column":62},"end":{"line":33,"column":74}},{"start":{"line":33,"column":78},"end":{"line":33,"column":80}}],"line":33},"4":{"loc":{"start":{"line":39,"column":8},"end":{"line":42,"column":9}},"type":"if","locations":[{"start":{"line":39,"column":8},"end":{"line":42,"column":9}},{"start":{},"end":{}}],"line":39}},"s":{"0":1,"1":1,"2":1,"3":1,"4":1,"5":2,"6":2,"7":0,"8":2,"9":2,"10":2,"11":2,"12":2,"13":2,"14":0,"15":2,"16":2,"17":2,"18":1,"19":2,"20":2,"21":3,"22":2,"23":1,"24":1,"25":1,"26":1,"27":1,"28":1,"29":1,"30":0,"31":0,"32":0,"33":2,"34":1,"35":0,"36":0,"37":0,"38":0,"39":0,"40":0,"41":1,"42":0,"43":0,"44":0,"45":0,"46":0,"47":0,"48":1},"f":{"0":2,"1":0,"2":1,"3":3,"4":0,"5":0},"b":{"0":[0,2],"1":[2,2,2,2],"2":[0,0],"3":[1,0],"4":[1,1]},"_coverageSchema":"1a1c01bbd47fc00a2c39e90264f33305004495a9","hash":"3c9de0209e83a9da0d0aecb5be0934be21af2d29"}
,"C:\\Users\\renzo\\Desktop\\Proyecto Windsurf\\routes\\reservations.js": {"path":"C:\\Users\\renzo\\Desktop\\Proyecto Windsurf\\routes\\reservations.js","statementMap":{"0":{"start":{"line":1,"column":16},"end":{"line":1,"column":34}},"1":{"start":{"line":2,"column":15},"end":{"line":2,"column":31}},"2":{"start":{"line":3,"column":47},"end":{"line":3,"column":62}},"3":{"start":{"line":4,"column":13},"end":{"line":4,"column":38}},"4":{"start":{"line":7,"column":30},"end":{"line":13,"column":1}},"5":{"start":{"line":8,"column":30},"end":{"line":8,"column":40}},"6":{"start":{"line":9,"column":4},"end":{"line":11,"column":5}},"7":{"start":{"line":10,"column":8},"end":{"line":10,"column":96}},"8":{"start":{"line":12,"column":4},"end":{"line":12,"column":11}},"9":{"start":{"line":16,"column":0},"end":{"line":103,"column":3}},"10":{"start":{"line":22,"column":8},"end":{"line":22,"column":16}},"11":{"start":{"line":24,"column":4},"end":{"line":26,"column":5}},"12":{"start":{"line":25,"column":8},"end":{"line":25,"column":104}},"13":{"start":{"line":28,"column":19},"end":{"line":28,"column":39}},"14":{"start":{"line":29,"column":4},"end":{"line":102,"column":5}},"15":{"start":{"line":30,"column":8},"end":{"line":30,"column":36}},"16":{"start":{"line":33,"column":26},"end":{"line":33,"column":95}},"17":{"start":{"line":34,"column":27},"end":{"line":34,"column":67}},"18":{"start":{"line":36,"column":8},"end":{"line":39,"column":9}},"19":{"start":{"line":37,"column":12},"end":{"line":37,"column":43}},"20":{"start":{"line":38,"column":12},"end":{"line":38,"column":105}},"21":{"start":{"line":40,"column":21},"end":{"line":40,"column":39}},"22":{"start":{"line":41,"column":78},"end":{"line":41,"column":82}},"23":{"start":{"line":44,"column":30},"end":{"line":50,"column":9}},"24":{"start":{"line":51,"column":31},"end":{"line":51,"column":79}},"25":{"start":{"line":52,"column":29},"end":{"line":52,"column":51}},"26":{"start":{"line":55,"column":29},"end":{"line":55,"column":80}},"27":{"start":{"line":55,"column":58},"end":{"line":55,"column":69}},"28":{"start":{"line":56,"column":27},"end":{"line":56,"column":91}},"29":{"start":{"line":57,"column":28},"end":{"line":57,"column":74}},"30":{"start":{"line":59,"column":27},"end":{"line":61,"column":13}},"31":{"start":{"line":60,"column":12},"end":{"line":60,"column":105}},"32":{"start":{"line":64,"column":31},"end":{"line":64,"column":76}},"33":{"start":{"line":65,"column":32},"end":{"line":65,"column":77}},"34":{"start":{"line":66,"column":34},"end":{"line":66,"column":64}},"35":{"start":{"line":68,"column":28},"end":{"line":74,"column":9}},"36":{"start":{"line":75,"column":29},"end":{"line":78,"column":9}},"37":{"start":{"line":80,"column":34},"end":{"line":80,"column":79}},"38":{"start":{"line":81,"column":30},"end":{"line":81,"column":58}},"39":{"start":{"line":84,"column":8},"end":{"line":84,"column":73}},"40":{"start":{"line":86,"column":8},"end":{"line":86,"column":37}},"41":{"start":{"line":88,"column":8},"end":{"line":94,"column":11}},"42":{"start":{"line":97,"column":8},"end":{"line":97,"column":39}},"43":{"start":{"line":98,"column":8},"end":{"line":98,"column":78}},"44":{"start":{"line":99,"column":8},"end":{"line":99,"column":98}},"45":{"start":{"line":101,"column":8},"end":{"line":101,"column":25}},"46":{"start":{"line":106,"column":0},"end":{"line":165,"column":3}},"47":{"start":{"line":107,"column":30},"end":{"line":107,"column":40}},"48":{"start":{"line":109,"column":4},"end":{"line":164,"column":5}},"49":{"start":{"line":110,"column":22},"end":{"line":130,"column":9}},"50":{"start":{"line":131,"column":23},"end":{"line":131,"column":63}},"51":{"start":{"line":133,"column":8},"end":{"line":135,"column":9}},"52":{"start":{"line":134,"column":12},"end":{"line":134,"column":80}},"53":{"start":{"line":137,"column":28},"end":{"line":137,"column":42}},"54":{"start":{"line":140,"column":8},"end":{"line":154,"column":9}},"55":{"start":{"line":141,"column":12},"end":{"line":153,"column":13}},"56":{"start":{"line":142,"column":32},"end":{"line":142,"column":58}},"57":{"start":{"line":143,"column":37},"end":{"line":143,"column":81}},"58":{"start":{"line":143,"column":59},"end":{"line":143,"column":70}},"59":{"start":{"line":144,"column":35},"end":{"line":144,"column":96}},"60":{"start":{"line":145,"column":36},"end":{"line":145,"column":73}},"61":{"start":{"line":148,"column":16},"end":{"line":148,"column":77}},"62":{"start":{"line":148,"column":62},"end":{"line":148,"column":75}},"63":{"start":{"line":151,"column":16},"end":{"line":151,"column":85}},"64":{"start":{"line":152,"column":16},"end":{"line":152,"column":39}},"65":{"start":{"line":157,"column":8},"end":{"line":157,"column":42}},"66":{"start":{"line":159,"column":8},"end":{"line":159,"column":30}},"67":{"start":{"line":162,"column":8},"end":{"line":162,"column":63}},"68":{"start":{"line":163,"column":8},"end":{"line":163,"column":98}},"69":{"start":{"line":168,"column":0},"end":{"line":188,"column":3}},"70":{"start":{"line":169,"column":30},"end":{"line":169,"column":40}},"71":{"start":{"line":171,"column":4},"end":{"line":187,"column":5}},"72":{"start":{"line":172,"column":22},"end":{"line":176,"column":9}},"73":{"start":{"line":177,"column":23},"end":{"line":177,"column":63}},"74":{"start":{"line":179,"column":8},"end":{"line":181,"column":9}},"75":{"start":{"line":180,"column":12},"end":{"line":180,"column":95}},"76":{"start":{"line":183,"column":8},"end":{"line":183,"column":62}},"77":{"start":{"line":185,"column":8},"end":{"line":185,"column":58}},"78":{"start":{"line":186,"column":8},"end":{"line":186,"column":98}},"79":{"start":{"line":191,"column":0},"end":{"line":211,"column":3}},"80":{"start":{"line":192,"column":30},"end":{"line":192,"column":40}},"81":{"start":{"line":194,"column":4},"end":{"line":210,"column":5}},"82":{"start":{"line":195,"column":22},"end":{"line":199,"column":9}},"83":{"start":{"line":200,"column":23},"end":{"line":200,"column":63}},"84":{"start":{"line":202,"column":8},"end":{"line":204,"column":9}},"85":{"start":{"line":203,"column":12},"end":{"line":203,"column":105}},"86":{"start":{"line":206,"column":8},"end":{"line":206,"column":68}},"87":{"start":{"line":208,"column":8},"end":{"line":208,"column":64}},"88":{"start":{"line":209,"column":8},"end":{"line":209,"column":98}},"89":{"start":{"line":214,"column":0},"end":{"line":232,"column":3}},"90":{"start":{"line":215,"column":4},"end":{"line":231,"column":5}},"91":{"start":{"line":216,"column":22},"end":{"line":221,"column":9}},"92":{"start":{"line":222,"column":23},"end":{"line":222,"column":46}},"93":{"start":{"line":224,"column":8},"end":{"line":227,"column":11}},"94":{"start":{"line":229,"column":8},"end":{"line":229,"column":77}},"95":{"start":{"line":230,"column":8},"end":{"line":230,"column":98}},"96":{"start":{"line":234,"column":0},"end":{"line":234,"column":24}}},"fnMap":{"0":{"name":"(anonymous_0)","decl":{"start":{"line":7,"column":30},"end":{"line":7,"column":31}},"loc":{"start":{"line":7,"column":50},"end":{"line":13,"column":1}},"line":7},"1":{"name":"(anonymous_1)","decl":{"start":{"line":16,"column":17},"end":{"line":16,"column":18}},"loc":{"start":{"line":16,"column":37},"end":{"line":103,"column":1}},"line":16},"2":{"name":"(anonymous_2)","decl":{"start":{"line":55,"column":48},"end":{"line":55,"column":49}},"loc":{"start":{"line":55,"column":58},"end":{"line":55,"column":69}},"line":55},"3":{"name":"(anonymous_3)","decl":{"start":{"line":59,"column":51},"end":{"line":59,"column":52}},"loc":{"start":{"line":59,"column":66},"end":{"line":61,"column":9}},"line":59},"4":{"name":"(anonymous_4)","decl":{"start":{"line":106,"column":53},"end":{"line":106,"column":54}},"loc":{"start":{"line":106,"column":73},"end":{"line":165,"column":1}},"line":106},"5":{"name":"(anonymous_5)","decl":{"start":{"line":143,"column":49},"end":{"line":143,"column":50}},"loc":{"start":{"line":143,"column":59},"end":{"line":143,"column":70}},"line":143},"6":{"name":"(anonymous_6)","decl":{"start":{"line":148,"column":57},"end":{"line":148,"column":58}},"loc":{"start":{"line":148,"column":62},"end":{"line":148,"column":75}},"line":148},"7":{"name":"(anonymous_7)","decl":{"start":{"line":168,"column":61},"end":{"line":168,"column":62}},"loc":{"start":{"line":168,"column":81},"end":{"line":188,"column":1}},"line":168},"8":{"name":"(anonymous_8)","decl":{"start":{"line":191,"column":60},"end":{"line":191,"column":61}},"loc":{"start":{"line":191,"column":80},"end":{"line":211,"column":1}},"line":191},"9":{"name":"(anonymous_9)","decl":{"start":{"line":214,"column":31},"end":{"line":214,"column":32}},"loc":{"start":{"line":214,"column":51},"end":{"line":232,"column":1}},"line":214}},"branchMap":{"0":{"loc":{"start":{"line":9,"column":4},"end":{"line":11,"column":5}},"type":"if","locations":[{"start":{"line":9,"column":4},"end":{"line":11,"column":5}},{"start":{},"end":{}}],"line":9},"1":{"loc":{"start":{"line":24,"column":4},"end":{"line":26,"column":5}},"type":"if","locations":[{"start":{"line":24,"column":4},"end":{"line":26,"column":5}},{"start":{},"end":{}}],"line":24},"2":{"loc":{"start":{"line":24,"column":8},"end":{"line":24,"column":53}},"type":"binary-expr","locations":[{"start":{"line":24,"column":8},"end":{"line":24,"column":16}},{"start":{"line":24,"column":20},"end":{"line":24,"column":34}},{"start":{"line":24,"column":38},"end":{"line":24,"column":53}}],"line":24},"3":{"loc":{"start":{"line":36,"column":8},"end":{"line":39,"column":9}},"type":"if","locations":[{"start":{"line":36,"column":8},"end":{"line":39,"column":9}},{"start":{},"end":{}}],"line":36},"4":{"loc":{"start":{"line":64,"column":31},"end":{"line":64,"column":76}},"type":"binary-expr","locations":[{"start":{"line":64,"column":31},"end":{"line":64,"column":70}},{"start":{"line":64,"column":74},"end":{"line":64,"column":76}}],"line":64},"5":{"loc":{"start":{"line":133,"column":8},"end":{"line":135,"column":9}},"type":"if","locations":[{"start":{"line":133,"column":8},"end":{"line":135,"column":9}},{"start":{},"end":{}}],"line":133},"6":{"loc":{"start":{"line":140,"column":8},"end":{"line":154,"column":9}},"type":"if","locations":[{"start":{"line":140,"column":8},"end":{"line":154,"column":9}},{"start":{},"end":{}}],"line":140},"7":{"loc":{"start":{"line":140,"column":12},"end":{"line":140,"column":82}},"type":"binary-expr","locations":[{"start":{"line":140,"column":12},"end":{"line":140,"column":52}},{"start":{"line":140,"column":56},"end":{"line":140,"column":82}}],"line":140},"8":{"loc":{"start":{"line":179,"column":8},"end":{"line":181,"column":9}},"type":"if","locations":[{"start":{"line":179,"column":8},"end":{"line":181,"column":9}},{"start":{},"end":{}}],"line":179},"9":{"loc":{"start":{"line":202,"column":8},"end":{"line":204,"column":9}},"type":"if","locations":[{"start":{"line":202,"column":8},"end":{"line":204,"column":9}},{"start":{},"end":{}}],"line":202}},"s":{"0":1,"1":1,"2":1,"3":1,"4":1,"5":4,"6":4,"7":2,"8":2,"9":1,"10":1,"11":1,"12":0,"13":1,"14":1,"15":1,"16":1,"17":1,"18":1,"19":1,"20":1,"21":0,"22":0,"23":0,"24":0,"25":0,"26":0,"27":0,"28":0,"29":0,"30":0,"31":0,"32":0,"33":0,"34":0,"35":0,"36":0,"37":0,"38":0,"39":0,"40":0,"41":0,"42":0,"43":0,"44":0,"45":1,"46":1,"47":2,"48":2,"49":2,"50":2,"51":2,"52":1,"53":1,"54":1,"55":0,"56":0,"57":0,"58":0,"59":0,"60":0,"61":0,"62":0,"63":0,"64":0,"65":1,"66":1,"67":0,"68":0,"69":1,"70":0,"71":0,"72":0,"73":0,"74":0,"75":0,"76":0,"77":0,"78":0,"79":1,"80":0,"81":0,"82":0,"83":0,"84":0,"85":0,"86":0,"87":0,"88":0,"89":1,"90":0,"91":0,"92":0,"93":0,"94":0,"95":0,"96":1},"f":{"0":4,"1":1,"2":0,"3":0,"4":2,"5":0,"6":0,"7":0,"8":0,"9":0},"b":{"0":[2,2],"1":[0,1],"2":[1,1,1],"3":[1,0],"4":[0,0],"5":[1,1],"6":[0,1],"7":[1,0],"8":[0,0],"9":[0,0]},"_coverageSchema":"1a1c01bbd47fc00a2c39e90264f33305004495a9","hash":"10003f0242d1cda5f747f27d394693113b34d304"}
,"C:\\Users\\renzo\\Desktop\\Proyecto Windsurf\\routes\\routes.js": {"path":"C:\\Users\\renzo\\Desktop\\Proyecto Windsurf\\routes\\routes.js","statementMap":{"0":{"start":{"line":1,"column":16},"end":{"line":1,"column":34}},"1":{"start":{"line":2,"column":15},"end":{"line":2,"column":31}},"2":{"start":{"line":3,"column":13},"end":{"line":3,"column":38}},"3":{"start":{"line":6,"column":19},"end":{"line":12,"column":1}},"4":{"start":{"line":7,"column":4},"end":{"line":11,"column":5}},"5":{"start":{"line":8,"column":8},"end":{"line":8,"column":15}},"6":{"start":{"line":10,"column":8},"end":{"line":10,"column":65}},"7":{"start":{"line":17,"column":0},"end":{"line":25,"column":3}},"8":{"start":{"line":18,"column":4},"end":{"line":24,"column":5}},"9":{"start":{"line":19,"column":23},"end":{"line":19,"column":119}},"10":{"start":{"line":20,"column":8},"end":{"line":20,"column":30}},"11":{"start":{"line":22,"column":8},"end":{"line":22,"column":66}},"12":{"start":{"line":23,"column":8},"end":{"line":23,"column":70}},"13":{"start":{"line":30,"column":0},"end":{"line":38,"column":3}},"14":{"start":{"line":31,"column":4},"end":{"line":37,"column":5}},"15":{"start":{"line":32,"column":23},"end":{"line":32,"column":92}},"16":{"start":{"line":33,"column":8},"end":{"line":33,"column":30}},"17":{"start":{"line":35,"column":8},"end":{"line":35,"column":62}},"18":{"start":{"line":36,"column":8},"end":{"line":36,"column":71}},"19":{"start":{"line":41,"column":0},"end":{"line":68,"column":3}},"20":{"start":{"line":42,"column":61},"end":{"line":42,"column":69}},"21":{"start":{"line":44,"column":4},"end":{"line":46,"column":5}},"22":{"start":{"line":45,"column":8},"end":{"line":45,"column":82}},"23":{"start":{"line":48,"column":4},"end":{"line":67,"column":5}},"24":{"start":{"line":49,"column":30},"end":{"line":52,"column":9}},"25":{"start":{"line":54,"column":8},"end":{"line":56,"column":9}},"26":{"start":{"line":55,"column":12},"end":{"line":55,"column":103}},"27":{"start":{"line":58,"column":23},"end":{"line":61,"column":9}},"28":{"start":{"line":63,"column":8},"end":{"line":63,"column":45}},"29":{"start":{"line":65,"column":8},"end":{"line":65,"column":51}},"30":{"start":{"line":66,"column":8},"end":{"line":66,"column":63}},"31":{"start":{"line":71,"column":0},"end":{"line":103,"column":3}},"32":{"start":{"line":72,"column":19},"end":{"line":72,"column":29}},"33":{"start":{"line":73,"column":61},"end":{"line":73,"column":69}},"34":{"start":{"line":75,"column":4},"end":{"line":102,"column":5}},"35":{"start":{"line":76,"column":36},"end":{"line":76,"column":96}},"36":{"start":{"line":77,"column":8},"end":{"line":79,"column":9}},"37":{"start":{"line":78,"column":12},"end":{"line":78,"column":73}},"38":{"start":{"line":80,"column":30},"end":{"line":80,"column":57}},"39":{"start":{"line":82,"column":23},"end":{"line":87,"column":9}},"40":{"start":{"line":89,"column":23},"end":{"line":92,"column":9}},"41":{"start":{"line":94,"column":8},"end":{"line":96,"column":9}},"42":{"start":{"line":95,"column":12},"end":{"line":95,"column":73}},"43":{"start":{"line":98,"column":8},"end":{"line":98,"column":33}},"44":{"start":{"line":100,"column":8},"end":{"line":100,"column":56}},"45":{"start":{"line":101,"column":8},"end":{"line":101,"column":68}},"46":{"start":{"line":106,"column":0},"end":{"line":126,"column":3}},"47":{"start":{"line":107,"column":19},"end":{"line":107,"column":29}},"48":{"start":{"line":109,"column":4},"end":{"line":125,"column":5}},"49":{"start":{"line":110,"column":31},"end":{"line":110,"column":101}},"50":{"start":{"line":111,"column":8},"end":{"line":113,"column":9}},"51":{"start":{"line":112,"column":12},"end":{"line":112,"column":115}},"52":{"start":{"line":115,"column":23},"end":{"line":115,"column":93}},"53":{"start":{"line":117,"column":8},"end":{"line":119,"column":9}},"54":{"start":{"line":118,"column":12},"end":{"line":118,"column":73}},"55":{"start":{"line":121,"column":8},"end":{"line":121,"column":61}},"56":{"start":{"line":123,"column":8},"end":{"line":123,"column":54}},"57":{"start":{"line":124,"column":8},"end":{"line":124,"column":66}},"58":{"start":{"line":128,"column":0},"end":{"line":128,"column":24}}},"fnMap":{"0":{"name":"(anonymous_0)","decl":{"start":{"line":6,"column":19},"end":{"line":6,"column":20}},"loc":{"start":{"line":6,"column":39},"end":{"line":12,"column":1}},"line":6},"1":{"name":"(anonymous_1)","decl":{"start":{"line":17,"column":25},"end":{"line":17,"column":26}},"loc":{"start":{"line":17,"column":45},"end":{"line":25,"column":1}},"line":17},"2":{"name":"(anonymous_2)","decl":{"start":{"line":30,"column":28},"end":{"line":30,"column":29}},"loc":{"start":{"line":30,"column":48},"end":{"line":38,"column":1}},"line":30},"3":{"name":"(anonymous_3)","decl":{"start":{"line":41,"column":29},"end":{"line":41,"column":30}},"loc":{"start":{"line":41,"column":49},"end":{"line":68,"column":1}},"line":41},"4":{"name":"(anonymous_4)","decl":{"start":{"line":71,"column":31},"end":{"line":71,"column":32}},"loc":{"start":{"line":71,"column":51},"end":{"line":103,"column":1}},"line":71},"5":{"name":"(anonymous_5)","decl":{"start":{"line":106,"column":34},"end":{"line":106,"column":35}},"loc":{"start":{"line":106,"column":54},"end":{"line":126,"column":1}},"line":106}},"branchMap":{"0":{"loc":{"start":{"line":7,"column":4},"end":{"line":11,"column":5}},"type":"if","locations":[{"start":{"line":7,"column":4},"end":{"line":11,"column":5}},{"start":{"line":9,"column":11},"end":{"line":11,"column":5}}],"line":7},"1":{"loc":{"start":{"line":44,"column":4},"end":{"line":46,"column":5}},"type":"if","locations":[{"start":{"line":44,"column":4},"end":{"line":46,"column":5}},{"start":{},"end":{}}],"line":44},"2":{"loc":{"start":{"line":44,"column":8},"end":{"line":44,"column":62}},"type":"binary-expr","locations":[{"start":{"line":44,"column":8},"end":{"line":44,"column":15}},{"start":{"line":44,"column":19},"end":{"line":44,"column":31}},{"start":{"line":44,"column":35},"end":{"line":44,"column":47}},{"start":{"line":44,"column":51},"end":{"line":44,"column":62}}],"line":44},"3":{"loc":{"start":{"line":54,"column":8},"end":{"line":56,"column":9}},"type":"if","locations":[{"start":{"line":54,"column":8},"end":{"line":56,"column":9}},{"start":{},"end":{}}],"line":54},"4":{"loc":{"start":{"line":77,"column":8},"end":{"line":79,"column":9}},"type":"if","locations":[{"start":{"line":77,"column":8},"end":{"line":79,"column":9}},{"start":{},"end":{}}],"line":77},"5":{"loc":{"start":{"line":83,"column":20},"end":{"line":83,"column":59}},"type":"binary-expr","locations":[{"start":{"line":83,"column":20},"end":{"line":83,"column":35}},{"start":{"line":83,"column":39},"end":{"line":83,"column":59}}],"line":83},"6":{"loc":{"start":{"line":84,"column":25},"end":{"line":84,"column":74}},"type":"binary-expr","locations":[{"start":{"line":84,"column":25},"end":{"line":84,"column":45}},{"start":{"line":84,"column":49},"end":{"line":84,"column":74}}],"line":84},"7":{"loc":{"start":{"line":85,"column":25},"end":{"line":85,"column":74}},"type":"binary-expr","locations":[{"start":{"line":85,"column":25},"end":{"line":85,"column":45}},{"start":{"line":85,"column":49},"end":{"line":85,"column":74}}],"line":85},"8":{"loc":{"start":{"line":86,"column":24},"end":{"line":86,"column":71}},"type":"binary-expr","locations":[{"start":{"line":86,"column":24},"end":{"line":86,"column":43}},{"start":{"line":86,"column":47},"end":{"line":86,"column":71}}],"line":86},"9":{"loc":{"start":{"line":94,"column":8},"end":{"line":96,"column":9}},"type":"if","locations":[{"start":{"line":94,"column":8},"end":{"line":96,"column":9}},{"start":{},"end":{}}],"line":94},"10":{"loc":{"start":{"line":111,"column":8},"end":{"line":113,"column":9}},"type":"if","locations":[{"start":{"line":111,"column":8},"end":{"line":113,"column":9}},{"start":{},"end":{}}],"line":111},"11":{"loc":{"start":{"line":117,"column":8},"end":{"line":119,"column":9}},"type":"if","locations":[{"start":{"line":117,"column":8},"end":{"line":119,"column":9}},{"start":{},"end":{}}],"line":117}},"s":{"0":1,"1":1,"2":1,"3":1,"4":0,"5":0,"6":0,"7":1,"8":1,"9":1,"10":1,"11":0,"12":0,"13":1,"14":0,"15":0,"16":0,"17":0,"18":0,"19":1,"20":0,"21":0,"22":0,"23":0,"24":0,"25":0,"26":0,"27":0,"28":0,"29":0,"30":0,"31":1,"32":0,"33":0,"34":0,"35":0,"36":0,"37":0,"38":0,"39":0,"40":0,"41":0,"42":0,"43":0,"44":0,"45":0,"46":1,"47":0,"48":0,"49":0,"50":0,"51":0,"52":0,"53":0,"54":0,"55":0,"56":0,"57":0,"58":1},"f":{"0":0,"1":1,"2":0,"3":0,"4":0,"5":0},"b":{"0":[0,0],"1":[0,0],"2":[0,0,0,0],"3":[0,0],"4":[0,0],"5":[0,0],"6":[0,0],"7":[0,0],"8":[0,0],"9":[0,0],"10":[0,0],"11":[0,0]},"_coverageSchema":"1a1c01bbd47fc00a2c39e90264f33305004495a9","hash":"fe283c9af9c7f452863d318fada9daf5ef5e7d32"}
}
