TN:
SF:server.js
FN:55,(anonymous_0)
FN:79,(anonymous_1)
FN:86,(anonymous_2)
FN:128,(anonymous_3)
FN:138,(anonymous_4)
FN:156,(anonymous_5)
FN:167,startServer
FN:184,(anonymous_7)
FN:185,(anonymous_8)
FNF:9
FNH:4
FNDA:13,(anonymous_0)
FNDA:13,(anonymous_1)
FNDA:13,(anonymous_2)
FNDA:0,(anonymous_3)
FNDA:0,(anonymous_4)
FNDA:0,(anonymous_5)
FNDA:1,startServer
FNDA:0,(anonymous_7)
FNDA:0,(anonymous_8)
DA:1,1
DA:2,1
DA:3,1
DA:4,1
DA:5,1
DA:6,1
DA:7,1
DA:8,1
DA:11,1
DA:12,1
DA:13,1
DA:17,1
DA:18,1
DA:19,1
DA:20,1
DA:21,1
DA:22,1
DA:23,1
DA:24,1
DA:25,1
DA:26,1
DA:28,1
DA:29,1
DA:34,1
DA:50,1
DA:54,1
DA:56,13
DA:57,13
DA:59,0
DA:64,1
DA:67,1
DA:70,1
DA:79,1
DA:80,13
DA:81,13
DA:82,13
DA:84,13
DA:86,13
DA:87,13
DA:88,13
DA:89,13
DA:92,13
DA:98,1
DA:99,0
DA:103,1
DA:104,1
DA:107,1
DA:124,1
DA:127,1
DA:128,0
DA:130,0
DA:131,0
DA:133,0
DA:138,1
DA:139,0
DA:140,0
DA:142,0
DA:147,1
DA:148,1
DA:151,1
DA:152,1
DA:153,1
DA:156,1
DA:157,0
DA:158,0
DA:159,0
DA:161,0
DA:168,1
DA:169,1
DA:170,1
DA:171,1
DA:174,0
DA:175,0
DA:180,1
DA:183,1
DA:184,0
DA:185,0
DA:186,0
DA:191,1
LF:79
LH:61
BRDA:12,0,0,1
BRDA:12,0,1,0
BRDA:29,1,0,1
BRDA:29,1,1,0
BRDA:56,2,0,13
BRDA:56,2,1,0
BRDA:56,3,0,13
BRDA:56,3,1,0
BRDA:98,4,0,0
BRDA:98,4,1,1
BRDA:127,5,0,0
BRDA:127,5,1,1
BRDA:130,6,0,0
BRDA:130,6,1,0
BRDA:130,7,0,0
BRDA:130,7,1,0
BRDA:139,8,0,0
BRDA:139,8,1,0
BRDA:157,9,0,0
BRDA:157,9,1,0
BRDA:183,10,0,0
BRDA:183,10,1,1
BRF:22
BRH:7
end_of_record
TN:
SF:routes\admin.js
FN:7,(anonymous_0)
FN:18,(anonymous_1)
FN:23,(anonymous_2)
FN:64,(anonymous_3)
FN:65,(anonymous_4)
FN:75,(anonymous_5)
FN:82,(anonymous_6)
FN:120,(anonymous_7)
FN:163,(anonymous_8)
FN:190,(anonymous_9)
FN:219,(anonymous_10)
FN:254,(anonymous_11)
FN:295,(anonymous_12)
FN:330,(anonymous_13)
FNF:14
FNH:2
FNDA:1,(anonymous_0)
FNDA:0,(anonymous_1)
FNDA:1,(anonymous_2)
FNDA:0,(anonymous_3)
FNDA:0,(anonymous_4)
FNDA:0,(anonymous_5)
FNDA:0,(anonymous_6)
FNDA:0,(anonymous_7)
FNDA:0,(anonymous_8)
FNDA:0,(anonymous_9)
FNDA:0,(anonymous_10)
FNDA:0,(anonymous_11)
FNDA:0,(anonymous_12)
FNDA:0,(anonymous_13)
DA:1,1
DA:2,1
DA:3,1
DA:4,1
DA:7,1
DA:8,1
DA:9,0
DA:11,1
DA:18,1
DA:19,0
DA:23,1
DA:24,1
DA:27,1
DA:28,0
DA:29,0
DA:32,1
DA:34,1
DA:36,1
DA:37,1
DA:41,0
DA:50,0
DA:54,0
DA:55,0
DA:58,0
DA:59,0
DA:64,1
DA:65,0
DA:66,0
DA:67,0
DA:69,0
DA:70,0
DA:75,1
DA:76,0
DA:82,1
DA:83,0
DA:84,0
DA:92,0
DA:93,0
DA:95,0
DA:96,0
DA:97,0
DA:98,0
DA:99,0
DA:101,0
DA:102,0
DA:103,0
DA:104,0
DA:108,0
DA:110,0
DA:111,0
DA:112,0
DA:114,0
DA:115,0
DA:120,1
DA:121,0
DA:122,0
DA:123,0
DA:134,0
DA:144,0
DA:150,0
DA:157,0
DA:158,0
DA:163,1
DA:164,0
DA:165,0
DA:182,0
DA:184,0
DA:185,0
DA:190,1
DA:191,0
DA:192,0
DA:193,0
DA:207,0
DA:208,0
DA:211,0
DA:213,0
DA:214,0
DA:219,1
DA:220,0
DA:222,0
DA:223,0
DA:226,0
DA:228,0
DA:229,0
DA:230,0
DA:234,0
DA:235,0
DA:236,0
DA:240,0
DA:246,0
DA:248,0
DA:249,0
DA:254,1
DA:255,0
DA:256,0
DA:258,0
DA:259,0
DA:261,0
DA:262,0
DA:263,0
DA:265,0
DA:267,0
DA:277,0
DA:282,0
DA:283,0
DA:286,0
DA:287,0
DA:288,0
DA:290,0
DA:295,1
DA:296,0
DA:297,0
DA:299,0
DA:300,0
DA:302,0
DA:307,0
DA:308,0
DA:311,0
DA:313,0
DA:314,0
DA:317,0
DA:318,0
DA:321,0
DA:322,0
DA:323,0
DA:325,0
DA:330,1
DA:331,0
DA:332,0
DA:334,0
DA:335,0
DA:338,0
DA:339,0
DA:344,0
DA:345,0
DA:348,0
DA:350,0
DA:351,0
DA:355,1
LF:139
LH:26
BRDA:8,0,0,0
BRDA:8,0,1,1
BRDA:27,1,0,0
BRDA:27,1,1,1
BRDA:36,2,0,1
BRDA:36,2,1,0
BRDA:41,3,0,0
BRDA:41,3,1,0
BRDA:66,4,0,0
BRDA:66,4,1,0
BRDA:95,5,0,0
BRDA:95,5,1,0
BRDA:95,6,0,0
BRDA:95,6,1,0
BRDA:97,7,0,0
BRDA:97,7,1,0
BRDA:101,8,0,0
BRDA:101,8,1,0
BRDA:102,9,0,0
BRDA:102,9,1,0
BRDA:207,10,0,0
BRDA:207,10,1,0
BRDA:220,11,0,0
BRDA:220,12,0,0
BRDA:222,13,0,0
BRDA:222,13,1,0
BRDA:222,14,0,0
BRDA:222,14,1,0
BRDA:222,14,2,0
BRDA:222,14,3,0
BRDA:222,14,4,0
BRDA:229,15,0,0
BRDA:229,15,1,0
BRDA:235,16,0,0
BRDA:235,16,1,0
BRDA:262,17,0,0
BRDA:262,17,1,0
BRDA:268,18,0,0
BRDA:268,18,1,0
BRDA:269,19,0,0
BRDA:269,19,1,0
BRDA:270,20,0,0
BRDA:270,20,1,0
BRDA:271,21,0,0
BRDA:271,21,1,0
BRDA:272,22,0,0
BRDA:272,22,1,0
BRDA:273,23,0,0
BRDA:273,23,1,0
BRDA:274,24,0,0
BRDA:274,24,1,0
BRDA:288,25,0,0
BRDA:288,25,1,0
BRDA:307,26,0,0
BRDA:307,26,1,0
BRDA:313,27,0,0
BRDA:313,27,1,0
BRDA:323,28,0,0
BRDA:323,28,1,0
BRDA:334,29,0,0
BRDA:334,29,1,0
BRDA:344,30,0,0
BRDA:344,30,1,0
BRF:63
BRH:3
end_of_record
TN:
SF:routes\buses.js
FN:6,(anonymous_0)
FN:19,(anonymous_1)
FN:56,(anonymous_2)
FN:64,(anonymous_3)
FN:67,(anonymous_4)
FN:92,(anonymous_5)
FN:117,(anonymous_6)
FN:121,(anonymous_7)
FN:125,(anonymous_8)
FN:142,(anonymous_9)
FN:153,(anonymous_10)
FN:168,(anonymous_11)
FN:205,(anonymous_12)
FN:258,(anonymous_13)
FN:295,createSeatsForBus
FN:309,updateSeatsForBus
FNF:16
FNH:0
FNDA:0,(anonymous_0)
FNDA:0,(anonymous_1)
FNDA:0,(anonymous_2)
FNDA:0,(anonymous_3)
FNDA:0,(anonymous_4)
FNDA:0,(anonymous_5)
FNDA:0,(anonymous_6)
FNDA:0,(anonymous_7)
FNDA:0,(anonymous_8)
FNDA:0,(anonymous_9)
FNDA:0,(anonymous_10)
FNDA:0,(anonymous_11)
FNDA:0,(anonymous_12)
FNDA:0,(anonymous_13)
FNDA:0,createSeatsForBus
FNDA:0,updateSeatsForBus
DA:1,1
DA:2,1
DA:3,1
DA:6,1
DA:7,0
DA:8,0
DA:10,0
DA:19,1
DA:20,0
DA:21,0
DA:22,0
DA:25,0
DA:27,0
DA:28,0
DA:30,0
DA:31,0
DA:33,0
DA:36,0
DA:37,0
DA:48,0
DA:49,0
DA:51,0
DA:52,0
DA:56,0
DA:57,0
DA:62,0
DA:63,0
DA:64,0
DA:65,0
DA:66,0
DA:67,0
DA:68,0
DA:72,0
DA:73,0
DA:75,0
DA:83,0
DA:86,0
DA:87,0
DA:92,1
DA:93,0
DA:94,0
DA:96,0
DA:97,0
DA:100,0
DA:101,0
DA:102,0
DA:103,0
DA:105,0
DA:107,0
DA:108,0
DA:110,0
DA:115,0
DA:116,0
DA:117,0
DA:118,0
DA:119,0
DA:120,0
DA:121,0
DA:125,0
DA:130,0
DA:136,0
DA:137,0
DA:142,1
DA:143,0
DA:144,0
DA:145,0
DA:147,0
DA:148,0
DA:153,1
DA:154,0
DA:155,0
DA:156,0
DA:157,0
DA:158,0
DA:160,0
DA:162,0
DA:163,0
DA:168,1
DA:169,0
DA:170,0
DA:171,0
DA:173,0
DA:174,0
DA:175,0
DA:177,0
DA:178,0
DA:179,0
DA:180,0
DA:181,0
DA:182,0
DA:184,0
DA:188,0
DA:189,0
DA:190,0
DA:191,0
DA:193,0
DA:194,0
DA:195,0
DA:198,0
DA:200,0
DA:205,1
DA:206,0
DA:207,0
DA:208,0
DA:210,0
DA:211,0
DA:212,0
DA:213,0
DA:216,0
DA:217,0
DA:218,0
DA:219,0
DA:220,0
DA:222,0
DA:223,0
DA:229,0
DA:230,0
DA:231,0
DA:232,0
DA:235,0
DA:236,0
DA:237,0
DA:238,0
DA:240,0
DA:242,0
DA:246,0
DA:247,0
DA:249,0
DA:250,0
DA:251,0
DA:253,0
DA:258,1
DA:259,0
DA:260,0
DA:261,0
DA:262,0
DA:263,0
DA:270,0
DA:271,0
DA:273,0
DA:274,0
DA:275,0
DA:277,0
DA:278,0
DA:279,0
DA:280,0
DA:282,0
DA:283,0
DA:285,0
DA:286,0
DA:287,0
DA:289,0
DA:297,0
DA:299,0
DA:300,0
DA:302,0
DA:310,0
DA:311,0
DA:314,1
LF:159
LH:12
BRDA:7,0,0,0
BRDA:7,0,1,0
BRDA:21,1,0,0
BRDA:21,1,1,0
BRDA:21,2,0,0
BRDA:21,2,1,0
BRDA:21,2,2,0
BRDA:30,3,0,0
BRDA:30,3,1,0
BRDA:51,4,0,0
BRDA:51,4,1,0
BRDA:65,5,0,0
BRDA:65,5,1,0
BRDA:66,6,0,0
BRDA:66,6,1,0
BRDA:72,7,0,0
BRDA:72,7,1,0
BRDA:73,8,0,0
BRDA:73,8,1,0
BRDA:96,9,0,0
BRDA:96,9,1,0
BRDA:96,10,0,0
BRDA:96,10,1,0
BRDA:102,11,0,0
BRDA:102,11,1,0
BRDA:118,12,0,0
BRDA:118,12,1,0
BRDA:120,13,0,0
BRDA:120,13,1,0
BRDA:127,14,0,0
BRDA:127,14,1,0
BRDA:157,15,0,0
BRDA:157,15,1,0
BRDA:170,16,0,0
BRDA:170,16,1,0
BRDA:170,17,0,0
BRDA:170,17,1,0
BRDA:170,17,2,0
BRDA:174,18,0,0
BRDA:174,18,1,0
BRDA:174,19,0,0
BRDA:174,19,1,0
BRDA:181,20,0,0
BRDA:181,20,1,0
BRDA:195,21,0,0
BRDA:195,21,1,0
BRDA:211,22,0,0
BRDA:211,22,1,0
BRDA:211,23,0,0
BRDA:211,23,1,0
BRDA:219,24,0,0
BRDA:219,24,1,0
BRDA:224,25,0,0
BRDA:224,25,1,0
BRDA:225,26,0,0
BRDA:225,26,1,0
BRDA:226,27,0,0
BRDA:226,27,1,0
BRDA:227,28,0,0
BRDA:227,28,1,0
BRDA:229,29,0,0
BRDA:229,29,1,0
BRDA:231,30,0,0
BRDA:231,30,1,0
BRDA:235,31,0,0
BRDA:235,31,1,0
BRDA:237,32,0,0
BRDA:237,32,1,0
BRDA:251,33,0,0
BRDA:251,33,1,0
BRDA:270,34,0,0
BRDA:270,34,1,0
BRDA:274,35,0,0
BRDA:274,35,1,0
BRDA:279,36,0,0
BRDA:279,36,1,0
BRDA:287,37,0,0
BRDA:287,37,1,0
BRDA:299,38,0,0
BRDA:299,38,1,0
BRDA:300,39,0,0
BRDA:300,39,1,0
BRF:82
BRH:0
end_of_record
TN:
SF:routes\holds.js
FN:8,(anonymous_0)
FN:25,(anonymous_1)
FN:33,(anonymous_2)
FN:37,(anonymous_3)
FN:70,(anonymous_4)
FN:82,(anonymous_5)
FNF:6
FNH:3
FNDA:2,(anonymous_0)
FNDA:0,(anonymous_1)
FNDA:1,(anonymous_2)
FNDA:3,(anonymous_3)
FNDA:0,(anonymous_4)
FNDA:0,(anonymous_5)
DA:1,1
DA:2,1
DA:3,1
DA:5,1
DA:8,1
DA:9,2
DA:11,2
DA:12,0
DA:15,2
DA:16,2
DA:17,2
DA:20,2
DA:24,2
DA:25,2
DA:28,2
DA:32,2
DA:33,2
DA:36,2
DA:37,3
DA:39,2
DA:40,1
DA:41,1
DA:45,1
DA:46,1
DA:51,1
DA:53,1
DA:55,1
DA:61,0
DA:62,0
DA:63,0
DA:65,2
DA:70,1
DA:71,0
DA:72,0
DA:73,0
DA:74,0
DA:76,0
DA:77,0
DA:82,1
DA:83,0
DA:84,0
DA:85,0
DA:86,0
DA:88,0
DA:89,0
DA:93,1
LF:46
LH:30
BRDA:11,0,0,0
BRDA:11,0,1,2
BRDA:11,1,0,2
BRDA:11,1,1,2
BRDA:11,1,2,2
BRDA:11,1,3,2
BRDA:25,2,0,0
BRDA:25,2,1,0
BRDA:33,3,0,1
BRDA:33,3,1,0
BRDA:39,4,0,1
BRDA:39,4,1,1
BRF:12
BRH:8
end_of_record
TN:
SF:routes\reservations.js
FN:7,(anonymous_0)
FN:16,(anonymous_1)
FN:55,(anonymous_2)
FN:59,(anonymous_3)
FN:106,(anonymous_4)
FN:143,(anonymous_5)
FN:148,(anonymous_6)
FN:168,(anonymous_7)
FN:191,(anonymous_8)
FN:214,(anonymous_9)
FNF:10
FNH:3
FNDA:4,(anonymous_0)
FNDA:1,(anonymous_1)
FNDA:0,(anonymous_2)
FNDA:0,(anonymous_3)
FNDA:2,(anonymous_4)
FNDA:0,(anonymous_5)
FNDA:0,(anonymous_6)
FNDA:0,(anonymous_7)
FNDA:0,(anonymous_8)
FNDA:0,(anonymous_9)
DA:1,1
DA:2,1
DA:3,1
DA:4,1
DA:7,1
DA:8,4
DA:9,4
DA:10,2
DA:12,2
DA:16,1
DA:22,1
DA:24,1
DA:25,0
DA:28,1
DA:29,1
DA:30,1
DA:33,1
DA:34,1
DA:36,1
DA:37,1
DA:38,1
DA:40,0
DA:41,0
DA:44,0
DA:51,0
DA:52,0
DA:55,0
DA:56,0
DA:57,0
DA:59,0
DA:60,0
DA:64,0
DA:65,0
DA:66,0
DA:68,0
DA:75,0
DA:80,0
DA:81,0
DA:84,0
DA:86,0
DA:88,0
DA:97,0
DA:98,0
DA:99,0
DA:101,1
DA:106,1
DA:107,2
DA:109,2
DA:110,2
DA:131,2
DA:133,2
DA:134,1
DA:137,1
DA:140,1
DA:141,0
DA:142,0
DA:143,0
DA:144,0
DA:145,0
DA:148,0
DA:151,0
DA:152,0
DA:157,1
DA:159,1
DA:162,0
DA:163,0
DA:168,1
DA:169,0
DA:171,0
DA:172,0
DA:177,0
DA:179,0
DA:180,0
DA:183,0
DA:185,0
DA:186,0
DA:191,1
DA:192,0
DA:194,0
DA:195,0
DA:200,0
DA:202,0
DA:203,0
DA:206,0
DA:208,0
DA:209,0
DA:214,1
DA:215,0
DA:216,0
DA:222,0
DA:224,0
DA:229,0
DA:230,0
DA:234,1
LF:94
LH:36
BRDA:9,0,0,2
BRDA:9,0,1,2
BRDA:24,1,0,0
BRDA:24,1,1,1
BRDA:24,2,0,1
BRDA:24,2,1,1
BRDA:24,2,2,1
BRDA:36,3,0,1
BRDA:36,3,1,0
BRDA:64,4,0,0
BRDA:64,4,1,0
BRDA:133,5,0,1
BRDA:133,5,1,1
BRDA:140,6,0,0
BRDA:140,6,1,1
BRDA:140,7,0,1
BRDA:140,7,1,0
BRDA:179,8,0,0
BRDA:179,8,1,0
BRDA:202,9,0,0
BRDA:202,9,1,0
BRF:21
BRH:11
end_of_record
TN:
SF:routes\routes.js
FN:6,(anonymous_0)
FN:17,(anonymous_1)
FN:30,(anonymous_2)
FN:41,(anonymous_3)
FN:71,(anonymous_4)
FN:106,(anonymous_5)
FNF:6
FNH:1
FNDA:0,(anonymous_0)
FNDA:1,(anonymous_1)
FNDA:0,(anonymous_2)
FNDA:0,(anonymous_3)
FNDA:0,(anonymous_4)
FNDA:0,(anonymous_5)
DA:1,1
DA:2,1
DA:3,1
DA:6,1
DA:7,0
DA:8,0
DA:10,0
DA:17,1
DA:18,1
DA:19,1
DA:20,1
DA:22,0
DA:23,0
DA:30,1
DA:31,0
DA:32,0
DA:33,0
DA:35,0
DA:36,0
DA:41,1
DA:42,0
DA:44,0
DA:45,0
DA:48,0
DA:49,0
DA:54,0
DA:55,0
DA:58,0
DA:63,0
DA:65,0
DA:66,0
DA:71,1
DA:72,0
DA:73,0
DA:75,0
DA:76,0
DA:77,0
DA:78,0
DA:80,0
DA:82,0
DA:89,0
DA:94,0
DA:95,0
DA:98,0
DA:100,0
DA:101,0
DA:106,1
DA:107,0
DA:109,0
DA:110,0
DA:111,0
DA:112,0
DA:115,0
DA:117,0
DA:118,0
DA:121,0
DA:123,0
DA:124,0
DA:128,1
LF:59
LH:13
BRDA:7,0,0,0
BRDA:7,0,1,0
BRDA:44,1,0,0
BRDA:44,1,1,0
BRDA:44,2,0,0
BRDA:44,2,1,0
BRDA:44,2,2,0
BRDA:44,2,3,0
BRDA:54,3,0,0
BRDA:54,3,1,0
BRDA:77,4,0,0
BRDA:77,4,1,0
BRDA:83,5,0,0
BRDA:83,5,1,0
BRDA:84,6,0,0
BRDA:84,6,1,0
BRDA:85,7,0,0
BRDA:85,7,1,0
BRDA:86,8,0,0
BRDA:86,8,1,0
BRDA:94,9,0,0
BRDA:94,9,1,0
BRDA:111,10,0,0
BRDA:111,10,1,0
BRDA:117,11,0,0
BRDA:117,11,1,0
BRF:26
BRH:0
end_of_record
